<?xml version="1.0" encoding="UTF-8"?>
<coverage generated="1722948588694" clover="3.2.0">
  <project timestamp="1722948588694" name="All files">
    <metrics statements="4821" coveredstatements="2460" conditionals="3104" coveredconditionals="1211" methods="1166" coveredmethods="622" elements="9091" coveredelements="4293" complexity="0" loc="4821" ncloc="4821" packages="24" files="58" classes="58"/>
    <package name="src">
      <metrics statements="23" coveredstatements="8" conditionals="12" coveredconditionals="2" methods="9" coveredmethods="5"/>
      <file name="App.js" path="/Users/srinathjagannathan/Projects/active_projects/ac_projects/amazon-connect-chat-interface-enhanced/src/App.js">
        <metrics statements="8" coveredstatements="8" conditionals="2" coveredconditionals="2" methods="5" coveredmethods="5"/>
        <line num="13" count="1" type="stmt"/>
        <line num="16" count="1" type="stmt"/>
        <line num="18" count="1" type="stmt"/>
        <line num="20" count="1" type="stmt"/>
        <line num="30" count="1" type="stmt"/>
        <line num="31" count="1" type="stmt"/>
        <line num="38" count="1" type="stmt"/>
        <line num="43" count="1" type="stmt"/>
      </file>
      <file name="Main.js" path="/Users/srinathjagannathan/Projects/active_projects/ac_projects/amazon-connect-chat-interface-enhanced/src/Main.js">
        <metrics statements="2" coveredstatements="0" conditionals="0" coveredconditionals="0" methods="1" coveredmethods="0"/>
        <line num="8" count="0" type="stmt"/>
        <line num="15" count="0" type="stmt"/>
      </file>
      <file name="index.js" path="/Users/srinathjagannathan/Projects/active_projects/ac_projects/amazon-connect-chat-interface-enhanced/src/index.js">
        <metrics statements="13" coveredstatements="0" conditionals="10" coveredconditionals="0" methods="3" coveredmethods="0"/>
        <line num="14" count="0" type="stmt"/>
        <line num="15" count="0" type="cond" truecount="0" falsecount="2"/>
        <line num="16" count="0" type="cond" truecount="0" falsecount="2"/>
        <line num="17" count="0" type="stmt"/>
        <line num="18" count="0" type="cond" truecount="0" falsecount="2"/>
        <line num="19" count="0" type="stmt"/>
        <line num="23" count="0" type="stmt"/>
        <line num="29" count="0" type="stmt"/>
        <line num="32" count="0" type="stmt"/>
        <line num="34" count="0" type="stmt"/>
        <line num="38" count="0" type="stmt"/>
        <line num="39" count="0" type="stmt"/>
        <line num="44" count="0" type="stmt"/>
      </file>
    </package>
    <package name="src.assets.fonts">
      <metrics statements="1" coveredstatements="0" conditionals="0" coveredconditionals="0" methods="0" coveredmethods="0"/>
      <file name="index.js" path="/Users/srinathjagannathan/Projects/active_projects/ac_projects/amazon-connect-chat-interface-enhanced/src/assets/fonts/index.js">
        <metrics statements="1" coveredstatements="0" conditionals="0" coveredconditionals="0" methods="0" coveredmethods="0"/>
        <line num="18" count="0" type="stmt"/>
      </file>
    </package>
    <package name="src.assets.images">
      <metrics statements="0" coveredstatements="0" conditionals="0" coveredconditionals="0" methods="0" coveredmethods="0"/>
      <file name="index.js" path="/Users/srinathjagannathan/Projects/active_projects/ac_projects/amazon-connect-chat-interface-enhanced/src/assets/images/index.js">
        <metrics statements="0" coveredstatements="0" conditionals="0" coveredconditionals="0" methods="0" coveredmethods="0"/>
      </file>
    </package>
    <package name="src.components.Chat">
      <metrics statements="573" coveredstatements="177" conditionals="299" coveredconditionals="75" methods="189" coveredmethods="53"/>
      <file name="Chat.js" path="/Users/srinathjagannathan/Projects/active_projects/ac_projects/amazon-connect-chat-interface-enhanced/src/components/Chat/Chat.js">
        <metrics statements="60" coveredstatements="43" conditionals="24" coveredconditionals="18" methods="26" coveredmethods="12"/>
        <line num="16" count="3" type="stmt"/>
        <line num="30" count="3" type="stmt"/>
        <line num="42" count="3" type="stmt"/>
        <line num="54" count="6" type="stmt"/>
        <line num="59" count="3" type="stmt"/>
        <line num="67" count="3" type="stmt"/>
        <line num="72" count="3" type="stmt"/>
        <line num="75" count="3" type="stmt"/>
        <line num="90" count="3" type="stmt"/>
        <line num="96" count="3" type="stmt"/>
        <line num="98" count="3" type="cond" truecount="1" falsecount="1"/>
        <line num="99" count="0" type="stmt"/>
        <line num="101" count="3" type="stmt"/>
        <line num="105" count="3" type="stmt"/>
        <line num="106" count="3" type="stmt"/>
        <line num="110" count="5" type="stmt"/>
        <line num="112" count="5" type="stmt"/>
        <line num="118" count="5" type="stmt"/>
        <line num="119" count="5" type="stmt"/>
        <line num="120" count="5" type="stmt"/>
        <line num="121" count="5" type="stmt"/>
        <line num="122" count="5" type="cond" truecount="4" falsecount="0"/>
        <line num="123" count="4" type="stmt"/>
        <line num="127" count="3" type="stmt"/>
        <line num="133" count="3" type="stmt"/>
        <line num="138" count="6" type="stmt"/>
        <line num="144" count="6" type="stmt"/>
        <line num="145" count="6" type="stmt"/>
        <line num="146" count="6" type="cond" truecount="1" falsecount="1"/>
        <line num="147" count="0" type="stmt"/>
        <line num="149" count="6" type="cond" truecount="2" falsecount="0"/>
        <line num="153" count="9" type="cond" truecount="1" falsecount="1"/>
        <line num="154" count="0" type="stmt"/>
        <line num="155" count="0" type="stmt"/>
        <line num="157" count="9" type="cond" truecount="2" falsecount="2"/>
        <line num="159" count="0" type="stmt"/>
        <line num="164" count="3" type="stmt"/>
        <line num="168" count="6" type="stmt"/>
        <line num="169" count="6" type="stmt"/>
        <line num="170" count="6" type="stmt"/>
        <line num="171" count="6" type="stmt"/>
        <line num="175" count="3" type="stmt"/>
        <line num="176" count="3" type="stmt"/>
        <line num="177" count="3" type="stmt"/>
        <line num="181" count="0" type="stmt"/>
        <line num="182" count="0" type="stmt"/>
        <line num="186" count="0" type="stmt"/>
        <line num="187" count="0" type="stmt"/>
        <line num="197" count="14" type="stmt"/>
        <line num="198" count="14" type="stmt"/>
        <line num="200" count="14" type="stmt"/>
        <line num="208" count="0" type="stmt"/>
        <line num="209" count="0" type="stmt"/>
        <line num="210" count="0" type="stmt"/>
        <line num="217" count="1" type="stmt"/>
        <line num="222" count="0" type="stmt"/>
        <line num="223" count="0" type="stmt"/>
        <line num="224" count="0" type="stmt"/>
        <line num="230" count="0" type="stmt"/>
        <line num="231" count="0" type="stmt"/>
      </file>
      <file name="ChatContainer.js" path="/Users/srinathjagannathan/Projects/active_projects/ac_projects/amazon-connect-chat-interface-enhanced/src/components/Chat/ChatContainer.js">
        <metrics statements="59" coveredstatements="31" conditionals="42" coveredconditionals="14" methods="16" coveredmethods="8"/>
        <line num="19" count="2" type="stmt"/>
        <line num="28" count="2" type="stmt"/>
        <line num="33" count="2" type="stmt"/>
        <line num="34" count="5" type="stmt"/>
        <line num="38" count="2" type="stmt"/>
        <line num="39" count="2" type="stmt"/>
        <line num="45" count="3" type="stmt"/>
        <line num="46" count="3" type="stmt"/>
        <line num="53" count="3" type="stmt"/>
        <line num="54" count="3" type="stmt"/>
        <line num="56" count="3" type="stmt"/>
        <line num="57" count="3" type="stmt"/>
        <line num="59" count="3" type="cond" truecount="1" falsecount="1"/>
        <line num="60" count="3" type="stmt"/>
        <line num="67" count="3" type="stmt"/>
        <line num="68" count="3" type="stmt"/>
        <line num="72" count="0" type="stmt"/>
        <line num="74" count="0" type="stmt"/>
        <line num="75" count="0" type="stmt"/>
        <line num="76" count="0" type="stmt"/>
        <line num="77" count="0" type="cond" truecount="0" falsecount="2"/>
        <line num="78" count="0" type="cond" truecount="0" falsecount="2"/>
        <line num="80" count="0" type="stmt"/>
        <line num="89" count="0" type="cond" truecount="0" falsecount="2"/>
        <line num="91" count="0" type="stmt"/>
        <line num="92" count="0" type="cond" truecount="0" falsecount="2"/>
        <line num="97" count="0" type="stmt"/>
        <line num="98" count="0" type="stmt"/>
        <line num="99" count="0" type="stmt"/>
        <line num="101" count="0" type="stmt"/>
        <line num="102" count="0" type="stmt"/>
        <line num="107" count="2" type="stmt"/>
        <line num="115" count="2" type="stmt"/>
        <line num="116" count="2" type="stmt"/>
        <line num="137" count="2" type="stmt"/>
        <line num="139" count="2" type="stmt"/>
        <line num="141" count="2" type="stmt"/>
        <line num="142" count="1" type="stmt"/>
        <line num="144" count="0" type="cond" truecount="0" falsecount="4"/>
        <line num="146" count="0" type="cond" truecount="0" falsecount="2"/>
        <line num="147" count="0" type="cond" truecount="0" falsecount="2"/>
        <line num="149" count="0" type="stmt"/>
        <line num="158" count="0" type="cond" truecount="0" falsecount="2"/>
        <line num="160" count="2" type="stmt"/>
        <line num="161" count="2" type="cond" truecount="2" falsecount="0"/>
        <line num="166" count="1" type="stmt"/>
        <line num="167" count="0" type="stmt"/>
        <line num="168" count="0" type="stmt"/>
        <line num="170" count="0" type="stmt"/>
        <line num="171" count="0" type="stmt"/>
        <line num="175" count="3" type="stmt"/>
        <line num="176" count="0" type="stmt"/>
        <line num="177" count="0" type="cond" truecount="0" falsecount="2"/>
        <line num="181" count="7" type="cond" truecount="4" falsecount="0"/>
        <line num="182" count="5" type="stmt"/>
        <line num="189" count="2" type="cond" truecount="1" falsecount="1"/>
        <line num="190" count="2" type="stmt"/>
        <line num="201" count="0" type="stmt"/>
        <line num="204" count="0" type="stmt"/>
      </file>
      <file name="ChatEvents.js" path="/Users/srinathjagannathan/Projects/active_projects/ac_projects/amazon-connect-chat-interface-enhanced/src/components/Chat/ChatEvents.js">
        <metrics statements="31" coveredstatements="31" conditionals="6" coveredconditionals="5" methods="22" coveredmethods="22"/>
        <line num="8" count="4" type="stmt"/>
        <line num="9" count="4" type="stmt"/>
        <line num="10" count="4" type="stmt"/>
        <line num="11" count="4" type="stmt"/>
        <line num="15" count="4" type="stmt"/>
        <line num="16" count="4" type="stmt"/>
        <line num="19" count="4" type="stmt"/>
        <line num="29" count="1" type="stmt"/>
        <line num="30" count="1" type="stmt"/>
        <line num="35" count="1" type="stmt"/>
        <line num="36" count="1" type="stmt"/>
        <line num="41" count="1" type="stmt"/>
        <line num="42" count="1" type="stmt"/>
        <line num="47" count="1" type="stmt"/>
        <line num="48" count="1" type="stmt"/>
        <line num="52" count="1" type="stmt"/>
        <line num="53" count="1" type="stmt"/>
        <line num="58" count="1" type="stmt"/>
        <line num="59" count="1" type="stmt"/>
        <line num="64" count="6" type="cond" truecount="1" falsecount="1"/>
        <line num="65" count="6" type="stmt"/>
        <line num="70" count="6" type="stmt"/>
        <line num="71" count="6" type="stmt"/>
        <line num="76" count="1" type="stmt"/>
        <line num="80" count="1" type="stmt"/>
        <line num="84" count="1" type="stmt"/>
        <line num="88" count="1" type="stmt"/>
        <line num="91" count="1" type="stmt"/>
        <line num="94" count="1" type="stmt"/>
        <line num="98" count="3" type="cond" truecount="2" falsecount="0"/>
        <line num="99" count="3" type="cond" truecount="2" falsecount="0"/>
      </file>
      <file name="ChatInitiator.js" path="/Users/srinathjagannathan/Projects/active_projects/ac_projects/amazon-connect-chat-interface-enhanced/src/components/Chat/ChatInitiator.js">
        <metrics statements="21" coveredstatements="17" conditionals="16" coveredconditionals="9" methods="3" coveredmethods="3"/>
        <line num="8" count="10" type="stmt"/>
        <line num="9" count="10" type="stmt"/>
        <line num="11" count="10" type="stmt"/>
        <line num="35" count="10" type="stmt"/>
        <line num="44" count="10" type="cond" truecount="1" falsecount="1"/>
        <line num="45" count="0" type="cond" truecount="0" falsecount="4"/>
        <line num="46" count="0" type="stmt"/>
        <line num="53" count="10" type="stmt"/>
        <line num="54" count="10" type="cond" truecount="1" falsecount="1"/>
        <line num="55" count="0" type="stmt"/>
        <line num="58" count="10" type="cond" truecount="1" falsecount="1"/>
        <line num="59" count="0" type="stmt"/>
        <line num="65" count="10" type="cond" truecount="2" falsecount="0"/>
        <line num="66" count="3" type="stmt"/>
        <line num="69" count="10" type="cond" truecount="2" falsecount="0"/>
        <line num="70" count="2" type="stmt"/>
        <line num="73" count="10" type="stmt"/>
        <line num="75" count="10" type="cond" truecount="2" falsecount="0"/>
        <line num="76" count="7" type="stmt"/>
        <line num="79" count="10" type="stmt"/>
        <line num="87" count="9" type="stmt"/>
      </file>
      <file name="ChatInterface.js" path="/Users/srinathjagannathan/Projects/active_projects/ac_projects/amazon-connect-chat-interface-enhanced/src/components/Chat/ChatInterface.js">
        <metrics statements="12" coveredstatements="4" conditionals="8" coveredconditionals="3" methods="3" coveredmethods="0"/>
        <line num="11" count="2" type="stmt"/>
        <line num="21" count="0" type="stmt"/>
        <line num="22" count="0" type="stmt"/>
        <line num="26" count="0" type="stmt"/>
        <line num="27" count="0" type="stmt"/>
        <line num="31" count="2" type="cond" truecount="1" falsecount="1"/>
        <line num="32" count="2" type="cond" truecount="2" falsecount="0"/>
        <line num="35" count="2" type="stmt"/>
        <line num="36" count="0" type="cond" truecount="0" falsecount="2"/>
        <line num="37" count="0" type="stmt"/>
        <line num="38" count="0" type="cond" truecount="0" falsecount="2"/>
        <line num="39" count="0" type="stmt"/>
      </file>
      <file name="ChatSession.js" path="/Users/srinathjagannathan/Projects/active_projects/ac_projects/amazon-connect-chat-interface-enhanced/src/components/Chat/ChatSession.js">
        <metrics statements="352" coveredstatements="14" conditionals="175" coveredconditionals="0" methods="112" coveredmethods="2"/>
        <line num="12" count="3" type="stmt"/>
        <line num="13" count="3" type="stmt"/>
        <line num="16" count="25" type="stmt"/>
        <line num="22" count="25" type="cond" truecount="0" falsecount="2"/>
        <line num="39" count="0" type="stmt"/>
        <line num="43" count="0" type="stmt"/>
        <line num="47" count="0" type="stmt"/>
        <line num="51" count="0" type="stmt"/>
        <line num="55" count="0" type="stmt"/>
        <line num="59" count="0" type="stmt"/>
        <line num="63" count="0" type="stmt"/>
        <line num="67" count="0" type="stmt"/>
        <line num="71" count="0" type="stmt"/>
        <line num="75" count="0" type="stmt"/>
        <line num="79" count="0" type="stmt"/>
        <line num="83" count="0" type="stmt"/>
        <line num="87" count="0" type="stmt"/>
        <line num="91" count="0" type="stmt"/>
        <line num="95" count="0" type="stmt"/>
        <line num="99" count="0" type="stmt"/>
        <line num="103" count="0" type="stmt"/>
        <line num="109" count="0" type="stmt"/>
        <line num="119" count="0" type="stmt"/>
        <line num="131" count="0" type="stmt"/>
        <line num="138" count="0" type="stmt"/>
        <line num="142" count="0" type="stmt"/>
        <line num="146" count="0" type="stmt"/>
        <line num="151" count="25" type="stmt"/>
        <line num="152" count="25" type="stmt"/>
        <line num="153" count="25" type="stmt"/>
        <line num="154" count="25" type="stmt"/>
        <line num="155" count="25" type="stmt"/>
        <line num="156" count="25" type="stmt"/>
        <line num="157" count="25" type="stmt"/>
        <line num="165" count="25" type="stmt"/>
        <line num="167" count="25" type="stmt"/>
        <line num="179" count="25" type="stmt"/>
        <line num="180" count="0" type="stmt"/>
        <line num="181" count="0" type="stmt"/>
        <line num="185" count="0" type="cond" truecount="0" falsecount="2"/>
        <line num="186" count="0" type="cond" truecount="0" falsecount="2"/>
        <line num="187" count="0" type="stmt"/>
        <line num="191" count="0" type="cond" truecount="0" falsecount="2"/>
        <line num="192" count="0" type="stmt"/>
        <line num="195" count="0" type="cond" truecount="0" falsecount="4"/>
        <line num="196" count="0" type="stmt"/>
        <line num="204" count="0" type="stmt"/>
        <line num="205" count="0" type="stmt"/>
        <line num="210" count="0" type="stmt"/>
        <line num="211" count="0" type="stmt"/>
        <line num="216" count="0" type="stmt"/>
        <line num="217" count="0" type="stmt"/>
        <line num="222" count="0" type="stmt"/>
        <line num="223" count="0" type="stmt"/>
        <line num="229" count="0" type="stmt"/>
        <line num="233" count="0" type="stmt"/>
        <line num="238" count="0" type="stmt"/>
        <line num="239" count="0" type="stmt"/>
        <line num="240" count="0" type="stmt"/>
        <line num="242" count="0" type="stmt"/>
        <line num="243" count="0" type="stmt"/>
        <line num="246" count="0" type="stmt"/>
        <line num="247" count="0" type="stmt"/>
        <line num="253" count="0" type="stmt"/>
        <line num="254" count="0" type="stmt"/>
        <line num="255" count="0" type="stmt"/>
        <line num="256" count="0" type="stmt"/>
        <line num="260" count="0" type="stmt"/>
        <line num="264" count="0" type="cond" truecount="0" falsecount="2"/>
        <line num="265" count="0" type="stmt"/>
        <line num="269" count="0" type="cond" truecount="0" falsecount="2"/>
        <line num="270" count="0" type="stmt"/>
        <line num="274" count="0" type="cond" truecount="0" falsecount="2"/>
        <line num="275" count="0" type="stmt"/>
        <line num="283" count="0" type="stmt"/>
        <line num="284" count="0" type="cond" truecount="0" falsecount="2"/>
        <line num="285" count="0" type="stmt"/>
        <line num="286" count="0" type="stmt"/>
        <line num="287" count="0" type="stmt"/>
        <line num="289" count="0" type="cond" truecount="0" falsecount="4"/>
        <line num="291" count="0" type="stmt"/>
        <line num="297" count="0" type="stmt"/>
        <line num="298" count="0" type="stmt"/>
        <line num="301" count="0" type="stmt"/>
        <line num="305" count="0" type="stmt"/>
        <line num="313" count="0" type="stmt"/>
        <line num="315" count="0" type="cond" truecount="0" falsecount="2"/>
        <line num="317" count="0" type="cond" truecount="0" falsecount="2"/>
        <line num="319" count="0" type="stmt"/>
        <line num="321" count="0" type="stmt"/>
        <line num="324" count="0" type="stmt"/>
        <line num="325" count="0" type="stmt"/>
        <line num="326" count="0" type="cond" truecount="0" falsecount="2"/>
        <line num="328" count="0" type="stmt"/>
        <line num="329" count="0" type="stmt"/>
        <line num="332" count="0" type="stmt"/>
        <line num="334" count="0" type="stmt"/>
        <line num="339" count="0" type="stmt"/>
        <line num="340" count="0" type="stmt"/>
        <line num="341" count="0" type="cond" truecount="0" falsecount="2"/>
        <line num="342" count="0" type="stmt"/>
        <line num="346" count="0" type="stmt"/>
        <line num="347" count="0" type="stmt"/>
        <line num="350" count="0" type="stmt"/>
        <line num="351" count="0" type="stmt"/>
        <line num="352" count="0" type="stmt"/>
        <line num="353" count="0" type="stmt"/>
        <line num="356" count="0" type="stmt"/>
        <line num="361" count="0" type="cond" truecount="0" falsecount="2"/>
        <line num="362" count="0" type="cond" truecount="0" falsecount="2"/>
        <line num="363" count="0" type="stmt"/>
        <line num="365" count="0" type="stmt"/>
        <line num="366" count="0" type="stmt"/>
        <line num="367" count="0" type="stmt"/>
        <line num="368" count="0" type="stmt"/>
        <line num="369" count="0" type="stmt"/>
        <line num="370" count="0" type="stmt"/>
        <line num="375" count="0" type="stmt"/>
        <line num="380" count="0" type="stmt"/>
        <line num="384" count="0" type="stmt"/>
        <line num="388" count="0" type="stmt"/>
        <line num="389" count="0" type="stmt"/>
        <line num="390" count="0" type="stmt"/>
        <line num="391" count="0" type="stmt"/>
        <line num="392" count="0" type="stmt"/>
        <line num="393" count="0" type="stmt"/>
        <line num="399" count="0" type="cond" truecount="0" falsecount="2"/>
        <line num="400" count="0" type="cond" truecount="0" falsecount="2"/>
        <line num="401" count="0" type="stmt"/>
        <line num="406" count="0" type="cond" truecount="0" falsecount="2"/>
        <line num="407" count="0" type="stmt"/>
        <line num="408" count="0" type="cond" truecount="0" falsecount="2"/>
        <line num="409" count="0" type="stmt"/>
        <line num="414" count="0" type="cond" truecount="0" falsecount="2"/>
        <line num="415" count="0" type="stmt"/>
        <line num="416" count="0" type="stmt"/>
        <line num="421" count="0" type="stmt"/>
        <line num="422" count="0" type="stmt"/>
        <line num="426" count="0" type="stmt"/>
        <line num="427" count="0" type="stmt"/>
        <line num="431" count="0" type="stmt"/>
        <line num="432" count="0" type="stmt"/>
        <line num="436" count="0" type="stmt"/>
        <line num="437" count="0" type="stmt"/>
        <line num="439" count="0" type="stmt"/>
        <line num="440" count="0" type="stmt"/>
        <line num="442" count="0" type="stmt"/>
        <line num="443" count="0" type="stmt"/>
        <line num="445" count="0" type="stmt"/>
        <line num="446" count="0" type="stmt"/>
        <line num="448" count="0" type="stmt"/>
        <line num="449" count="0" type="stmt"/>
        <line num="451" count="0" type="stmt"/>
        <line num="452" count="0" type="stmt"/>
        <line num="454" count="0" type="stmt"/>
        <line num="455" count="0" type="stmt"/>
        <line num="457" count="0" type="stmt"/>
        <line num="458" count="0" type="stmt"/>
        <line num="461" count="0" type="stmt"/>
        <line num="462" count="0" type="stmt"/>
        <line num="464" count="0" type="stmt"/>
        <line num="465" count="0" type="stmt"/>
        <line num="470" count="0" type="stmt"/>
        <line num="471" count="0" type="stmt"/>
        <line num="472" count="0" type="cond" truecount="0" falsecount="2"/>
        <line num="473" count="0" type="cond" truecount="0" falsecount="2"/>
        <line num="479" count="0" type="stmt"/>
        <line num="480" count="0" type="stmt"/>
        <line num="482" count="0" type="stmt"/>
        <line num="484" count="0" type="cond" truecount="0" falsecount="2"/>
        <line num="485" count="0" type="stmt"/>
        <line num="488" count="0" type="stmt"/>
        <line num="494" count="0" type="stmt"/>
        <line num="495" count="0" type="stmt"/>
        <line num="503" count="0" type="cond" truecount="0" falsecount="2"/>
        <line num="504" count="0" type="stmt"/>
        <line num="506" count="0" type="stmt"/>
        <line num="509" count="0" type="stmt"/>
        <line num="510" count="0" type="stmt"/>
        <line num="511" count="0" type="stmt"/>
        <line num="512" count="0" type="stmt"/>
        <line num="513" count="0" type="stmt"/>
        <line num="516" count="0" type="stmt"/>
        <line num="517" count="0" type="cond" truecount="0" falsecount="4"/>
        <line num="518" count="0" type="stmt"/>
        <line num="519" count="0" type="stmt"/>
        <line num="521" count="0" type="stmt"/>
        <line num="524" count="0" type="stmt"/>
        <line num="529" count="0" type="stmt"/>
        <line num="530" count="0" type="stmt"/>
        <line num="532" count="0" type="stmt"/>
        <line num="533" count="0" type="stmt"/>
        <line num="535" count="0" type="cond" truecount="0" falsecount="2"/>
        <line num="536" count="0" type="cond" truecount="0" falsecount="2"/>
        <line num="537" count="0" type="stmt"/>
        <line num="539" count="0" type="stmt"/>
        <line num="541" count="0" type="stmt"/>
        <line num="542" count="0" type="cond" truecount="0" falsecount="2"/>
        <line num="543" count="0" type="stmt"/>
        <line num="544" count="0" type="cond" truecount="0" falsecount="4"/>
        <line num="545" count="0" type="stmt"/>
        <line num="555" count="0" type="cond" truecount="0" falsecount="2"/>
        <line num="556" count="0" type="stmt"/>
        <line num="557" count="0" type="stmt"/>
        <line num="562" count="0" type="stmt"/>
        <line num="565" count="0" type="cond" truecount="0" falsecount="2"/>
        <line num="567" count="0" type="cond" truecount="0" falsecount="2"/>
        <line num="568" count="0" type="cond" truecount="0" falsecount="2"/>
        <line num="571" count="0" type="stmt"/>
        <line num="576" count="0" type="stmt"/>
        <line num="577" count="0" type="cond" truecount="0" falsecount="2"/>
        <line num="578" count="0" type="stmt"/>
        <line num="580" count="0" type="stmt"/>
        <line num="581" count="0" type="stmt"/>
        <line num="582" count="0" type="stmt"/>
        <line num="583" count="0" type="stmt"/>
        <line num="584" count="0" type="cond" truecount="0" falsecount="2"/>
        <line num="585" count="0" type="stmt"/>
        <line num="586" count="0" type="stmt"/>
        <line num="587" count="0" type="stmt"/>
        <line num="597" count="0" type="stmt"/>
        <line num="602" count="0" type="cond" truecount="0" falsecount="2"/>
        <line num="604" count="0" type="stmt"/>
        <line num="605" count="0" type="stmt"/>
        <line num="610" count="0" type="stmt"/>
        <line num="611" count="0" type="stmt"/>
        <line num="612" count="0" type="stmt"/>
        <line num="614" count="0" type="cond" truecount="0" falsecount="2"/>
        <line num="615" count="0" type="cond" truecount="0" falsecount="2"/>
        <line num="616" count="0" type="stmt"/>
        <line num="618" count="0" type="stmt"/>
        <line num="619" count="0" type="stmt"/>
        <line num="620" count="0" type="stmt"/>
        <line num="621" count="0" type="stmt"/>
        <line num="630" count="0" type="stmt"/>
        <line num="631" count="0" type="cond" truecount="0" falsecount="2"/>
        <line num="632" count="0" type="stmt"/>
        <line num="633" count="0" type="cond" truecount="0" falsecount="2"/>
        <line num="634" count="0" type="stmt"/>
        <line num="635" count="0" type="cond" truecount="0" falsecount="2"/>
        <line num="636" count="0" type="cond" truecount="0" falsecount="2"/>
        <line num="642" count="0" type="stmt"/>
        <line num="649" count="0" type="cond" truecount="0" falsecount="2"/>
        <line num="650" count="0" type="stmt"/>
        <line num="654" count="0" type="cond" truecount="0" falsecount="2"/>
        <line num="658" count="0" type="stmt"/>
        <line num="660" count="0" type="cond" truecount="0" falsecount="2"/>
        <line num="661" count="0" type="stmt"/>
        <line num="664" count="0" type="stmt"/>
        <line num="666" count="0" type="stmt"/>
        <line num="668" count="0" type="stmt"/>
        <line num="669" count="0" type="stmt"/>
        <line num="670" count="0" type="stmt"/>
        <line num="671" count="0" type="stmt"/>
        <line num="672" count="0" type="stmt"/>
        <line num="673" count="0" type="stmt"/>
        <line num="674" count="0" type="cond" truecount="0" falsecount="6"/>
        <line num="675" count="0" type="cond" truecount="0" falsecount="2"/>
        <line num="677" count="0" type="stmt"/>
        <line num="680" count="0" type="stmt"/>
        <line num="681" count="0" type="cond" truecount="0" falsecount="2"/>
        <line num="682" count="0" type="stmt"/>
        <line num="684" count="0" type="stmt"/>
        <line num="686" count="0" type="stmt"/>
        <line num="687" count="0" type="stmt"/>
        <line num="691" count="0" type="stmt"/>
        <line num="692" count="0" type="stmt"/>
        <line num="694" count="0" type="stmt"/>
        <line num="695" count="0" type="stmt"/>
        <line num="700" count="0" type="cond" truecount="0" falsecount="4"/>
        <line num="701" count="0" type="stmt"/>
        <line num="702" count="0" type="cond" truecount="0" falsecount="2"/>
        <line num="705" count="0" type="cond" truecount="0" falsecount="2"/>
        <line num="706" count="0" type="stmt"/>
        <line num="709" count="0" type="cond" truecount="0" falsecount="4"/>
        <line num="710" count="0" type="stmt"/>
        <line num="714" count="0" type="stmt"/>
        <line num="715" count="0" type="cond" truecount="0" falsecount="5"/>
        <line num="719" count="0" type="stmt"/>
        <line num="723" count="0" type="stmt"/>
        <line num="724" count="0" type="stmt"/>
        <line num="725" count="0" type="stmt"/>
        <line num="726" count="0" type="cond" truecount="0" falsecount="2"/>
        <line num="728" count="0" type="cond" truecount="0" falsecount="2"/>
        <line num="729" count="0" type="stmt"/>
        <line num="730" count="0" type="stmt"/>
        <line num="731" count="0" type="stmt"/>
        <line num="732" count="0" type="cond" truecount="0" falsecount="4"/>
        <line num="733" count="0" type="stmt"/>
        <line num="734" count="0" type="cond" truecount="0" falsecount="2"/>
        <line num="735" count="0" type="stmt"/>
        <line num="738" count="0" type="stmt"/>
        <line num="740" count="0" type="cond" truecount="0" falsecount="2"/>
        <line num="741" count="0" type="stmt"/>
        <line num="745" count="0" type="cond" truecount="0" falsecount="2"/>
        <line num="751" count="0" type="stmt"/>
        <line num="752" count="0" type="cond" truecount="0" falsecount="2"/>
        <line num="753" count="0" type="stmt"/>
        <line num="755" count="0" type="stmt"/>
        <line num="759" count="0" type="stmt"/>
        <line num="760" count="0" type="cond" truecount="0" falsecount="2"/>
        <line num="761" count="0" type="stmt"/>
        <line num="763" count="0" type="stmt"/>
        <line num="767" count="0" type="stmt"/>
        <line num="768" count="0" type="stmt"/>
        <line num="769" count="0" type="stmt"/>
        <line num="770" count="0" type="stmt"/>
        <line num="771" count="0" type="cond" truecount="0" falsecount="5"/>
        <line num="772" count="0" type="stmt"/>
        <line num="773" count="0" type="stmt"/>
        <line num="776" count="0" type="stmt"/>
        <line num="780" count="0" type="stmt"/>
        <line num="781" count="0" type="stmt"/>
        <line num="782" count="0" type="stmt"/>
        <line num="783" count="0" type="stmt"/>
        <line num="785" count="0" type="cond" truecount="0" falsecount="4"/>
        <line num="786" count="0" type="stmt"/>
        <line num="787" count="0" type="stmt"/>
        <line num="790" count="0" type="stmt"/>
        <line num="794" count="0" type="stmt"/>
        <line num="799" count="0" type="stmt"/>
        <line num="800" count="0" type="stmt"/>
        <line num="801" count="0" type="stmt"/>
        <line num="807" count="0" type="stmt"/>
        <line num="808" count="0" type="cond" truecount="0" falsecount="2"/>
        <line num="809" count="0" type="stmt"/>
        <line num="811" count="0" type="stmt"/>
        <line num="812" count="0" type="stmt"/>
        <line num="813" count="0" type="stmt"/>
        <line num="815" count="0" type="stmt"/>
        <line num="816" count="0" type="stmt"/>
        <line num="817" count="0" type="stmt"/>
        <line num="818" count="0" type="cond" truecount="0" falsecount="2"/>
        <line num="819" count="0" type="stmt"/>
        <line num="821" count="0" type="stmt"/>
        <line num="824" count="0" type="stmt"/>
        <line num="825" count="0" type="stmt"/>
        <line num="826" count="0" type="stmt"/>
        <line num="827" count="0" type="stmt"/>
        <line num="831" count="0" type="cond" truecount="0" falsecount="2"/>
        <line num="832" count="0" type="stmt"/>
        <line num="840" count="0" type="stmt"/>
        <line num="845" count="0" type="stmt"/>
        <line num="846" count="0" type="cond" truecount="0" falsecount="5"/>
        <line num="847" count="0" type="stmt"/>
        <line num="848" count="0" type="cond" truecount="0" falsecount="2"/>
        <line num="849" count="0" type="stmt"/>
        <line num="850" count="0" type="cond" truecount="0" falsecount="2"/>
        <line num="851" count="0" type="stmt"/>
        <line num="855" count="0" type="stmt"/>
        <line num="857" count="0" type="stmt"/>
        <line num="858" count="0" type="stmt"/>
      </file>
      <file name="constants.js" path="/Users/srinathjagannathan/Projects/active_projects/ac_projects/amazon-connect-chat-interface-enhanced/src/components/Chat/constants.js">
        <metrics statements="5" coveredstatements="5" conditionals="0" coveredconditionals="0" methods="0" coveredmethods="0"/>
        <line num="5" count="12" type="stmt"/>
        <line num="7" count="12" type="stmt"/>
        <line num="19" count="12" type="stmt"/>
        <line num="23" count="12" type="stmt"/>
        <line num="25" count="12" type="stmt"/>
      </file>
      <file name="eventbus.js" path="/Users/srinathjagannathan/Projects/active_projects/ac_projects/amazon-connect-chat-interface-enhanced/src/components/Chat/eventbus.js">
        <metrics statements="33" coveredstatements="32" conditionals="28" coveredconditionals="26" methods="7" coveredmethods="6"/>
        <line num="11" count="5" type="stmt"/>
        <line num="12" count="5" type="cond" truecount="4" falsecount="0"/>
        <line num="13" count="4" type="stmt"/>
        <line num="18" count="36" type="cond" truecount="4" falsecount="0"/>
        <line num="19" count="35" type="cond" truecount="2" falsecount="0"/>
        <line num="20" count="35" type="stmt"/>
        <line num="21" count="35" type="stmt"/>
        <line num="22" count="35" type="stmt"/>
        <line num="23" count="35" type="cond" truecount="2" falsecount="0"/>
        <line num="25" count="1" type="cond" truecount="2" falsecount="0"/>
        <line num="30" count="8" type="cond" truecount="2" falsecount="0"/>
        <line num="31" count="7" type="stmt"/>
        <line num="32" count="7" type="cond" truecount="2" falsecount="0"/>
        <line num="33" count="7" type="stmt"/>
        <line num="36" count="1" type="stmt"/>
        <line num="37" count="1" type="cond" truecount="1" falsecount="1"/>
        <line num="38" count="1" type="stmt"/>
        <line num="39" count="1" type="cond" truecount="2" falsecount="0"/>
        <line num="44" count="0" type="stmt"/>
        <line num="48" count="9" type="stmt"/>
        <line num="49" count="9" type="cond" truecount="1" falsecount="1"/>
        <line num="50" count="9" type="cond" truecount="2" falsecount="0"/>
        <line num="51" count="9" type="stmt"/>
        <line num="52" count="9" type="stmt"/>
        <line num="60" count="36" type="cond" truecount="2" falsecount="0"/>
        <line num="61" count="30" type="stmt"/>
        <line num="63" count="6" type="stmt"/>
        <line num="68" count="36" type="stmt"/>
        <line num="69" count="36" type="stmt"/>
        <line num="70" count="688" type="stmt"/>
        <line num="71" count="688" type="stmt"/>
        <line num="72" count="688" type="stmt"/>
        <line num="74" count="36" type="stmt"/>
      </file>
      <file name="index.js" path="/Users/srinathjagannathan/Projects/active_projects/ac_projects/amazon-connect-chat-interface-enhanced/src/components/Chat/index.js">
        <metrics statements="0" coveredstatements="0" conditionals="0" coveredconditionals="0" methods="0" coveredmethods="0"/>
      </file>
    </package>
    <package name="src.components.Chat.ChatActionBar">
      <metrics statements="21" coveredstatements="18" conditionals="17" coveredconditionals="12" methods="10" coveredmethods="7"/>
      <file name="ChatActionBar.js" path="/Users/srinathjagannathan/Projects/active_projects/ac_projects/amazon-connect-chat-interface-enhanced/src/components/Chat/ChatActionBar/ChatActionBar.js">
        <metrics statements="21" coveredstatements="18" conditionals="17" coveredconditionals="12" methods="10" coveredmethods="7"/>
        <line num="11" count="4" type="stmt"/>
        <line num="13" count="4" type="stmt"/>
        <line num="14" count="7" type="stmt"/>
        <line num="18" count="4" type="stmt"/>
        <line num="28" count="4" type="stmt"/>
        <line num="36" count="7" type="stmt"/>
        <line num="41" count="4" type="stmt"/>
        <line num="42" count="4" type="stmt"/>
        <line num="43" count="4" type="cond" truecount="1" falsecount="1"/>
        <line num="48" count="0" type="stmt"/>
        <line num="54" count="6" type="stmt"/>
        <line num="55" count="6" type="cond" truecount="4" falsecount="0"/>
        <line num="56" count="4" type="stmt"/>
        <line num="60" count="4" type="stmt"/>
        <line num="67" count="4" type="stmt"/>
        <line num="74" count="7" type="cond" truecount="2" falsecount="0"/>
        <line num="83" count="9" type="stmt"/>
        <line num="85" count="9" type="cond" truecount="1" falsecount="1"/>
        <line num="86" count="0" type="stmt"/>
        <line num="87" count="0" type="cond" truecount="0" falsecount="2"/>
        <line num="91" count="9" type="stmt"/>
      </file>
      <file name="index.js" path="/Users/srinathjagannathan/Projects/active_projects/ac_projects/amazon-connect-chat-interface-enhanced/src/components/Chat/ChatActionBar/index.js">
        <metrics statements="0" coveredstatements="0" conditionals="0" coveredconditionals="0" methods="0" coveredmethods="0"/>
      </file>
    </package>
    <package name="src.components.Chat.ChatComposer">
      <metrics statements="104" coveredstatements="99" conditionals="79" coveredconditionals="67" methods="39" coveredmethods="37"/>
      <file name="ChatComposer.js" path="/Users/srinathjagannathan/Projects/active_projects/ac_projects/amazon-connect-chat-interface-enhanced/src/components/Chat/ChatComposer/ChatComposer.js">
        <metrics statements="96" coveredstatements="91" conditionals="71" coveredconditionals="60" methods="35" coveredmethods="33"/>
        <line num="16" count="4" type="stmt"/>
        <line num="21" count="4" type="stmt"/>
        <line num="24" count="123" type="stmt"/>
        <line num="25" count="123" type="stmt"/>
        <line num="30" count="4" type="stmt"/>
        <line num="32" count="123" type="stmt"/>
        <line num="33" count="123" type="stmt"/>
        <line num="39" count="4" type="stmt"/>
        <line num="55" count="119" type="stmt"/>
        <line num="56" count="119" type="stmt"/>
        <line num="69" count="4" type="stmt"/>
        <line num="77" count="4" type="stmt"/>
        <line num="79" count="18" type="stmt"/>
        <line num="82" count="18" type="stmt"/>
        <line num="105" count="4" type="stmt"/>
        <line num="112" count="123" type="stmt"/>
        <line num="114" count="123" type="stmt"/>
        <line num="115" count="123" type="stmt"/>
        <line num="122" count="123" type="stmt"/>
        <line num="123" count="123" type="cond" truecount="1" falsecount="1"/>
        <line num="127" count="123" type="stmt"/>
        <line num="135" count="4" type="stmt"/>
        <line num="145" count="4" type="stmt"/>
        <line num="149" count="18" type="stmt"/>
        <line num="150" count="18" type="stmt"/>
        <line num="154" count="4" type="stmt"/>
        <line num="164" count="4" type="stmt"/>
        <line num="171" count="217" type="cond" truecount="4" falsecount="0"/>
        <line num="172" count="12" type="stmt"/>
        <line num="176" count="217" type="stmt"/>
        <line num="177" count="217" type="stmt"/>
        <line num="178" count="217" type="stmt"/>
        <line num="180" count="217" type="stmt"/>
        <line num="181" count="25" type="cond" truecount="2" falsecount="0"/>
        <line num="184" count="217" type="stmt"/>
        <line num="185" count="30" type="cond" truecount="3" falsecount="2"/>
        <line num="186" count="30" type="stmt"/>
        <line num="188" count="0" type="stmt"/>
        <line num="192" count="189" type="stmt"/>
        <line num="196" count="191" type="cond" truecount="4" falsecount="0"/>
        <line num="197" count="2" type="stmt"/>
        <line num="198" count="2" type="stmt"/>
        <line num="200" count="2" type="stmt"/>
        <line num="202" count="189" type="cond" truecount="1" falsecount="1"/>
        <line num="203" count="189" type="stmt"/>
        <line num="205" count="189" type="stmt"/>
        <line num="208" count="189" type="cond" truecount="4" falsecount="0"/>
        <line num="209" count="1" type="cond" truecount="3" falsecount="1"/>
        <line num="210" count="1" type="stmt"/>
        <line num="211" count="1" type="stmt"/>
        <line num="212" count="1" type="stmt"/>
        <line num="225" count="8" type="cond" truecount="3" falsecount="1"/>
        <line num="226" count="8" type="stmt"/>
        <line num="227" count="8" type="stmt"/>
        <line num="228" count="8" type="stmt"/>
        <line num="229" count="8" type="cond" truecount="2" falsecount="0"/>
        <line num="230" count="1" type="stmt"/>
        <line num="231" count="1" type="stmt"/>
        <line num="234" count="8" type="stmt"/>
        <line num="235" count="2" type="cond" truecount="1" falsecount="2"/>
        <line num="236" count="2" type="stmt"/>
        <line num="237" count="2" type="stmt"/>
        <line num="243" count="8" type="cond" truecount="2" falsecount="0"/>
        <line num="244" count="8" type="cond" truecount="2" falsecount="0"/>
        <line num="251" count="9" type="stmt"/>
        <line num="252" count="9" type="stmt"/>
        <line num="253" count="9" type="stmt"/>
        <line num="255" count="9" type="cond" truecount="2" falsecount="0"/>
        <line num="256" count="4" type="stmt"/>
        <line num="257" count="4" type="stmt"/>
        <line num="261" count="217" type="stmt"/>
        <line num="263" count="217" type="stmt"/>
        <line num="265" count="96" type="stmt"/>
        <line num="266" count="96" type="stmt"/>
        <line num="276" count="9" type="cond" truecount="2" falsecount="0"/>
        <line num="277" count="4" type="stmt"/>
        <line num="282" count="0" type="stmt"/>
        <line num="283" count="0" type="cond" truecount="0" falsecount="2"/>
        <line num="284" count="0" type="stmt"/>
        <line num="292" count="5" type="stmt"/>
        <line num="293" count="5" type="stmt"/>
        <line num="294" count="5" type="cond" truecount="2" falsecount="0"/>
        <line num="298" count="5" type="stmt"/>
        <line num="299" count="5" type="stmt"/>
        <line num="300" count="5" type="cond" truecount="2" falsecount="0"/>
        <line num="304" count="4" type="stmt"/>
        <line num="308" count="0" type="stmt"/>
        <line num="311" count="217" type="stmt"/>
        <line num="312" count="217" type="stmt"/>
        <line num="316" count="217" type="cond" truecount="2" falsecount="0"/>
        <line num="319" count="217" type="stmt"/>
        <line num="330" count="217" type="stmt"/>
        <line num="337" count="2" type="cond" truecount="3" falsecount="1"/>
        <line num="338" count="2" type="stmt"/>
        <line num="339" count="2" type="stmt"/>
        <line num="398" count="217" type="stmt"/>
      </file>
      <file name="SendMessageButton.js" path="/Users/srinathjagannathan/Projects/active_projects/ac_projects/amazon-connect-chat-interface-enhanced/src/components/Chat/ChatComposer/SendMessageButton.js">
        <metrics statements="8" coveredstatements="8" conditionals="8" coveredconditionals="7" methods="4" coveredmethods="4"/>
        <line num="6" count="5" type="stmt"/>
        <line num="7" count="5" type="stmt"/>
        <line num="9" count="5" type="stmt"/>
        <line num="10" count="127" type="cond" truecount="2" falsecount="0"/>
        <line num="13" count="127" type="cond" truecount="2" falsecount="0"/>
        <line num="25" count="127" type="stmt"/>
        <line num="34" count="4" type="cond" truecount="3" falsecount="1"/>
        <line num="35" count="4" type="stmt"/>
      </file>
      <file name="index.js" path="/Users/srinathjagannathan/Projects/active_projects/ac_projects/amazon-connect-chat-interface-enhanced/src/components/Chat/ChatComposer/index.js">
        <metrics statements="0" coveredstatements="0" conditionals="0" coveredconditionals="0" methods="0" coveredmethods="0"/>
      </file>
    </package>
    <package name="src.components.Chat.ChatTranscriptor">
      <metrics statements="96" coveredstatements="67" conditionals="59" coveredconditionals="29" methods="27" coveredmethods="16"/>
      <file name="ChatTranscriptScroller.js" path="/Users/srinathjagannathan/Projects/active_projects/ac_projects/amazon-connect-chat-interface-enhanced/src/components/Chat/ChatTranscriptor/ChatTranscriptScroller.js">
        <metrics statements="47" coveredstatements="33" conditionals="31" coveredconditionals="10" methods="15" coveredmethods="9"/>
        <line num="17" count="3" type="stmt"/>
        <line num="21" count="3" type="stmt"/>
        <line num="22" count="3" type="stmt"/>
        <line num="24" count="3" type="stmt"/>
        <line num="32" count="3" type="stmt"/>
        <line num="37" count="3" type="stmt"/>
        <line num="38" count="0" type="stmt"/>
        <line num="48" count="6" type="stmt"/>
        <line num="50" count="6" type="stmt"/>
        <line num="51" count="6" type="stmt"/>
        <line num="53" count="6" type="stmt"/>
        <line num="56" count="6" type="stmt"/>
        <line num="59" count="6" type="stmt"/>
        <line num="61" count="6" type="cond" truecount="3" falsecount="1"/>
        <line num="66" count="6" type="cond" truecount="1" falsecount="2"/>
        <line num="71" count="6" type="stmt"/>
        <line num="72" count="12" type="stmt"/>
        <line num="74" count="6" type="stmt"/>
        <line num="75" count="0" type="stmt"/>
        <line num="77" count="6" type="stmt"/>
        <line num="79" count="6" type="cond" truecount="1" falsecount="1"/>
        <line num="81" count="6" type="stmt"/>
        <line num="82" count="0" type="cond" truecount="0" falsecount="3"/>
        <line num="84" count="6" type="stmt"/>
        <line num="85" count="6" type="stmt"/>
        <line num="86" count="6" type="cond" truecount="1" falsecount="1"/>
        <line num="87" count="0" type="cond" truecount="0" falsecount="2"/>
        <line num="88" count="0" type="stmt"/>
        <line num="89" count="6" type="cond" truecount="1" falsecount="1"/>
        <line num="90" count="6" type="stmt"/>
        <line num="91" count="0" type="cond" truecount="0" falsecount="2"/>
        <line num="92" count="0" type="stmt"/>
        <line num="93" count="0" type="stmt"/>
        <line num="97" count="6" type="stmt"/>
        <line num="99" count="6" type="cond" truecount="1" falsecount="1"/>
        <line num="100" count="0" type="stmt"/>
        <line num="104" count="6" type="stmt"/>
        <line num="105" count="6" type="stmt"/>
        <line num="107" count="6" type="stmt"/>
        <line num="108" count="6" type="cond" truecount="1" falsecount="1"/>
        <line num="109" count="6" type="stmt"/>
        <line num="115" count="0" type="cond" truecount="0" falsecount="3"/>
        <line num="116" count="0" type="cond" truecount="0" falsecount="2"/>
        <line num="117" count="0" type="stmt"/>
        <line num="118" count="0" type="stmt"/>
        <line num="119" count="0" type="stmt"/>
        <line num="124" count="6" type="stmt"/>
      </file>
      <file name="ChatTranscriptor.js" path="/Users/srinathjagannathan/Projects/active_projects/ac_projects/amazon-connect-chat-interface-enhanced/src/components/Chat/ChatTranscriptor/ChatTranscriptor.js">
        <metrics statements="49" coveredstatements="34" conditionals="28" coveredconditionals="19" methods="12" coveredmethods="7"/>
        <line num="21" count="3" type="stmt"/>
        <line num="25" count="3" type="stmt"/>
        <line num="26" count="6" type="stmt"/>
        <line num="32" count="3" type="stmt"/>
        <line num="36" count="12" type="stmt"/>
        <line num="42" count="12" type="stmt"/>
        <line num="48" count="0" type="stmt"/>
        <line num="55" count="3" type="stmt"/>
        <line num="64" count="6" type="stmt"/>
        <line num="65" count="0" type="stmt"/>
        <line num="66" count="0" type="stmt"/>
        <line num="67" count="0" type="stmt"/>
        <line num="68" count="0" type="stmt"/>
        <line num="72" count="6" type="stmt"/>
        <line num="73" count="24" type="stmt"/>
        <line num="74" count="24" type="stmt"/>
        <line num="75" count="24" type="cond" truecount="4" falsecount="0"/>
        <line num="77" count="24" type="stmt"/>
        <line num="79" count="24" type="stmt"/>
        <line num="80" count="24" type="stmt"/>
        <line num="85" count="24" type="stmt"/>
        <line num="86" count="24" type="stmt"/>
        <line num="88" count="24" type="cond" truecount="1" falsecount="1"/>
        <line num="89" count="0" type="stmt"/>
        <line num="95" count="24" type="stmt"/>
        <line num="97" count="24" type="cond" truecount="2" falsecount="0"/>
        <line num="98" count="12" type="stmt"/>
        <line num="99" count="12" type="stmt"/>
        <line num="108" count="12" type="cond" truecount="1" falsecount="1"/>
        <line num="109" count="12" type="stmt"/>
        <line num="110" count="12" type="stmt"/>
        <line num="117" count="0" type="cond" truecount="0" falsecount="2"/>
        <line num="118" count="0" type="stmt"/>
        <line num="119" count="0" type="stmt"/>
        <line num="121" count="0" type="stmt"/>
        <line num="123" count="24" type="cond" truecount="4" falsecount="1"/>
        <line num="124" count="24" type="stmt"/>
        <line num="131" count="24" type="stmt"/>
        <line num="138" count="6" type="stmt"/>
        <line num="140" count="0" type="stmt"/>
        <line num="141" count="0" type="stmt"/>
        <line num="142" count="0" type="stmt"/>
        <line num="143" count="0" type="stmt"/>
        <line num="153" count="6" type="stmt"/>
        <line num="155" count="24" type="cond" truecount="3" falsecount="0"/>
        <line num="159" count="6" type="stmt"/>
        <line num="161" count="6" type="stmt"/>
        <line num="172" count="24" type="stmt"/>
        <line num="174" count="0" type="stmt"/>
      </file>
      <file name="index.js" path="/Users/srinathjagannathan/Projects/active_projects/ac_projects/amazon-connect-chat-interface-enhanced/src/components/Chat/ChatTranscriptor/index.js">
        <metrics statements="0" coveredstatements="0" conditionals="0" coveredconditionals="0" methods="0" coveredmethods="0"/>
      </file>
    </package>
    <package name="src.components.Chat.ChatTranscriptor.ChatMessages">
      <metrics statements="238" coveredstatements="223" conditionals="160" coveredconditionals="142" methods="83" coveredmethods="75"/>
      <file name="ChatMessage.js" path="/Users/srinathjagannathan/Projects/active_projects/ac_projects/amazon-connect-chat-interface-enhanced/src/components/Chat/ChatTranscriptor/ChatMessages/ChatMessage.js">
        <metrics statements="150" coveredstatements="136" conditionals="116" coveredconditionals="102" methods="46" coveredmethods="39"/>
        <line num="27" count="4" type="stmt"/>
        <line num="28" count="24" type="stmt"/>
        <line num="32" count="24" type="stmt"/>
        <line num="34" count="4" type="stmt"/>
        <line num="37" count="4" type="stmt"/>
        <line num="44" count="4" type="stmt"/>
        <line num="47" count="4" type="stmt"/>
        <line num="49" count="77" type="stmt"/>
        <line num="50" count="77" type="stmt"/>
        <line num="52" count="4" type="stmt"/>
        <line num="56" count="4" type="stmt"/>
        <line num="58" count="77" type="cond" truecount="2" falsecount="0"/>
        <line num="62" count="77" type="cond" truecount="1" falsecount="1"/>
        <line num="64" count="77" type="cond" truecount="2" falsecount="0"/>
        <line num="66" count="77" type="cond" truecount="2" falsecount="0"/>
        <line num="67" count="77" type="stmt"/>
        <line num="71" count="77" type="cond" truecount="2" falsecount="0"/>
        <line num="73" count="77" type="cond" truecount="2" falsecount="0"/>
        <line num="95" count="4" type="stmt"/>
        <line num="96" count="8" type="stmt"/>
        <line num="99" count="8" type="stmt"/>
        <line num="102" count="4" type="stmt"/>
        <line num="103" count="0" type="stmt"/>
        <line num="104" count="0" type="stmt"/>
        <line num="107" count="4" type="stmt"/>
        <line num="108" count="8" type="stmt"/>
        <line num="109" count="8" type="stmt"/>
        <line num="112" count="8" type="stmt"/>
        <line num="116" count="4" type="stmt"/>
        <line num="117" count="0" type="stmt"/>
        <line num="120" count="4" type="stmt"/>
        <line num="121" count="1" type="stmt"/>
        <line num="122" count="1" type="cond" truecount="3" falsecount="1"/>
        <line num="123" count="1" type="stmt"/>
        <line num="125" count="1" type="stmt"/>
        <line num="126" count="1" type="stmt"/>
        <line num="135" count="4" type="stmt"/>
        <line num="146" count="39" type="stmt"/>
        <line num="147" count="39" type="stmt"/>
        <line num="151" count="39" type="stmt"/>
        <line num="152" count="39" type="cond" truecount="4" falsecount="0"/>
        <line num="153" count="15" type="stmt"/>
        <line num="158" count="20" type="stmt"/>
        <line num="159" count="20" type="stmt"/>
        <line num="160" count="20" type="stmt"/>
        <line num="161" count="20" type="stmt"/>
        <line num="162" count="20" type="stmt"/>
        <line num="163" count="20" type="cond" truecount="2" falsecount="0"/>
        <line num="164" count="2" type="stmt"/>
        <line num="166" count="18" type="stmt"/>
        <line num="175" count="77" type="stmt"/>
        <line num="176" count="77" type="cond" truecount="4" falsecount="0"/>
        <line num="177" count="77" type="stmt"/>
        <line num="178" count="77" type="stmt"/>
        <line num="180" count="77" type="stmt"/>
        <line num="181" count="77" type="cond" truecount="3" falsecount="1"/>
        <line num="183" count="0" type="stmt"/>
        <line num="195" count="0" type="stmt"/>
        <line num="197" count="20" type="stmt"/>
        <line num="198" count="20" type="stmt"/>
        <line num="200" count="8" type="stmt"/>
        <line num="211" count="8" type="stmt"/>
        <line num="213" count="49" type="stmt"/>
        <line num="215" count="77" type="stmt"/>
        <line num="235" count="77" type="stmt"/>
        <line num="236" count="77" type="cond" truecount="4" falsecount="0"/>
        <line num="237" count="69" type="stmt"/>
        <line num="239" count="8" type="stmt"/>
        <line num="258" count="42" type="stmt"/>
        <line num="259" count="42" type="stmt"/>
        <line num="268" count="40" type="stmt"/>
        <line num="270" count="40" type="cond" truecount="2" falsecount="0"/>
        <line num="277" count="1" type="stmt"/>
        <line num="286" count="39" type="stmt"/>
        <line num="287" count="39" type="stmt"/>
        <line num="294" count="39" type="stmt"/>
        <line num="301" count="79" type="stmt"/>
        <line num="303" count="79" type="cond" truecount="2" falsecount="0"/>
        <line num="308" count="79" type="stmt"/>
        <line num="309" count="79" type="cond" truecount="2" falsecount="0"/>
        <line num="315" count="8" type="stmt"/>
        <line num="316" count="8" type="stmt"/>
        <line num="318" count="8" type="stmt"/>
        <line num="319" count="8" type="cond" truecount="5" falsecount="0"/>
        <line num="320" count="6" type="stmt"/>
        <line num="324" count="79" type="cond" truecount="2" falsecount="0"/>
        <line num="327" count="25" type="cond" truecount="2" falsecount="0"/>
        <line num="331" count="16" type="stmt"/>
        <line num="332" count="16" type="stmt"/>
        <line num="333" count="16" type="cond" truecount="4" falsecount="0"/>
        <line num="334" count="8" type="stmt"/>
        <line num="339" count="9" type="stmt"/>
        <line num="342" count="9" type="stmt"/>
        <line num="345" count="54" type="stmt"/>
        <line num="346" count="54" type="stmt"/>
        <line num="347" count="54" type="cond" truecount="2" falsecount="0"/>
        <line num="348" count="2" type="stmt"/>
        <line num="352" count="77" type="stmt"/>
        <line num="355" count="1" type="stmt"/>
        <line num="357" count="77" type="stmt"/>
        <line num="377" count="48" type="cond" truecount="2" falsecount="0"/>
        <line num="378" count="24" type="stmt"/>
        <line num="383" count="77" type="cond" truecount="2" falsecount="0"/>
        <line num="384" count="25" type="stmt"/>
        <line num="392" count="52" type="cond" truecount="2" falsecount="0"/>
        <line num="393" count="14" type="stmt"/>
        <line num="394" count="14" type="cond" truecount="2" falsecount="0"/>
        <line num="395" count="8" type="stmt"/>
        <line num="396" count="8" type="stmt"/>
        <line num="407" count="6" type="stmt"/>
        <line num="408" count="6" type="stmt"/>
        <line num="410" count="38" type="cond" truecount="4" falsecount="0"/>
        <line num="413" count="4" type="stmt"/>
        <line num="414" count="4" type="cond" truecount="4" falsecount="0"/>
        <line num="415" count="2" type="stmt"/>
        <line num="416" count="4" type="stmt"/>
        <line num="419" count="34" type="cond" truecount="2" falsecount="0"/>
        <line num="420" count="26" type="stmt"/>
        <line num="421" count="26" type="stmt"/>
        <line num="423" count="8" type="stmt"/>
        <line num="424" count="8" type="cond" truecount="2" falsecount="0"/>
        <line num="425" count="2" type="stmt"/>
        <line num="426" count="2" type="stmt"/>
        <line num="429" count="6" type="stmt"/>
        <line num="433" count="8" type="cond" truecount="3" falsecount="1"/>
        <line num="434" count="0" type="stmt"/>
        <line num="436" count="8" type="stmt"/>
        <line num="445" count="0" type="stmt"/>
        <line num="446" count="0" type="stmt"/>
        <line num="447" count="0" type="stmt"/>
        <line num="450" count="0" type="stmt"/>
        <line num="465" count="6" type="stmt"/>
        <line num="471" count="4" type="stmt"/>
        <line num="475" count="0" type="cond" truecount="0" falsecount="2"/>
        <line num="480" count="0" type="stmt"/>
        <line num="495" count="12" type="stmt"/>
        <line num="496" count="1" type="stmt"/>
        <line num="497" count="1" type="cond" truecount="1" falsecount="1"/>
        <line num="498" count="0" type="stmt"/>
        <line num="500" count="1" type="stmt"/>
        <line num="503" count="1" type="stmt"/>
        <line num="504" count="1" type="stmt"/>
        <line num="505" count="1" type="stmt"/>
        <line num="506" count="1" type="stmt"/>
        <line num="511" count="17" type="cond" truecount="2" falsecount="0"/>
        <line num="512" count="4" type="stmt"/>
        <line num="522" count="13" type="stmt"/>
        <line num="526" count="17" type="cond" truecount="1" falsecount="1"/>
        <line num="527" count="0" type="stmt"/>
        <line num="530" count="17" type="stmt"/>
      </file>
      <file name="InteractiveMessage.js" path="/Users/srinathjagannathan/Projects/active_projects/ac_projects/amazon-connect-chat-interface-enhanced/src/components/Chat/ChatTranscriptor/ChatMessages/InteractiveMessage.js">
        <metrics statements="71" coveredstatements="70" conditionals="37" coveredconditionals="33" methods="35" coveredmethods="34"/>
        <line num="18" count="10" type="stmt"/>
        <line num="19" count="176" type="stmt"/>
        <line num="20" count="176" type="stmt"/>
        <line num="22" count="176" type="cond" truecount="2" falsecount="0"/>
        <line num="27" count="176" type="cond" truecount="2" falsecount="0"/>
        <line num="37" count="176" type="cond" truecount="2" falsecount="0"/>
        <line num="55" count="176" type="stmt"/>
        <line num="59" count="176" type="stmt"/>
        <line num="64" count="10" type="stmt"/>
        <line num="68" count="10" type="stmt"/>
        <line num="69" count="219" type="stmt"/>
        <line num="72" count="10" type="stmt"/>
        <line num="78" count="10" type="stmt"/>
        <line num="79" count="224" type="stmt"/>
        <line num="82" count="224" type="cond" truecount="1" falsecount="1"/>
        <line num="89" count="10" type="stmt"/>
        <line num="92" count="158" type="stmt"/>
        <line num="94" count="158" type="cond" truecount="2" falsecount="0"/>
        <line num="99" count="10" type="stmt"/>
        <line num="104" count="114" type="stmt"/>
        <line num="105" count="114" type="stmt"/>
        <line num="107" count="114" type="stmt"/>
        <line num="108" count="114" type="stmt"/>
        <line num="109" count="114" type="stmt"/>
        <line num="110" count="114" type="stmt"/>
        <line num="111" count="114" type="stmt"/>
        <line num="116" count="114" type="stmt"/>
        <line num="117" count="114" type="stmt"/>
        <line num="127" count="114" type="stmt"/>
        <line num="128" count="114" type="stmt"/>
        <line num="131" count="10" type="stmt"/>
        <line num="138" count="365" type="cond" truecount="2" falsecount="0"/>
        <line num="146" count="10" type="stmt"/>
        <line num="155" count="138" type="stmt"/>
        <line num="156" count="138" type="stmt"/>
        <line num="159" count="24" type="stmt"/>
        <line num="160" count="24" type="stmt"/>
        <line num="167" count="138" type="stmt"/>
        <line num="169" count="106" type="stmt"/>
        <line num="170" count="1" type="stmt"/>
        <line num="172" count="1" type="stmt"/>
        <line num="178" count="1" type="stmt"/>
        <line num="180" count="1" type="stmt"/>
        <line num="181" count="1" type="stmt"/>
        <line num="184" count="106" type="cond" truecount="2" falsecount="0"/>
        <line num="185" count="2" type="stmt"/>
        <line num="186" count="2" type="stmt"/>
        <line num="187" count="2" type="stmt"/>
        <line num="193" count="138" type="stmt"/>
        <line num="194" count="122" type="cond" truecount="3" falsecount="2"/>
        <line num="195" count="122" type="stmt"/>
        <line num="197" count="0" type="stmt"/>
        <line num="201" count="128" type="cond" truecount="2" falsecount="0"/>
        <line num="202" count="42" type="stmt"/>
        <line num="203" count="86" type="cond" truecount="2" falsecount="0"/>
        <line num="204" count="85" type="stmt"/>
        <line num="205" count="1" type="cond" truecount="1" falsecount="1"/>
        <line num="206" count="1" type="stmt"/>
        <line num="211" count="138" type="cond" truecount="2" falsecount="0"/>
        <line num="212" count="3" type="stmt"/>
        <line num="213" count="135" type="cond" truecount="2" falsecount="0"/>
        <line num="214" count="3" type="stmt"/>
        <line num="215" count="132" type="cond" truecount="2" falsecount="0"/>
        <line num="216" count="4" type="stmt"/>
        <line num="219" count="128" type="stmt"/>
        <line num="226" count="10" type="stmt"/>
        <line num="232" count="104" type="stmt"/>
        <line num="235" count="10" type="stmt"/>
        <line num="241" count="174" type="stmt"/>
        <line num="250" count="114" type="stmt"/>
        <line num="266" count="114" type="stmt"/>
      </file>
      <file name="SystemMessage.js" path="/Users/srinathjagannathan/Projects/active_projects/ac_projects/amazon-connect-chat-interface-enhanced/src/components/Chat/ChatTranscriptor/ChatMessages/SystemMessage.js">
        <metrics statements="17" coveredstatements="17" conditionals="7" coveredconditionals="7" methods="2" coveredmethods="2"/>
        <line num="10" count="4" type="stmt"/>
        <line num="14" count="4" type="stmt"/>
        <line num="16" count="7" type="stmt"/>
        <line num="17" count="7" type="stmt"/>
        <line num="18" count="7" type="stmt"/>
        <line num="19" count="7" type="stmt"/>
        <line num="20" count="7" type="cond" truecount="7" falsecount="0"/>
        <line num="22" count="1" type="stmt"/>
        <line num="23" count="1" type="stmt"/>
        <line num="31" count="1" type="stmt"/>
        <line num="32" count="1" type="stmt"/>
        <line num="40" count="1" type="stmt"/>
        <line num="45" count="1" type="stmt"/>
        <line num="53" count="1" type="stmt"/>
        <line num="61" count="1" type="stmt"/>
        <line num="70" count="1" type="stmt"/>
        <line num="75" count="7" type="stmt"/>
      </file>
    </package>
    <package name="src.components.Chat.ChatTranscriptor.ChatMessages.InteractiveMessages">
      <metrics statements="188" coveredstatements="182" conditionals="63" coveredconditionals="55" methods="88" coveredmethods="82"/>
      <file name="Carousel.js" path="/Users/srinathjagannathan/Projects/active_projects/ac_projects/amazon-connect-chat-interface-enhanced/src/components/Chat/ChatTranscriptor/ChatMessages/InteractiveMessages/Carousel.js">
        <metrics statements="28" coveredstatements="28" conditionals="10" coveredconditionals="10" methods="13" coveredmethods="13"/>
        <line num="14" count="10" type="stmt"/>
        <line num="18" count="35" type="cond" truecount="2" falsecount="0"/>
        <line num="19" count="26" type="stmt"/>
        <line num="20" count="26" type="stmt"/>
        <line num="22" count="57" type="cond" truecount="2" falsecount="0"/>
        <line num="25" count="9" type="stmt"/>
        <line num="30" count="8" type="stmt"/>
        <line num="32" count="8" type="cond" truecount="2" falsecount="0"/>
        <line num="33" count="8" type="stmt"/>
        <line num="37" count="10" type="stmt"/>
        <line num="38" count="33" type="stmt"/>
        <line num="39" count="33" type="stmt"/>
        <line num="55" count="10" type="stmt"/>
        <line num="62" count="66" type="cond" truecount="2" falsecount="0"/>
        <line num="75" count="10" type="stmt"/>
        <line num="77" count="66" type="cond" truecount="2" falsecount="0"/>
        <line num="87" count="33" type="stmt"/>
        <line num="90" count="99" type="stmt"/>
        <line num="104" count="66" type="stmt"/>
        <line num="120" count="10" type="stmt"/>
        <line num="132" count="33" type="stmt"/>
        <line num="133" count="33" type="stmt"/>
        <line num="135" count="33" type="stmt"/>
        <line num="136" count="3" type="stmt"/>
        <line num="139" count="33" type="stmt"/>
        <line num="140" count="3" type="stmt"/>
        <line num="144" count="33" type="stmt"/>
        <line num="146" count="33" type="stmt"/>
      </file>
      <file name="ListPicker.js" path="/Users/srinathjagannathan/Projects/active_projects/ac_projects/amazon-connect-chat-interface-enhanced/src/components/Chat/ChatTranscriptor/ChatMessages/InteractiveMessages/ListPicker.js">
        <metrics statements="40" coveredstatements="38" conditionals="21" coveredconditionals="17" methods="22" coveredmethods="20"/>
        <line num="24" count="10" type="stmt"/>
        <line num="27" count="19" type="cond" truecount="1" falsecount="1"/>
        <line num="29" count="19" type="cond" truecount="1" falsecount="1"/>
        <line num="40" count="10" type="stmt"/>
        <line num="42" count="126" type="cond" truecount="2" falsecount="0"/>
        <line num="45" count="126" type="stmt"/>
        <line num="49" count="126" type="stmt"/>
        <line num="54" count="126" type="stmt"/>
        <line num="55" count="126" type="stmt"/>
        <line num="60" count="10" type="stmt"/>
        <line num="61" count="42" type="stmt"/>
        <line num="62" count="42" type="stmt"/>
        <line num="63" count="42" type="stmt"/>
        <line num="64" count="42" type="stmt"/>
        <line num="66" count="42" type="stmt"/>
        <line num="67" count="42" type="cond" truecount="1" falsecount="1"/>
        <line num="78" count="162" type="stmt"/>
        <line num="79" count="162" type="stmt"/>
        <line num="80" count="162" type="stmt"/>
        <line num="82" count="162" type="cond" truecount="4" falsecount="0"/>
        <line num="83" count="36" type="stmt"/>
        <line num="92" count="126" type="stmt"/>
        <line num="120" count="10" type="stmt"/>
        <line num="145" count="57" type="stmt"/>
        <line num="148" count="57" type="stmt"/>
        <line num="149" count="57" type="stmt"/>
        <line num="151" count="57" type="stmt"/>
        <line num="152" count="57" type="stmt"/>
        <line num="155" count="0" type="stmt"/>
        <line num="159" count="0" type="stmt"/>
        <line num="163" count="18" type="stmt"/>
        <line num="164" count="18" type="stmt"/>
        <line num="175" count="18" type="stmt"/>
        <line num="178" count="57" type="stmt"/>
        <line num="179" count="162" type="stmt"/>
        <line num="180" count="476" type="stmt"/>
        <line num="182" count="162" type="stmt"/>
        <line num="185" count="57" type="stmt"/>
        <line num="200" count="162" type="stmt"/>
        <line num="204" count="18" type="stmt"/>
      </file>
      <file name="Panel.js" path="/Users/srinathjagannathan/Projects/active_projects/ac_projects/amazon-connect-chat-interface-enhanced/src/components/Chat/ChatTranscriptor/ChatMessages/InteractiveMessages/Panel.js">
        <metrics statements="25" coveredstatements="24" conditionals="10" coveredconditionals="9" methods="12" coveredmethods="11"/>
        <line num="19" count="10" type="stmt"/>
        <line num="22" count="43" type="cond" truecount="1" falsecount="1"/>
        <line num="24" count="43" type="cond" truecount="2" falsecount="0"/>
        <line num="33" count="10" type="stmt"/>
        <line num="38" count="175" type="stmt"/>
        <line num="42" count="175" type="stmt"/>
        <line num="47" count="175" type="stmt"/>
        <line num="48" count="175" type="stmt"/>
        <line num="55" count="253" type="stmt"/>
        <line num="56" count="253" type="stmt"/>
        <line num="58" count="253" type="cond" truecount="4" falsecount="0"/>
        <line num="59" count="78" type="stmt"/>
        <line num="62" count="175" type="stmt"/>
        <line num="69" count="10" type="stmt"/>
        <line num="94" count="86" type="stmt"/>
        <line num="97" count="86" type="stmt"/>
        <line num="98" count="86" type="stmt"/>
        <line num="100" count="86" type="stmt"/>
        <line num="103" count="0" type="stmt"/>
        <line num="107" count="21" type="stmt"/>
        <line num="108" count="21" type="stmt"/>
        <line num="119" count="21" type="stmt"/>
        <line num="122" count="86" type="stmt"/>
        <line num="137" count="253" type="stmt"/>
        <line num="140" count="21" type="stmt"/>
      </file>
      <file name="QuickReply.js" path="/Users/srinathjagannathan/Projects/active_projects/ac_projects/amazon-connect-chat-interface-enhanced/src/components/Chat/ChatTranscriptor/ChatMessages/InteractiveMessages/QuickReply.js">
        <metrics statements="15" coveredstatements="15" conditionals="0" coveredconditionals="0" methods="8" coveredmethods="8"/>
        <line num="13" count="10" type="stmt"/>
        <line num="19" count="10" type="stmt"/>
        <line num="20" count="24" type="stmt"/>
        <line num="24" count="24" type="stmt"/>
        <line num="28" count="10" type="stmt"/>
        <line num="29" count="108" type="stmt"/>
        <line num="36" count="108" type="stmt"/>
        <line num="54" count="108" type="stmt"/>
        <line num="56" count="108" type="stmt"/>
        <line num="57" count="21" type="stmt"/>
        <line num="63" count="10" type="stmt"/>
        <line num="70" count="24" type="stmt"/>
        <line num="71" count="24" type="stmt"/>
        <line num="73" count="24" type="stmt"/>
        <line num="80" count="108" type="stmt"/>
      </file>
      <file name="TimePicker.js" path="/Users/srinathjagannathan/Projects/active_projects/ac_projects/amazon-connect-chat-interface-enhanced/src/components/Chat/ChatTranscriptor/ChatMessages/InteractiveMessages/TimePicker.js">
        <metrics statements="80" coveredstatements="77" conditionals="22" coveredconditionals="19" methods="33" coveredmethods="30"/>
        <line num="12" count="10" type="stmt"/>
        <line num="14" count="10" type="stmt"/>
        <line num="20" count="15" type="stmt"/>
        <line num="27" count="10" type="stmt"/>
        <line num="28" count="30" type="stmt"/>
        <line num="43" count="10" type="stmt"/>
        <line num="47" count="10" type="stmt"/>
        <line num="51" count="10" type="stmt"/>
        <line num="53" count="30" type="cond" truecount="2" falsecount="0"/>
        <line num="61" count="10" type="stmt"/>
        <line num="62" count="15" type="stmt"/>
        <line num="65" count="15" type="stmt"/>
        <line num="68" count="15" type="stmt"/>
        <line num="73" count="15" type="stmt"/>
        <line num="78" count="10" type="stmt"/>
        <line num="82" count="15" type="stmt"/>
        <line num="85" count="15" type="stmt"/>
        <line num="86" count="15" type="stmt"/>
        <line num="94" count="10" type="stmt"/>
        <line num="99" count="10" type="stmt"/>
        <line num="104" count="10" type="stmt"/>
        <line num="109" count="10" type="stmt"/>
        <line num="112" count="10" type="stmt"/>
        <line num="114" count="2" type="stmt"/>
        <line num="116" count="2" type="stmt"/>
        <line num="117" count="2" type="stmt"/>
        <line num="122" count="32" type="cond" truecount="4" falsecount="2"/>
        <line num="126" count="17" type="stmt"/>
        <line num="127" count="17" type="stmt"/>
        <line num="129" count="17" type="stmt"/>
        <line num="138" count="17" type="stmt"/>
        <line num="145" count="10" type="stmt"/>
        <line num="151" count="30" type="stmt"/>
        <line num="164" count="15" type="stmt"/>
        <line num="165" count="15" type="stmt"/>
        <line num="166" count="15" type="stmt"/>
        <line num="168" count="15" type="stmt"/>
        <line num="169" count="15" type="stmt"/>
        <line num="170" count="15" type="stmt"/>
        <line num="172" count="15" type="stmt"/>
        <line num="173" count="15" type="stmt"/>
        <line num="174" count="15" type="stmt"/>
        <line num="176" count="15" type="stmt"/>
        <line num="177" count="15" type="stmt"/>
        <line num="178" count="15" type="stmt"/>
        <line num="179" count="15" type="stmt"/>
        <line num="180" count="15" type="stmt"/>
        <line num="183" count="0" type="stmt"/>
        <line num="187" count="2" type="stmt"/>
        <line num="191" count="2" type="stmt"/>
        <line num="192" count="2" type="stmt"/>
        <line num="193" count="2" type="stmt"/>
        <line num="197" count="0" type="stmt"/>
        <line num="201" count="0" type="stmt"/>
        <line num="205" count="2" type="stmt"/>
        <line num="209" count="1" type="stmt"/>
        <line num="213" count="1" type="stmt"/>
        <line num="217" count="17" type="stmt"/>
        <line num="218" count="17" type="stmt"/>
        <line num="220" count="15" type="stmt"/>
        <line num="226" count="15" type="stmt"/>
        <line num="227" count="15" type="cond" truecount="2" falsecount="0"/>
        <line num="229" count="15" type="stmt"/>
        <line num="272" count="30" type="stmt"/>
        <line num="273" count="15" type="stmt"/>
        <line num="274" count="45" type="stmt"/>
        <line num="275" count="45" type="stmt"/>
        <line num="276" count="45" type="cond" truecount="2" falsecount="0"/>
        <line num="277" count="31" type="stmt"/>
        <line num="279" count="45" type="stmt"/>
        <line num="280" count="45" type="stmt"/>
        <line num="285" count="45" type="cond" truecount="2" falsecount="0"/>
        <line num="286" count="9" type="stmt"/>
        <line num="287" count="9" type="stmt"/>
        <line num="288" count="9" type="stmt"/>
        <line num="289" count="9" type="stmt"/>
        <line num="292" count="36" type="stmt"/>
        <line num="297" count="15" type="stmt"/>
        <line num="298" count="45" type="stmt"/>
        <line num="303" count="15" type="stmt"/>
      </file>
    </package>
    <package name="src.components.Chat.RichMessageComponents">
      <metrics statements="3245" coveredstatements="1478" conditionals="2220" coveredconditionals="717" methods="620" coveredmethods="277"/>
      <file name="dist.js" path="/Users/srinathjagannathan/Projects/active_projects/ac_projects/amazon-connect-chat-interface-enhanced/src/components/Chat/RichMessageComponents/dist.js">
        <metrics statements="3245" coveredstatements="1478" conditionals="2220" coveredconditionals="717" methods="620" coveredmethods="277"/>
        <line num="3" count="523" type="cond" truecount="1" falsecount="1"/>
        <line num="4" count="523" type="stmt"/>
        <line num="5" count="523" type="stmt"/>
        <line num="8" count="523" type="stmt"/>
        <line num="9" count="1058" type="stmt"/>
        <line num="10" count="1058" type="cond" truecount="2" falsecount="0"/>
        <line num="11" count="535" type="stmt"/>
        <line num="14" count="523" type="stmt"/>
        <line num="16" count="523" type="cond" truecount="1" falsecount="1"/>
        <line num="17" count="523" type="stmt"/>
        <line num="20" count="523" type="cond" truecount="1" falsecount="1"/>
        <line num="21" count="523" type="stmt"/>
        <line num="23" count="523" type="stmt"/>
[...]
        <line num="123" count="13" type="stmt"/>
        <line num="126" count="13" type="stmt"/>
        <line num="135" count="13" type="stmt"/>
        <line num="148" count="535" type="stmt"/>
        <line num="150" count="535" type="cond" truecount="1" falsecount="1"/>
        <line num="151" count="0" type="stmt"/>
        <line num="155" count="535" type="stmt"/>
      </file>
      <file name="index.js" path="/Users/srinathjagannathan/Projects/active_projects/ac_projects/amazon-connect-chat-interface-enhanced/src/components/core/Button/index.js">
        <metrics statements="0" coveredstatements="0" conditionals="0" coveredconditionals="0" methods="0" coveredmethods="0"/>
      </file>
    </package>
    <package name="src.components.core.Icon">
      <metrics statements="12" coveredstatements="9" conditionals="4" coveredconditionals="1" methods="3" coveredmethods="2"/>
      <file name="Icon.js" path="/Users/srinathjagannathan/Projects/active_projects/ac_projects/amazon-connect-chat-interface-enhanced/src/components/core/Icon/Icon.js">
        <metrics statements="12" coveredstatements="9" conditionals="4" coveredconditionals="1" methods="3" coveredmethods="2"/>
        <line num="11" count="13" type="stmt"/>
        <line num="12" count="0" type="stmt"/>
        <line num="19" count="0" type="stmt"/>
        <line num="20" count="0" type="stmt"/>
        <line num="23" count="13" type="stmt"/>
        <line num="25" count="13" type="stmt"/>
        <line num="32" count="13" type="stmt"/>
        <line num="39" count="13" type="stmt"/>
        <line num="45" count="13" type="stmt"/>
        <line num="46" count="8" type="stmt"/>
        <line num="54" count="8" type="cond" truecount="1" falsecount="1"/>
        <line num="55" count="8" type="stmt"/>
      </file>
      <file name="index.js" path="/Users/srinathjagannathan/Projects/active_projects/ac_projects/amazon-connect-chat-interface-enhanced/src/components/core/Icon/index.js">
        <metrics statements="0" coveredstatements="0" conditionals="0" coveredconditionals="0" methods="0" coveredmethods="0"/>
      </file>
    </package>
    <package name="src.components.core.Layout">
      <metrics statements="0" coveredstatements="0" conditionals="0" coveredconditionals="0" methods="0" coveredmethods="0"/>
      <file name="Screen.js" path="/Users/srinathjagannathan/Projects/active_projects/ac_projects/amazon-connect-chat-interface-enhanced/src/components/core/Layout/Screen.js">
        <metrics statements="0" coveredstatements="0" conditionals="0" coveredconditionals="0" methods="0" coveredmethods="0"/>
      </file>
    </package>
    <package name="src.components.core.Loader">
      <metrics statements="2" coveredstatements="1" conditionals="2" coveredconditionals="1" methods="2" coveredmethods="1"/>
      <file name="Loader.js" path="/Users/srinathjagannathan/Projects/active_projects/ac_projects/amazon-connect-chat-interface-enhanced/src/components/core/Loader/Loader.js">
        <metrics statements="2" coveredstatements="1" conditionals="2" coveredconditionals="1" methods="2" coveredmethods="1"/>
        <line num="9" count="3" type="stmt"/>
        <line num="19" count="0" type="stmt"/>
      </file>
      <file name="index.js" path="/Users/srinathjagannathan/Projects/active_projects/ac_projects/amazon-connect-chat-interface-enhanced/src/components/core/Loader/index.js">
        <metrics statements="0" coveredstatements="0" conditionals="0" coveredconditionals="0" methods="0" coveredmethods="0"/>
      </file>
    </package>
    <package name="src.components.core.Text">
      <metrics statements="48" coveredstatements="47" conditionals="64" coveredconditionals="49" methods="30" coveredmethods="30"/>
      <file name="Text.js" path="/Users/srinathjagannathan/Projects/active_projects/ac_projects/amazon-connect-chat-interface-enhanced/src/components/core/Text/Text.js">
        <metrics statements="48" coveredstatements="47" conditionals="64" coveredconditionals="49" methods="30" coveredmethods="30"/>
        <line num="8" count="14" type="stmt"/>
        <line num="9" count="2" type="cond" truecount="2" falsecount="0"/>
        <line num="10" count="2" type="cond" truecount="2" falsecount="0"/>
        <line num="11" count="2" type="cond" truecount="1" falsecount="1"/>
        <line num="12" count="2" type="cond" truecount="1" falsecount="1"/>
        <line num="15" count="14" type="stmt"/>
        <line num="16" count="4" type="cond" truecount="2" falsecount="0"/>
        <line num="17" count="4" type="cond" truecount="1" falsecount="1"/>
        <line num="18" count="4" type="cond" truecount="2" falsecount="0"/>
        <line num="19" count="4" type="cond" truecount="1" falsecount="1"/>
        <line num="21" count="14" type="stmt"/>
        <line num="22" count="1" type="cond" truecount="2" falsecount="0"/>
        <line num="23" count="1" type="cond" truecount="1" falsecount="1"/>
        <line num="24" count="1" type="cond" truecount="2" falsecount="0"/>
        <line num="25" count="1" type="cond" truecount="1" falsecount="1"/>
        <line num="27" count="14" type="stmt"/>
        <line num="28" count="1" type="cond" truecount="2" falsecount="0"/>
        <line num="29" count="1" type="cond" truecount="1" falsecount="1"/>
        <line num="30" count="1" type="cond" truecount="2" falsecount="0"/>
        <line num="31" count="1" type="cond" truecount="1" falsecount="1"/>
        <line num="33" count="14" type="stmt"/>
        <line num="34" count="1" type="cond" truecount="2" falsecount="0"/>
        <line num="35" count="1" type="cond" truecount="1" falsecount="1"/>
        <line num="36" count="1" type="cond" truecount="2" falsecount="0"/>
        <line num="37" count="1" type="cond" truecount="1" falsecount="1"/>
        <line num="39" count="14" type="stmt"/>
        <line num="40" count="1" type="cond" truecount="2" falsecount="0"/>
        <line num="41" count="1" type="cond" truecount="1" falsecount="1"/>
        <line num="42" count="1" type="cond" truecount="2" falsecount="0"/>
        <line num="43" count="1" type="cond" truecount="1" falsecount="1"/>
        <line num="46" count="14" type="stmt"/>
        <line num="47" count="771" type="stmt"/>
        <line num="48" count="771" type="cond" truecount="2" falsecount="0"/>
        <line num="49" count="771" type="cond" truecount="2" falsecount="0"/>
        <line num="51" count="771" type="cond" truecount="1" falsecount="1"/>
        <line num="54" count="771" type="cond" truecount="1" falsecount="1"/>
        <line num="58" count="14" type="stmt"/>
        <line num="66" count="14" type="stmt"/>
        <line num="78" count="781" type="stmt"/>
        <line num="80" count="781" type="cond" truecount="7" falsecount="1"/>
        <line num="81" count="2" type="stmt"/>
        <line num="82" count="4" type="stmt"/>
        <line num="83" count="1" type="stmt"/>
        <line num="84" count="1" type="stmt"/>
        <line num="85" count="1" type="stmt"/>
        <line num="86" count="1" type="stmt"/>
        <line num="87" count="771" type="stmt"/>
        <line num="88" count="0" type="stmt"/>
      </file>
      <file name="index.js" path="/Users/srinathjagannathan/Projects/active_projects/ac_projects/amazon-connect-chat-interface-enhanced/src/components/core/Text/index.js">
        <metrics statements="0" coveredstatements="0" conditionals="0" coveredconditionals="0" methods="0" coveredmethods="0"/>
      </file>
    </package>
    <package name="src.constants">
      <metrics statements="8" coveredstatements="8" conditionals="0" coveredconditionals="0" methods="0" coveredmethods="0"/>
      <file name="global.js" path="/Users/srinathjagannathan/Projects/active_projects/ac_projects/amazon-connect-chat-interface-enhanced/src/constants/global.js">
        <metrics statements="7" coveredstatements="7" conditionals="0" coveredconditionals="0" methods="0" coveredmethods="0"/>
        <line num="4" count="9" type="stmt"/>
        <line num="67" count="9" type="stmt"/>
        <line num="69" count="9" type="stmt"/>
        <line num="71" count="9" type="stmt"/>
        <line num="83" count="9" type="stmt"/>
        <line num="106" count="9" type="stmt"/>
        <line num="117" count="9" type="stmt"/>
      </file>
      <file name="http.js" path="/Users/srinathjagannathan/Projects/active_projects/ac_projects/amazon-connect-chat-interface-enhanced/src/constants/http.js">
        <metrics statements="1" coveredstatements="1" conditionals="0" coveredconditionals="0" methods="0" coveredmethods="0"/>
        <line num="1" count="3" type="stmt"/>
      </file>
    </package>
    <package name="src.context">
      <metrics statements="21" coveredstatements="13" conditionals="8" coveredconditionals="2" methods="6" coveredmethods="5"/>
      <file name="LanguageContext.js" path="/Users/srinathjagannathan/Projects/active_projects/ac_projects/amazon-connect-chat-interface-enhanced/src/context/LanguageContext.js">
        <metrics statements="21" coveredstatements="13" conditionals="8" coveredconditionals="2" methods="6" coveredmethods="5"/>
        <line num="9" count="2" type="stmt"/>
        <line num="15" count="2" type="stmt"/>
        <line num="16" count="2" type="stmt"/>
        <line num="17" count="2" type="stmt"/>
        <line num="21" count="2" type="stmt"/>
        <line num="24" count="2" type="stmt"/>
        <line num="25" count="2" type="stmt"/>
        <line num="26" count="2" type="stmt"/>
        <line num="30" count="2" type="stmt"/>
        <line num="31" count="2" type="cond" truecount="1" falsecount="1"/>
        <line num="32" count="2" type="cond" truecount="1" falsecount="1"/>
        <line num="33" count="0" type="stmt"/>
        <line num="40" count="2" type="stmt"/>
        <line num="41" count="0" type="stmt"/>
        <line num="42" count="0" type="cond" truecount="0" falsecount="2"/>
        <line num="43" count="0" type="stmt"/>
        <line num="45" count="0" type="stmt"/>
        <line num="46" count="0" type="stmt"/>
        <line num="47" count="0" type="stmt"/>
        <line num="49" count="0" type="stmt"/>
        <line num="54" count="2" type="stmt"/>
      </file>
    </package>
    <package name="src.hooks">
      <metrics statements="4" coveredstatements="4" conditionals="0" coveredconditionals="0" methods="2" coveredmethods="2"/>
      <file name="index.js" path="/Users/srinathjagannathan/Projects/active_projects/ac_projects/amazon-connect-chat-interface-enhanced/src/hooks/index.js">
        <metrics statements="0" coveredstatements="0" conditionals="0" coveredconditionals="0" methods="0" coveredmethods="0"/>
      </file>
      <file name="usePrevious.js" path="/Users/srinathjagannathan/Projects/active_projects/ac_projects/amazon-connect-chat-interface-enhanced/src/hooks/usePrevious.js">
        <metrics statements="4" coveredstatements="4" conditionals="0" coveredconditionals="0" methods="2" coveredmethods="2"/>
        <line num="17" count="12" type="stmt"/>
        <line num="18" count="12" type="stmt"/>
        <line num="19" count="12" type="stmt"/>
        <line num="21" count="12" type="stmt"/>
      </file>
    </package>
    <package name="src.localization">
      <metrics statements="17" coveredstatements="17" conditionals="7" coveredconditionals="5" methods="1" coveredmethods="1"/>
      <file name="index.js" path="/Users/srinathjagannathan/Projects/active_projects/ac_projects/amazon-connect-chat-interface-enhanced/src/localization/index.js">
        <metrics statements="17" coveredstatements="17" conditionals="7" coveredconditionals="5" methods="1" coveredmethods="1"/>
        <line num="1" count="2" type="cond" truecount="2" falsecount="1"/>
        <line num="2" count="22" type="cond" truecount="3" falsecount="1"/>
        <line num="4" count="2" type="stmt"/>
        <line num="5" count="2" type="stmt"/>
        <line num="6" count="2" type="stmt"/>
        <line num="7" count="2" type="stmt"/>
        <line num="8" count="2" type="stmt"/>
        <line num="9" count="2" type="stmt"/>
        <line num="10" count="2" type="stmt"/>
        <line num="11" count="2" type="stmt"/>
        <line num="12" count="2" type="stmt"/>
        <line num="13" count="2" type="stmt"/>
        <line num="14" count="2" type="stmt"/>
        <line num="15" count="2" type="stmt"/>
        <line num="16" count="2" type="stmt"/>
        <line num="17" count="2" type="stmt"/>
        <line num="30" count="2" type="stmt"/>
      </file>
    </package>
    <package name="src.propTypes">
      <metrics statements="1" coveredstatements="1" conditionals="0" coveredconditionals="0" methods="0" coveredmethods="0"/>
      <file name="index.js" path="/Users/srinathjagannathan/Projects/active_projects/ac_projects/amazon-connect-chat-interface-enhanced/src/propTypes/index.js">
        <metrics statements="1" coveredstatements="1" conditionals="0" coveredconditionals="0" methods="0" coveredmethods="0"/>
        <line num="6" count="13" type="stmt"/>
      </file>
    </package>
    <package name="src.theme">
      <metrics statements="27" coveredstatements="23" conditionals="8" coveredconditionals="2" methods="8" coveredmethods="4"/>
      <file name="Helpers.js" path="/Users/srinathjagannathan/Projects/active_projects/ac_projects/amazon-connect-chat-interface-enhanced/src/theme/Helpers.js">
        <metrics statements="13" coveredstatements="9" conditionals="8" coveredconditionals="2" methods="6" coveredmethods="2"/>
        <line num="6" count="13" type="stmt"/>
        <line num="9" count="5" type="cond" truecount="1" falsecount="1"/>
        <line num="10" count="5" type="cond" truecount="1" falsecount="1"/>
        <line num="13" count="13" type="stmt"/>
        <line num="16" count="0" type="cond" truecount="0" falsecount="2"/>
        <line num="17" count="0" type="cond" truecount="0" falsecount="2"/>
        <line num="20" count="13" type="stmt"/>
        <line num="25" count="13" type="stmt"/>
        <line num="31" count="13" type="stmt"/>
        <line num="39" count="0" type="stmt"/>
        <line num="40" count="0" type="stmt"/>
        <line num="43" count="13" type="stmt"/>
        <line num="52" count="13" type="stmt"/>
      </file>
      <file name="ThemeProvider.js" path="/Users/srinathjagannathan/Projects/active_projects/ac_projects/amazon-connect-chat-interface-enhanced/src/theme/ThemeProvider.js">
        <metrics statements="4" coveredstatements="4" conditionals="0" coveredconditionals="0" methods="1" coveredmethods="1"/>
        <line num="11" count="23" type="stmt"/>
        <line num="16" count="23" type="stmt"/>
        <line num="21" count="152" type="stmt"/>
        <line num="22" count="152" type="stmt"/>
      </file>
      <file name="defaultTheme.js" path="/Users/srinathjagannathan/Projects/active_projects/ac_projects/amazon-connect-chat-interface-enhanced/src/theme/defaultTheme.js">
        <metrics statements="10" coveredstatements="10" conditionals="0" coveredconditionals="0" methods="1" coveredmethods="1"/>
        <line num="5" count="23" type="stmt"/>
        <line num="59" count="23" type="stmt"/>
        <line num="69" count="23" type="stmt"/>
        <line num="70" count="23" type="stmt"/>
        <line num="71" count="184" type="stmt"/>
        <line num="77" count="23" type="stmt"/>
        <line num="86" count="23" type="stmt"/>
        <line num="98" count="23" type="stmt"/>
        <line num="112" count="23" type="stmt"/>
        <line num="123" count="23" type="stmt"/>
      </file>
      <file name="index.js" path="/Users/srinathjagannathan/Projects/active_projects/ac_projects/amazon-connect-chat-interface-enhanced/src/theme/index.js">
        <metrics statements="0" coveredstatements="0" conditionals="0" coveredconditionals="0" methods="0" coveredmethods="0"/>
      </file>
    </package>
    <package name="src.utils">
      <metrics statements="52" coveredstatements="50" conditionals="41" coveredconditionals="40" methods="13" coveredmethods="12"/>
      <file name="fetchRequest.js" path="/Users/srinathjagannathan/Projects/active_projects/ac_projects/amazon-connect-chat-interface-enhanced/src/utils/fetchRequest.js">
        <metrics statements="6" coveredstatements="6" conditionals="2" coveredconditionals="2" methods="7" coveredmethods="7"/>
        <line num="22" count="3" type="stmt"/>
        <line num="23" count="3" type="stmt"/>
        <line num="25" count="2" type="cond" truecount="2" falsecount="0"/>
        <line num="26" count="1" type="stmt"/>
        <line num="40" count="2" type="stmt"/>
        <line num="41" count="2" type="stmt"/>
      </file>
      <file name="helper.js" path="/Users/srinathjagannathan/Projects/active_projects/ac_projects/amazon-connect-chat-interface-enhanced/src/utils/helper.js">
        <metrics statements="45" coveredstatements="44" conditionals="39" coveredconditionals="38" methods="6" coveredmethods="5"/>
        <line num="6" count="54" type="stmt"/>
        <line num="7" count="54" type="stmt"/>
        <line num="8" count="1296" type="cond" truecount="2" falsecount="0"/>
        <line num="9" count="52" type="stmt"/>
        <line num="12" count="54" type="stmt"/>
        <line num="16" count="0" type="stmt"/>
        <line num="30" count="41" type="cond" truecount="2" falsecount="0"/>
        <line num="31" count="25" type="stmt"/>
        <line num="40" count="16" type="stmt"/>
        <line num="41" count="16" type="cond" truecount="2" falsecount="0"/>
        <line num="47" count="4" type="stmt"/>
        <line num="60" count="4" type="stmt"/>
        <line num="61" count="4" type="stmt"/>
        <line num="62" count="4" type="stmt"/>
        <line num="64" count="16" type="stmt"/>
        <line num="75" count="12" type="stmt"/>
        <line num="108" count="12" type="stmt"/>
        <line num="109" count="1072" type="cond" truecount="2" falsecount="0"/>
        <line num="110" count="1072" type="cond" truecount="2" falsecount="0"/>
        <line num="112" count="1072" type="cond" truecount="5" falsecount="0"/>
        <line num="113" count="118" type="stmt"/>
        <line num="122" count="954" type="stmt"/>
        <line num="124" count="954" type="cond" truecount="2" falsecount="0"/>
        <line num="125" count="931" type="stmt"/>
        <line num="127" count="23" type="stmt"/>
        <line num="128" count="23" type="stmt"/>
        <line num="135" count="12" type="stmt"/>
        <line num="136" count="6" type="cond" truecount="4" falsecount="0"/>
        <line num="137" count="2" type="stmt"/>
        <line num="138" count="2" type="stmt"/>
        <line num="140" count="4" type="stmt"/>
        <line num="141" count="4" type="stmt"/>
        <line num="148" count="12" type="stmt"/>
        <line num="149" count="5" type="cond" truecount="1" falsecount="1"/>
        <line num="150" count="5" type="cond" truecount="2" falsecount="0"/>
        <line num="151" count="4" type="cond" truecount="2" falsecount="0"/>
        <line num="152" count="4" type="stmt"/>
        <line num="153" count="4" type="cond" truecount="2" falsecount="0"/>
        <line num="154" count="2" type="stmt"/>
        <line num="155" count="2" type="cond" truecount="2" falsecount="0"/>
        <line num="157" count="2" type="stmt"/>
        <line num="158" count="2" type="stmt"/>
        <line num="159" count="2" type="stmt"/>
        <line num="161" count="2" type="cond" truecount="2" falsecount="0"/>
        <line num="164" count="1" type="cond" truecount="2" falsecount="0"/>
      </file>
      <file name="log.js" path="/Users/srinathjagannathan/Projects/active_projects/ac_projects/amazon-connect-chat-interface-enhanced/src/utils/log.js">
        <metrics statements="1" coveredstatements="0" conditionals="0" coveredconditionals="0" methods="0" coveredmethods="0"/>
        <line num="13" count="0" type="stmt"/>
      </file>
    </package>
  </project>
</coverage>
