TN:
SF:src/App.js
FN:16,(anonymous_0)
FN:18,(anonymous_1)
FN:20,(anonymous_2)
FN:30,(anonymous_3)
FN:42,App
FNF:5
FNH:5
FNDA:1,(anonymous_0)
FNDA:1,(anonymous_1)
FNDA:1,(anonymous_2)
FNDA:1,(anonymous_3)
FNDA:1,App
DA:13,1
DA:16,1
DA:18,1
DA:20,1
DA:30,1
DA:31,1
DA:38,1
DA:43,1
LF:8
LH:8
BRDA:44,0,0,1
BRDA:44,0,1,1
BRF:2
BRH:2
end_of_record
TN:
SF:src/Main.js
FN:14,(anonymous_0)
FNF:1
FNH:0
FNDA:0,(anonymous_0)
DA:8,0
DA:15,0
LF:2
LH:0
BRF:0
BRH:0
end_of_record
TN:
SF:src/index.js
FN:14,(anonymous_0)
FN:17,(anonymous_1)
FN:38,(anonymous_2)
FNF:3
FNH:0
FNDA:0,(anonymous_0)
FNDA:0,(anonymous_1)
FNDA:0,(anonymous_2)
DA:14,0
DA:15,0
DA:16,0
DA:17,0
DA:18,0
DA:19,0
DA:23,0
DA:29,0
DA:32,0
DA:34,0
DA:38,0
DA:39,0
DA:44,0
LF:13
LH:0
BRDA:15,0,0,0
BRDA:15,0,1,0
BRDA:16,1,0,0
BRDA:16,1,1,0
BRDA:18,2,0,0
BRDA:18,2,1,0
BRDA:35,3,0,0
BRDA:35,3,1,0
BRDA:45,4,0,0
BRDA:45,4,1,0
BRF:10
BRH:0
end_of_record
TN:
SF:src/assets/fonts/index.js
FNF:0
FNH:0
DA:18,0
LF:1
LH:0
BRF:0
BRH:0
end_of_record
TN:
SF:src/assets/images/index.js
FNF:0
FNH:0
LF:0
LH:0
BRF:0
BRH:0
end_of_record
TN:
SF:src/components/Chat/Chat.js
FN:54,(anonymous_0)
FN:74,(anonymous_1)
FN:94,Header
FN:109,(anonymous_3)
FN:119,(anonymous_4)
FN:120,(anonymous_5)
FN:121,(anonymous_6)
FN:134,(anonymous_7)
FN:137,(anonymous_8)
FN:143,(anonymous_9)
FN:152,(anonymous_10)
FN:163,(anonymous_11)
FN:167,(anonymous_12)
FN:174,(anonymous_13)
FN:180,(anonymous_14)
FN:185,(anonymous_15)
FN:196,(anonymous_16)
FN:208,(anonymous_17)
FN:209,(anonymous_18)
FN:210,(anonymous_19)
FN:217,(anonymous_20)
FN:222,(anonymous_21)
FN:223,(anonymous_22)
FN:224,(anonymous_23)
FN:230,(anonymous_24)
FN:231,(anonymous_25)
FNF:26
FNH:12
FNDA:6,(anonymous_0)
FNDA:3,(anonymous_1)
FNDA:3,Header
FNDA:5,(anonymous_3)
FNDA:0,(anonymous_4)
FNDA:0,(anonymous_5)
FNDA:0,(anonymous_6)
FNDA:0,(anonymous_7)
FNDA:6,(anonymous_8)
FNDA:6,(anonymous_9)
FNDA:9,(anonymous_10)
FNDA:3,(anonymous_11)
FNDA:6,(anonymous_12)
FNDA:3,(anonymous_13)
FNDA:0,(anonymous_14)
FNDA:0,(anonymous_15)
FNDA:14,(anonymous_16)
FNDA:0,(anonymous_17)
FNDA:0,(anonymous_18)
FNDA:0,(anonymous_19)
FNDA:1,(anonymous_20)
FNDA:0,(anonymous_21)
FNDA:0,(anonymous_22)
FNDA:0,(anonymous_23)
FNDA:0,(anonymous_24)
FNDA:0,(anonymous_25)
DA:16,3
DA:30,3
DA:42,3
DA:54,6
DA:59,3
DA:67,3
DA:72,3
DA:75,3
DA:90,3
DA:96,3
DA:98,3
DA:99,0
DA:101,3
DA:105,3
DA:106,3
DA:110,5
DA:112,5
DA:118,5
DA:119,5
DA:120,5
DA:121,5
DA:122,5
DA:123,4
DA:127,3
DA:133,3
DA:138,6
DA:144,6
DA:145,6
DA:146,6
DA:147,0
DA:149,6
DA:153,9
DA:154,0
DA:155,0
DA:157,9
DA:159,0
DA:164,3
DA:168,6
DA:169,6
DA:170,6
DA:171,6
DA:175,3
DA:176,3
DA:177,3
DA:181,0
DA:182,0
DA:186,0
DA:187,0
DA:197,14
DA:198,14
DA:200,14
DA:208,0
DA:209,0
DA:210,0
DA:217,1
DA:222,0
DA:223,0
DA:224,0
DA:230,0
DA:231,0
LF:60
LH:43
BRDA:98,0,0,0
BRDA:98,0,1,3
BRDA:122,1,0,4
BRDA:122,1,1,1
BRDA:122,2,0,5
BRDA:122,2,1,4
BRDA:139,3,0,0
BRDA:139,3,1,6
BRDA:139,4,0,6
BRDA:139,4,1,6
BRDA:146,5,0,0
BRDA:146,5,1,6
BRDA:149,6,0,6
BRDA:149,6,1,5
BRDA:153,7,0,0
BRDA:153,7,1,9
BRDA:157,8,0,0
BRDA:157,8,1,9
BRDA:157,9,0,9
BRDA:157,9,1,0
BRDA:202,10,0,14
BRDA:202,10,1,5
BRDA:202,10,2,5
BRDA:202,10,3,9
BRF:24
BRH:18
end_of_record
TN:
SF:src/components/Chat/ChatContainer.js
FN:34,(anonymous_0)
FN:39,(anonymous_1)
FN:44,(anonymous_2)
FN:66,(anonymous_3)
FN:71,(anonymous_4)
FN:96,(anonymous_5)
FN:98,(anonymous_6)
FN:101,(anonymous_7)
FN:106,(anonymous_8)
FN:136,(anonymous_9)
FN:165,(anonymous_10)
FN:167,(anonymous_11)
FN:170,(anonymous_12)
FN:175,(anonymous_13)
FN:180,(anonymous_14)
FN:204,(anonymous_15)
FNF:16
FNH:8
FNDA:5,(anonymous_0)
FNDA:2,(anonymous_1)
FNDA:3,(anonymous_2)
FNDA:3,(anonymous_3)
FNDA:0,(anonymous_4)
FNDA:0,(anonymous_5)
FNDA:0,(anonymous_6)
FNDA:0,(anonymous_7)
FNDA:2,(anonymous_8)
FNDA:2,(anonymous_9)
FNDA:1,(anonymous_10)
FNDA:0,(anonymous_11)
FNDA:0,(anonymous_12)
FNDA:0,(anonymous_13)
FNDA:7,(anonymous_14)
FNDA:0,(anonymous_15)
DA:19,2
DA:28,2
DA:33,2
DA:34,5
DA:38,2
DA:39,2
DA:45,3
DA:46,3
DA:53,3
DA:54,3
DA:56,3
DA:57,3
DA:59,3
DA:60,3
DA:67,3
DA:68,3
DA:72,0
DA:74,0
DA:75,0
DA:76,0
DA:77,0
DA:78,0
DA:80,0
DA:89,0
DA:91,0
DA:92,0
DA:97,0
DA:98,0
DA:99,0
DA:101,0
DA:102,0
DA:107,2
DA:115,2
DA:116,2
DA:137,2
DA:139,2
DA:141,2
DA:142,1
DA:144,0
DA:146,0
DA:147,0
DA:149,0
DA:158,0
DA:160,2
DA:161,2
DA:166,1
DA:167,0
DA:168,0
DA:170,0
DA:171,0
DA:175,3
DA:176,0
DA:177,0
DA:181,7
DA:182,5
DA:189,2
DA:190,2
DA:201,0
DA:204,0
LF:59
LH:31
BRDA:59,0,0,3
BRDA:59,0,1,0
BRDA:77,1,0,0
BRDA:77,1,1,0
BRDA:78,2,0,0
BRDA:78,2,1,0
BRDA:89,3,0,0
BRDA:89,3,1,0
BRDA:92,4,0,0
BRDA:92,4,1,0
BRDA:108,5,0,0
BRDA:108,5,1,2
BRDA:109,6,0,0
BRDA:109,6,1,2
BRDA:110,7,0,0
BRDA:110,7,1,2
BRDA:111,8,0,2
BRDA:111,8,1,0
BRDA:112,9,0,2
BRDA:112,9,1,0
BRDA:113,10,0,0
BRDA:113,10,1,2
BRDA:144,11,0,0
BRDA:144,11,1,0
BRDA:144,11,2,0
BRDA:144,11,3,0
BRDA:146,12,0,0
BRDA:146,12,1,0
BRDA:147,13,0,0
BRDA:147,13,1,0
BRDA:158,14,0,0
BRDA:158,14,1,0
BRDA:161,15,0,2
BRDA:161,15,1,2
BRDA:177,16,0,0
BRDA:177,16,1,0
BRDA:181,17,0,5
BRDA:181,17,1,2
BRDA:181,18,0,7
BRDA:181,18,1,4
BRDA:189,19,0,2
BRDA:189,19,1,0
BRF:42
BRH:14
end_of_record
TN:
SF:src/components/Chat/ChatEvents.js
FN:7,(anonymous_0)
FN:28,(anonymous_1)
FN:29,(anonymous_2)
FN:34,(anonymous_3)
FN:35,(anonymous_4)
FN:40,(anonymous_5)
FN:41,(anonymous_6)
FN:46,(anonymous_7)
FN:47,(anonymous_8)
FN:51,(anonymous_9)
FN:52,(anonymous_10)
FN:57,(anonymous_11)
FN:58,(anonymous_12)
FN:63,(anonymous_13)
FN:69,(anonymous_14)
FN:70,(anonymous_15)
FN:75,(anonymous_16)
FN:79,(anonymous_17)
FN:83,(anonymous_18)
FN:87,(anonymous_19)
FN:90,(anonymous_20)
FN:93,(anonymous_21)
FNF:22
FNH:22
FNDA:4,(anonymous_0)
FNDA:1,(anonymous_1)
FNDA:1,(anonymous_2)
FNDA:1,(anonymous_3)
FNDA:1,(anonymous_4)
FNDA:1,(anonymous_5)
FNDA:1,(anonymous_6)
FNDA:1,(anonymous_7)
FNDA:1,(anonymous_8)
FNDA:1,(anonymous_9)
FNDA:1,(anonymous_10)
FNDA:1,(anonymous_11)
FNDA:1,(anonymous_12)
FNDA:6,(anonymous_13)
FNDA:6,(anonymous_14)
FNDA:6,(anonymous_15)
FNDA:1,(anonymous_16)
FNDA:1,(anonymous_17)
FNDA:1,(anonymous_18)
FNDA:1,(anonymous_19)
FNDA:1,(anonymous_20)
FNDA:1,(anonymous_21)
DA:8,4
DA:9,4
DA:10,4
DA:11,4
DA:15,4
DA:16,4
DA:19,4
DA:29,1
DA:30,1
DA:35,1
DA:36,1
DA:41,1
DA:42,1
DA:47,1
DA:48,1
DA:52,1
DA:53,1
DA:58,1
DA:59,1
DA:64,6
DA:65,6
DA:70,6
DA:71,6
DA:76,1
DA:80,1
DA:84,1
DA:88,1
DA:91,1
DA:94,1
DA:98,3
DA:99,3
LF:31
LH:31
BRDA:64,0,0,6
BRDA:64,0,1,0
BRDA:98,1,0,3
BRDA:98,1,1,1
BRDA:99,2,0,3
BRDA:99,2,1,3
BRF:6
BRH:5
end_of_record
TN:
SF:src/components/Chat/ChatInitiator.js
FN:7,safeParse
FN:34,initiateChat
FN:87,(anonymous_2)
FNF:3
FNH:3
FNDA:10,safeParse
FNDA:10,initiateChat
FNDA:9,(anonymous_2)
DA:8,10
DA:9,10
DA:11,10
DA:35,10
DA:44,10
DA:45,0
DA:46,0
DA:53,10
DA:54,10
DA:55,0
DA:58,10
DA:59,0
DA:65,10
DA:66,3
DA:69,10
DA:70,2
DA:73,10
DA:75,10
DA:76,7
DA:79,10
DA:87,9
LF:21
LH:17
BRDA:44,0,0,0
BRDA:44,0,1,10
BRDA:45,1,0,0
BRDA:45,1,1,0
BRDA:45,2,0,0
BRDA:45,2,1,0
BRDA:54,3,0,0
BRDA:54,3,1,10
BRDA:58,4,0,0
BRDA:58,4,1,10
BRDA:65,5,0,3
BRDA:65,5,1,7
BRDA:69,6,0,2
BRDA:69,6,1,8
BRDA:75,7,0,7
BRDA:75,7,1,3
BRF:16
BRH:9
end_of_record
TN:
SF:src/components/Chat/ChatInterface.js
FN:20,(anonymous_0)
FN:25,(anonymous_1)
FN:35,(anonymous_2)
FNF:3
FNH:0
FNDA:0,(anonymous_0)
FNDA:0,(anonymous_1)
FNDA:0,(anonymous_2)
DA:11,2
DA:21,0
DA:22,0
DA:26,0
DA:27,0
DA:31,2
DA:32,2
DA:35,2
DA:36,0
DA:37,0
DA:38,0
DA:39,0
LF:12
LH:4
BRDA:31,0,0,2
BRDA:31,0,1,0
BRDA:32,1,0,2
BRDA:32,1,1,2
BRDA:36,2,0,0
BRDA:36,2,1,0
BRDA:38,3,0,0
BRDA:38,3,1,0
BRF:8
BRH:3
end_of_record
TN:
SF:src/components/Chat/ChatSession.js
FN:18,(anonymous_0)
FN:36,(anonymous_1)
FN:42,(anonymous_2)
FN:46,(anonymous_3)
FN:50,(anonymous_4)
FN:54,(anonymous_5)
FN:58,(anonymous_6)
FN:62,(anonymous_7)
FN:66,(anonymous_8)
FN:70,(anonymous_9)
FN:74,(anonymous_10)
FN:78,(anonymous_11)
FN:82,(anonymous_12)
FN:86,(anonymous_13)
FN:90,(anonymous_14)
FN:94,(anonymous_15)
FN:98,(anonymous_16)
FN:102,(anonymous_17)
FN:108,(anonymous_18)
FN:118,(anonymous_19)
FN:128,(anonymous_20)
FN:137,(anonymous_21)
FN:141,(anonymous_22)
FN:145,(anonymous_23)
FN:177,(anonymous_24)
FN:203,(anonymous_25)
FN:204,(anonymous_26)
FN:209,(anonymous_27)
FN:210,(anonymous_28)
FN:215,(anonymous_29)
FN:216,(anonymous_30)
FN:221,(anonymous_31)
FN:222,(anonymous_32)
FN:228,(anonymous_33)
FN:232,(anonymous_34)
FN:237,(anonymous_35)
FN:241,(anonymous_36)
FN:245,(anonymous_37)
FN:252,(anonymous_38)
FN:259,(anonymous_39)
FN:263,(anonymous_40)
FN:268,(anonymous_41)
FN:273,(anonymous_42)
FN:278,(anonymous_43)
FN:312,(anonymous_44)
FN:323,(anonymous_45)
FN:331,(anonymous_46)
FN:338,(anonymous_47)
FN:345,(anonymous_48)
FN:349,(anonymous_49)
FN:355,(anonymous_50)
FN:366,(anonymous_51)
FN:379,(anonymous_52)
FN:383,(anonymous_53)
FN:387,(anonymous_54)
FN:398,(anonymous_55)
FN:405,(anonymous_56)
FN:413,(anonymous_57)
FN:415,(anonymous_58)
FN:420,(anonymous_59)
FN:425,(anonymous_60)
FN:430,(anonymous_61)
FN:435,(anonymous_62)
FN:436,(anonymous_63)
FN:439,(anonymous_64)
FN:442,(anonymous_65)
FN:445,(anonymous_66)
FN:448,(anonymous_67)
FN:451,(anonymous_68)
FN:454,(anonymous_69)
FN:457,(anonymous_70)
FN:461,(anonymous_71)
FN:464,(anonymous_72)
FN:469,(anonymous_73)
FN:477,(anonymous_74)
FN:479,(anonymous_75)
FN:493,(anonymous_76)
FN:502,(anonymous_77)
FN:508,(anonymous_78)
FN:511,(anonymous_79)
FN:523,(anonymous_80)
FN:528,(anonymous_81)
FN:556,(anonymous_82)
FN:575,(anonymous_83)
FN:609,(anonymous_84)
FN:624,(anonymous_85)
FN:641,(anonymous_86)
FN:642,(anonymous_87)
FN:645,(anonymous_88)
FN:653,(anonymous_89)
FN:657,(anonymous_90)
FN:664,(anonymous_91)
FN:666,(anonymous_92)
FN:668,(anonymous_93)
FN:671,(anonymous_94)
FN:680,(anonymous_95)
FN:714,(anonymous_96)
FN:722,(anonymous_97)
FN:724,(anonymous_98)
FN:731,(anonymous_99)
FN:750,(anonymous_100)
FN:758,(anonymous_101)
FN:759,(anonymous_102)
FN:766,(anonymous_103)
FN:779,(anonymous_104)
FN:793,(anonymous_105)
FN:798,(anonymous_106)
FN:806,(anonymous_107)
FN:812,(anonymous_108)
FN:830,(anonymous_109)
FN:836,(anonymous_110)
FN:844,(anonymous_111)
FNF:112
FNH:2
FNDA:25,(anonymous_0)
FNDA:0,(anonymous_1)
FNDA:0,(anonymous_2)
FNDA:0,(anonymous_3)
FNDA:0,(anonymous_4)
FNDA:0,(anonymous_5)
FNDA:0,(anonymous_6)
FNDA:0,(anonymous_7)
FNDA:0,(anonymous_8)
FNDA:0,(anonymous_9)
FNDA:0,(anonymous_10)
FNDA:0,(anonymous_11)
FNDA:0,(anonymous_12)
FNDA:0,(anonymous_13)
FNDA:0,(anonymous_14)
FNDA:0,(anonymous_15)
FNDA:0,(anonymous_16)
FNDA:0,(anonymous_17)
FNDA:0,(anonymous_18)
FNDA:0,(anonymous_19)
FNDA:0,(anonymous_20)
FNDA:0,(anonymous_21)
FNDA:0,(anonymous_22)
FNDA:0,(anonymous_23)
FNDA:25,(anonymous_24)
FNDA:0,(anonymous_25)
FNDA:0,(anonymous_26)
FNDA:0,(anonymous_27)
FNDA:0,(anonymous_28)
FNDA:0,(anonymous_29)
FNDA:0,(anonymous_30)
FNDA:0,(anonymous_31)
FNDA:0,(anonymous_32)
FNDA:0,(anonymous_33)
FNDA:0,(anonymous_34)
FNDA:0,(anonymous_35)
FNDA:0,(anonymous_36)
FNDA:0,(anonymous_37)
FNDA:0,(anonymous_38)
FNDA:0,(anonymous_39)
FNDA:0,(anonymous_40)
FNDA:0,(anonymous_41)
FNDA:0,(anonymous_42)
FNDA:0,(anonymous_43)
FNDA:0,(anonymous_44)
FNDA:0,(anonymous_45)
FNDA:0,(anonymous_46)
FNDA:0,(anonymous_47)
FNDA:0,(anonymous_48)
FNDA:0,(anonymous_49)
FNDA:0,(anonymous_50)
FNDA:0,(anonymous_51)
FNDA:0,(anonymous_52)
FNDA:0,(anonymous_53)
FNDA:0,(anonymous_54)
FNDA:0,(anonymous_55)
FNDA:0,(anonymous_56)
FNDA:0,(anonymous_57)
FNDA:0,(anonymous_58)
FNDA:0,(anonymous_59)
FNDA:0,(anonymous_60)
FNDA:0,(anonymous_61)
FNDA:0,(anonymous_62)
FNDA:0,(anonymous_63)
FNDA:0,(anonymous_64)
FNDA:0,(anonymous_65)
FNDA:0,(anonymous_66)
FNDA:0,(anonymous_67)
FNDA:0,(anonymous_68)
FNDA:0,(anonymous_69)
FNDA:0,(anonymous_70)
FNDA:0,(anonymous_71)
FNDA:0,(anonymous_72)
FNDA:0,(anonymous_73)
FNDA:0,(anonymous_74)
FNDA:0,(anonymous_75)
FNDA:0,(anonymous_76)
FNDA:0,(anonymous_77)
FNDA:0,(anonymous_78)
FNDA:0,(anonymous_79)
FNDA:0,(anonymous_80)
FNDA:0,(anonymous_81)
FNDA:0,(anonymous_82)
FNDA:0,(anonymous_83)
FNDA:0,(anonymous_84)
FNDA:0,(anonymous_85)
FNDA:0,(anonymous_86)
FNDA:0,(anonymous_87)
FNDA:0,(anonymous_88)
FNDA:0,(anonymous_89)
FNDA:0,(anonymous_90)
FNDA:0,(anonymous_91)
FNDA:0,(anonymous_92)
FNDA:0,(anonymous_93)
FNDA:0,(anonymous_94)
FNDA:0,(anonymous_95)
FNDA:0,(anonymous_96)
FNDA:0,(anonymous_97)
FNDA:0,(anonymous_98)
FNDA:0,(anonymous_99)
FNDA:0,(anonymous_100)
FNDA:0,(anonymous_101)
FNDA:0,(anonymous_102)
FNDA:0,(anonymous_103)
FNDA:0,(anonymous_104)
FNDA:0,(anonymous_105)
FNDA:0,(anonymous_106)
FNDA:0,(anonymous_107)
FNDA:0,(anonymous_108)
FNDA:0,(anonymous_109)
FNDA:0,(anonymous_110)
FNDA:0,(anonymous_111)
DA:12,3
DA:13,3
DA:16,25
DA:22,25
DA:39,0
DA:43,0
DA:47,0
DA:51,0
DA:55,0
DA:59,0
DA:63,0
DA:67,0
DA:71,0
DA:75,0
DA:79,0
DA:83,0
DA:87,0
DA:91,0
DA:95,0
DA:99,0
DA:103,0
DA:109,0
DA:119,0
DA:131,0
DA:138,0
DA:142,0
DA:146,0
DA:151,25
DA:152,25
DA:153,25
DA:154,25
DA:155,25
DA:156,25
DA:157,25
DA:165,25
DA:167,25
DA:179,25
DA:180,0
DA:181,0
DA:185,0
DA:186,0
DA:187,0
DA:191,0
DA:192,0
DA:195,0
DA:196,0
DA:204,0
DA:205,0
DA:210,0
DA:211,0
DA:216,0
DA:217,0
DA:222,0
DA:223,0
DA:229,0
DA:233,0
DA:238,0
DA:239,0
DA:240,0
DA:242,0
DA:243,0
DA:246,0
DA:247,0
DA:253,0
DA:254,0
DA:255,0
DA:256,0
DA:260,0
DA:264,0
DA:265,0
DA:269,0
DA:270,0
DA:274,0
DA:275,0
DA:283,0
DA:284,0
DA:285,0
DA:286,0
DA:287,0
DA:289,0
DA:291,0
DA:297,0
DA:298,0
DA:301,0
DA:305,0
DA:313,0
DA:315,0
DA:317,0
DA:319,0
DA:321,0
DA:324,0
DA:325,0
DA:326,0
DA:328,0
DA:329,0
DA:332,0
DA:334,0
DA:339,0
DA:340,0
DA:341,0
DA:342,0
DA:346,0
DA:347,0
DA:350,0
DA:351,0
DA:352,0
DA:353,0
DA:356,0
DA:361,0
DA:362,0
DA:363,0
DA:365,0
DA:366,0
DA:367,0
DA:368,0
DA:369,0
DA:370,0
DA:375,0
DA:380,0
DA:384,0
DA:388,0
DA:389,0
DA:390,0
DA:391,0
DA:392,0
DA:393,0
DA:399,0
DA:400,0
DA:401,0
DA:406,0
DA:407,0
DA:408,0
DA:409,0
DA:414,0
DA:415,0
DA:416,0
DA:421,0
DA:422,0
DA:426,0
DA:427,0
DA:431,0
DA:432,0
DA:436,0
DA:437,0
DA:439,0
DA:440,0
DA:442,0
DA:443,0
DA:445,0
DA:446,0
DA:448,0
DA:449,0
DA:451,0
DA:452,0
DA:454,0
DA:455,0
DA:457,0
DA:458,0
DA:461,0
DA:462,0
DA:464,0
DA:465,0
DA:470,0
DA:471,0
DA:472,0
DA:473,0
DA:479,0
DA:480,0
DA:482,0
DA:484,0
DA:485,0
DA:488,0
DA:494,0
DA:495,0
DA:503,0
DA:504,0
DA:506,0
DA:509,0
DA:510,0
DA:511,0
DA:512,0
DA:513,0
DA:516,0
DA:517,0
DA:518,0
DA:519,0
DA:521,0
DA:524,0
DA:529,0
DA:530,0
DA:532,0
DA:533,0
DA:535,0
DA:536,0
DA:537,0
DA:539,0
DA:541,0
DA:542,0
DA:543,0
DA:544,0
DA:545,0
DA:555,0
DA:556,0
DA:557,0
DA:562,0
DA:565,0
DA:567,0
DA:568,0
DA:571,0
DA:576,0
DA:577,0
DA:578,0
DA:580,0
DA:581,0
DA:582,0
DA:583,0
DA:584,0
DA:585,0
DA:586,0
DA:587,0
DA:597,0
DA:602,0
DA:604,0
DA:605,0
DA:610,0
DA:611,0
DA:612,0
DA:614,0
DA:615,0
DA:616,0
DA:618,0
DA:619,0
DA:620,0
DA:621,0
DA:630,0
DA:631,0
DA:632,0
DA:633,0
DA:634,0
DA:635,0
DA:636,0
DA:642,0
DA:649,0
DA:650,0
DA:654,0
DA:658,0
DA:660,0
DA:661,0
DA:664,0
DA:666,0
DA:668,0
DA:669,0
DA:670,0
DA:671,0
DA:672,0
DA:673,0
DA:674,0
DA:675,0
DA:677,0
DA:680,0
DA:681,0
DA:682,0
DA:684,0
DA:686,0
DA:687,0
DA:691,0
DA:692,0
DA:694,0
DA:695,0
DA:700,0
DA:701,0
DA:702,0
DA:705,0
DA:706,0
DA:709,0
DA:710,0
DA:714,0
DA:715,0
DA:719,0
DA:723,0
DA:724,0
DA:725,0
DA:726,0
DA:728,0
DA:729,0
DA:730,0
DA:731,0
DA:732,0
DA:733,0
DA:734,0
DA:735,0
DA:738,0
DA:740,0
DA:741,0
DA:745,0
DA:751,0
DA:752,0
DA:753,0
DA:755,0
DA:759,0
DA:760,0
DA:761,0
DA:763,0
DA:767,0
DA:768,0
DA:769,0
DA:770,0
DA:771,0
DA:772,0
DA:773,0
DA:776,0
DA:780,0
DA:781,0
DA:782,0
DA:783,0
DA:785,0
DA:786,0
DA:787,0
DA:790,0
DA:794,0
DA:799,0
DA:800,0
DA:801,0
DA:807,0
DA:808,0
DA:809,0
DA:811,0
DA:812,0
DA:813,0
DA:815,0
DA:816,0
DA:817,0
DA:818,0
DA:819,0
DA:821,0
DA:824,0
DA:825,0
DA:826,0
DA:827,0
DA:831,0
DA:832,0
DA:840,0
DA:845,0
DA:846,0
DA:847,0
DA:848,0
DA:849,0
DA:850,0
DA:851,0
DA:855,0
DA:857,0
DA:858,0
LF:352
LH:14
BRDA:22,0,0,0
BRDA:22,0,1,0
BRDA:108,1,0,0
BRDA:118,2,0,0
BRDA:185,3,0,0
BRDA:185,3,1,0
BRDA:186,4,0,0
BRDA:186,4,1,0
BRDA:191,5,0,0
BRDA:191,5,1,0
BRDA:195,6,0,0
BRDA:195,6,1,0
BRDA:195,7,0,0
BRDA:195,7,1,0
BRDA:264,8,0,0
BRDA:264,8,1,0
BRDA:269,9,0,0
BRDA:269,9,1,0
BRDA:274,10,0,0
BRDA:274,10,1,0
BRDA:284,11,0,0
BRDA:284,11,1,0
BRDA:289,12,0,0
BRDA:289,12,1,0
BRDA:289,13,0,0
BRDA:289,13,1,0
BRDA:307,14,0,0
BRDA:307,14,1,0
BRDA:315,15,0,0
BRDA:315,15,1,0
BRDA:317,16,0,0
BRDA:317,16,1,0
BRDA:326,17,0,0
BRDA:326,17,1,0
BRDA:341,18,0,0
BRDA:341,18,1,0
BRDA:361,19,0,0
BRDA:361,19,1,0
BRDA:362,20,0,0
BRDA:362,20,1,0
BRDA:399,21,0,0
BRDA:399,21,1,0
BRDA:400,22,0,0
BRDA:400,22,1,0
BRDA:406,23,0,0
BRDA:406,23,1,0
BRDA:408,24,0,0
BRDA:408,24,1,0
BRDA:414,25,0,0
BRDA:414,25,1,0
BRDA:472,26,0,0
BRDA:472,26,1,0
BRDA:473,27,0,0
BRDA:473,27,1,0
BRDA:484,28,0,0
BRDA:484,28,1,0
BRDA:503,29,0,0
BRDA:503,29,1,0
BRDA:517,30,0,0
BRDA:517,30,1,0
BRDA:517,31,0,0
BRDA:517,31,1,0
BRDA:535,32,0,0
BRDA:535,32,1,0
BRDA:536,33,0,0
BRDA:536,33,1,0
BRDA:542,34,0,0
BRDA:542,34,1,0
BRDA:544,35,0,0
BRDA:544,35,1,0
BRDA:544,36,0,0
BRDA:544,36,1,0
BRDA:547,37,0,0
BRDA:547,37,1,0
BRDA:555,38,0,0
BRDA:555,38,1,0
BRDA:565,39,0,0
BRDA:565,39,1,0
BRDA:567,40,0,0
BRDA:567,40,1,0
BRDA:568,41,0,0
BRDA:568,41,1,0
BRDA:577,42,0,0
BRDA:577,42,1,0
BRDA:584,43,0,0
BRDA:584,43,1,0
BRDA:602,44,0,0
BRDA:602,44,1,0
BRDA:614,45,0,0
BRDA:614,45,1,0
BRDA:615,46,0,0
BRDA:615,46,1,0
BRDA:631,47,0,0
BRDA:631,47,1,0
BRDA:633,48,0,0
BRDA:633,48,1,0
BRDA:635,49,0,0
BRDA:635,49,1,0
BRDA:636,50,0,0
BRDA:636,50,1,0
BRDA:649,51,0,0
BRDA:649,51,1,0
BRDA:654,52,0,0
BRDA:654,52,1,0
BRDA:660,53,0,0
BRDA:660,53,1,0
BRDA:674,54,0,0
BRDA:674,54,1,0
BRDA:674,55,0,0
BRDA:674,55,1,0
BRDA:674,55,2,0
BRDA:674,55,3,0
BRDA:675,56,0,0
BRDA:675,56,1,0
BRDA:681,57,0,0
BRDA:681,57,1,0
BRDA:700,58,0,0
BRDA:700,58,1,0
BRDA:700,59,0,0
BRDA:700,59,1,0
BRDA:702,60,0,0
BRDA:702,60,1,0
BRDA:705,61,0,0
BRDA:705,61,1,0
BRDA:709,62,0,0
BRDA:709,62,1,0
BRDA:709,63,0,0
BRDA:709,63,1,0
BRDA:715,64,0,0
BRDA:715,64,1,0
BRDA:715,64,2,0
BRDA:715,65,0,0
BRDA:715,65,1,0
BRDA:726,66,0,0
BRDA:726,66,1,0
BRDA:728,67,0,0
BRDA:728,67,1,0
BRDA:732,68,0,0
BRDA:732,68,1,0
BRDA:732,69,0,0
BRDA:732,69,1,0
BRDA:734,70,0,0
BRDA:734,70,1,0
BRDA:740,71,0,0
BRDA:740,71,1,0
BRDA:745,72,0,0
BRDA:745,72,1,0
BRDA:752,73,0,0
BRDA:752,73,1,0
BRDA:760,74,0,0
BRDA:760,74,1,0
BRDA:771,75,0,0
BRDA:771,75,1,0
BRDA:771,76,0,0
BRDA:771,76,1,0
BRDA:771,76,2,0
BRDA:785,77,0,0
BRDA:785,77,1,0
BRDA:785,78,0,0
BRDA:785,78,1,0
BRDA:808,79,0,0
BRDA:808,79,1,0
BRDA:818,80,0,0
BRDA:818,80,1,0
BRDA:831,81,0,0
BRDA:831,81,1,0
BRDA:846,82,0,0
BRDA:846,82,1,0
BRDA:846,83,0,0
BRDA:846,83,1,0
BRDA:846,83,2,0
BRDA:848,84,0,0
BRDA:848,84,1,0
BRDA:850,85,0,0
BRDA:850,85,1,0
BRF:175
BRH:0
end_of_record
TN:
SF:src/components/Chat/constants.js
FNF:0
FNH:0
DA:5,12
DA:7,12
DA:19,12
DA:23,12
DA:25,12
LF:5
LH:5
BRF:0
BRH:0
end_of_record
TN:
SF:src/components/Chat/eventbus.js
FN:10,(anonymous_0)
FN:17,(anonymous_1)
FN:29,(anonymous_2)
FN:43,(anonymous_3)
FN:47,(anonymous_4)
FN:59,generateHashKey
FN:67,createHashCode
FNF:7
FNH:6
FNDA:5,(anonymous_0)
FNDA:36,(anonymous_1)
FNDA:8,(anonymous_2)
FNDA:0,(anonymous_3)
FNDA:9,(anonymous_4)
FNDA:36,generateHashKey
FNDA:36,createHashCode
DA:11,5
DA:12,5
DA:13,4
DA:18,36
DA:19,35
DA:20,35
DA:21,35
DA:22,35
DA:23,35
DA:25,1
DA:30,8
DA:31,7
DA:32,7
DA:33,7
DA:36,1
DA:37,1
DA:38,1
DA:39,1
DA:44,0
DA:48,9
DA:49,9
DA:50,9
DA:51,9
DA:52,9
DA:60,36
DA:61,30
DA:63,6
DA:68,36
DA:69,36
DA:70,688
DA:71,688
DA:72,688
DA:74,36
LF:33
LH:32
BRDA:12,0,0,4
BRDA:12,0,1,1
BRDA:12,1,0,5
BRDA:12,1,1,4
BRDA:18,2,0,35
BRDA:18,2,1,1
BRDA:18,3,0,36
BRDA:18,3,1,35
BRDA:19,4,0,35
BRDA:19,4,1,25
BRDA:23,5,0,35
BRDA:23,5,1,23
BRDA:25,6,0,1
BRDA:25,6,1,1
BRDA:30,7,0,7
BRDA:30,7,1,1
BRDA:32,8,0,7
BRDA:32,8,1,7
BRDA:37,9,0,1
BRDA:37,9,1,0
BRDA:39,10,0,1
BRDA:39,10,1,1
BRDA:49,11,0,9
BRDA:49,11,1,0
BRDA:50,12,0,9
BRDA:50,12,1,3
BRDA:60,13,0,30
BRDA:60,13,1,6
BRF:28
BRH:26
end_of_record
TN:
SF:src/components/Chat/index.js
FNF:0
FNH:0
LF:0
LH:0
BRF:0
BRH:0
end_of_record
TN:
SF:src/components/Chat/ChatActionBar/ChatActionBar.js
FN:14,(anonymous_0)
FN:36,(anonymous_1)
FN:42,(anonymous_2)
FN:43,(anonymous_3)
FN:47,createMarkup
FN:53,(anonymous_5)
FN:68,(anonymous_6)
FN:69,(anonymous_7)
FN:73,(anonymous_8)
FN:77,(anonymous_9)
FNF:10
FNH:7
FNDA:7,(anonymous_0)
FNDA:7,(anonymous_1)
FNDA:4,(anonymous_2)
FNDA:4,(anonymous_3)
FNDA:0,createMarkup
FNDA:6,(anonymous_5)
FNDA:0,(anonymous_6)
FNDA:0,(anonymous_7)
FNDA:7,(anonymous_8)
FNDA:9,(anonymous_9)
DA:11,4
DA:13,4
DA:14,7
DA:18,4
DA:28,4
DA:36,7
DA:41,4
DA:42,4
DA:43,4
DA:48,0
DA:54,6
DA:55,6
DA:56,4
DA:60,4
DA:67,4
DA:74,7
DA:83,9
DA:85,9
DA:86,0
DA:87,0
DA:91,9
LF:21
LH:18
BRDA:43,0,0,4
BRDA:43,0,1,0
BRDA:55,1,0,4
BRDA:55,1,1,2
BRDA:55,2,0,6
BRDA:55,2,1,4
BRDA:74,3,0,7
BRDA:74,3,1,5
BRDA:85,4,0,0
BRDA:85,4,1,9
BRDA:87,5,0,0
BRDA:87,5,1,0
BRDA:95,6,0,9
BRDA:95,6,1,3
BRDA:95,6,2,6
BRDA:113,7,0,9
BRDA:113,7,1,0
BRF:17
BRH:12
end_of_record
TN:
SF:src/components/Chat/ChatActionBar/index.js
FNF:0
FNH:0
LF:0
LH:0
BRF:0
BRH:0
end_of_record
TN:
SF:src/components/Chat/ChatComposer/ChatComposer.js
FN:24,(anonymous_0)
FN:25,(anonymous_1)
FN:32,(anonymous_2)
FN:33,(anonymous_3)
FN:55,(anonymous_4)
FN:56,(anonymous_5)
FN:79,(anonymous_6)
FN:82,(anonymous_7)
FN:112,(anonymous_8)
FN:114,(anonymous_9)
FN:115,(anonymous_10)
FN:122,(anonymous_11)
FN:123,(anonymous_12)
FN:127,(anonymous_13)
FN:149,(anonymous_14)
FN:150,(anonymous_15)
FN:168,ChatComposer
FN:180,(anonymous_17)
FN:184,(anonymous_18)
FN:191,hasSameContent
FN:195,onInput
FN:224,onTextInputFocus
FN:234,(anonymous_22)
FN:242,isIphone
FN:250,sendMessage
FN:262,(anonymous_25)
FN:264,(anonymous_26)
FN:265,(anonymous_27)
FN:275,sendTextMessage
FN:281,sendMarkdownMessage
FN:291,onFileInput
FN:297,clearFileInput
FN:303,sendAttachment
FN:307,sendAttachmentGivenFile
FN:335,(anonymous_34)
FNF:35
FNH:33
FNDA:123,(anonymous_0)
FNDA:123,(anonymous_1)
FNDA:123,(anonymous_2)
FNDA:123,(anonymous_3)
FNDA:119,(anonymous_4)
FNDA:119,(anonymous_5)
FNDA:18,(anonymous_6)
FNDA:18,(anonymous_7)
FNDA:123,(anonymous_8)
FNDA:123,(anonymous_9)
FNDA:123,(anonymous_10)
FNDA:123,(anonymous_11)
FNDA:123,(anonymous_12)
FNDA:123,(anonymous_13)
FNDA:18,(anonymous_14)
FNDA:18,(anonymous_15)
FNDA:217,ChatComposer
FNDA:25,(anonymous_17)
FNDA:30,(anonymous_18)
FNDA:189,hasSameContent
FNDA:191,onInput
FNDA:8,onTextInputFocus
FNDA:2,(anonymous_22)
FNDA:8,isIphone
FNDA:9,sendMessage
FNDA:217,(anonymous_25)
FNDA:96,(anonymous_26)
FNDA:96,(anonymous_27)
FNDA:9,sendTextMessage
FNDA:0,sendMarkdownMessage
FNDA:5,onFileInput
FNDA:5,clearFileInput
FNDA:4,sendAttachment
FNDA:0,sendAttachmentGivenFile
FNDA:2,(anonymous_34)
DA:16,4
DA:21,4
DA:24,123
DA:25,123
DA:30,4
DA:32,123
DA:33,123
DA:39,4
DA:55,119
DA:56,119
DA:69,4
DA:77,4
DA:79,18
DA:82,18
DA:105,4
DA:112,123
DA:114,123
DA:115,123
DA:122,123
DA:123,123
DA:127,123
DA:135,4
DA:145,4
DA:149,18
DA:150,18
DA:154,4
DA:164,4
DA:171,217
DA:172,12
DA:176,217
DA:177,217
DA:178,217
DA:180,217
DA:181,25
DA:184,217
DA:185,30
DA:186,30
DA:188,0
DA:192,189
DA:196,191
DA:197,2
DA:198,2
DA:200,2
DA:202,189
DA:203,189
DA:205,189
DA:208,189
DA:209,1
DA:210,1
DA:211,1
DA:212,1
DA:225,8
DA:226,8
DA:227,8
DA:228,8
DA:229,8
DA:230,1
DA:231,1
DA:234,8
DA:235,2
DA:236,2
DA:237,2
DA:243,8
DA:244,8
DA:251,9
DA:252,9
DA:253,9
DA:255,9
DA:256,4
DA:257,4
DA:261,217
DA:263,217
DA:265,96
DA:266,96
DA:276,9
DA:277,4
DA:282,0
DA:283,0
DA:284,0
DA:292,5
DA:293,5
DA:294,5
DA:298,5
DA:299,5
DA:300,5
DA:304,4
DA:308,0
DA:311,217
DA:312,217
DA:316,217
DA:319,217
DA:330,217
DA:337,2
DA:338,2
DA:339,2
DA:398,217
LF:96
LH:91
BRDA:123,0,0,123
BRDA:123,0,1,0
BRDA:171,1,0,12
BRDA:171,1,1,205
BRDA:171,2,0,217
BRDA:171,2,1,12
BRDA:181,3,0,25
BRDA:181,3,1,12
BRDA:185,4,0,30
BRDA:185,4,1,0
BRDA:185,5,0,30
BRDA:185,5,1,3
BRDA:185,5,2,0
BRDA:196,6,0,2
BRDA:196,6,1,189
BRDA:196,7,0,191
BRDA:196,7,1,187
BRDA:202,8,0,189
BRDA:202,8,1,0
BRDA:208,9,0,1
BRDA:208,9,1,188
BRDA:208,10,0,189
BRDA:208,10,1,188
BRDA:209,11,0,1
BRDA:209,11,1,0
BRDA:209,12,0,1
BRDA:209,12,1,1
BRDA:225,13,0,8
BRDA:225,13,1,0
BRDA:225,14,0,8
BRDA:225,14,1,8
BRDA:229,15,0,1
BRDA:229,15,1,7
BRDA:235,16,0,2
BRDA:235,16,1,0
BRDA:235,16,2,0
BRDA:243,17,0,8
BRDA:243,17,1,8
BRDA:244,18,0,8
BRDA:244,18,1,8
BRDA:255,19,0,4
BRDA:255,19,1,5
BRDA:276,20,0,4
BRDA:276,20,1,5
BRDA:283,21,0,0
BRDA:283,21,1,0
BRDA:294,22,0,5
BRDA:294,22,1,1
BRDA:300,23,0,5
BRDA:300,23,1,1
BRDA:316,24,0,186
BRDA:316,24,1,31
BRDA:321,25,0,217
BRDA:321,25,1,211
BRDA:331,26,0,217
BRDA:331,26,1,211
BRDA:331,26,2,210
BRDA:337,27,0,2
BRDA:337,27,1,0
BRDA:337,28,0,2
BRDA:337,28,1,1
BRDA:365,29,0,217
BRDA:365,29,1,31
BRDA:393,30,0,217
BRDA:393,30,1,38
BRDA:400,31,0,217
BRDA:400,31,1,214
BRDA:401,32,0,1
BRDA:401,32,1,213
BRDA:401,33,0,214
BRDA:401,33,1,211
BRF:71
BRH:60
end_of_record
TN:
SF:src/components/Chat/ChatComposer/SendMessageButton.js
FN:10,(anonymous_0)
FN:13,(anonymous_1)
FN:24,SendMessageButton
FN:32,(anonymous_3)
FNF:4
FNH:4
FNDA:127,(anonymous_0)
FNDA:127,(anonymous_1)
FNDA:127,SendMessageButton
FNDA:4,(anonymous_3)
DA:6,5
DA:7,5
DA:9,5
DA:10,127
DA:13,127
DA:25,127
DA:34,4
DA:35,4
LF:8
LH:8
BRDA:10,0,0,96
BRDA:10,0,1,31
BRDA:13,1,0,96
BRDA:13,1,1,31
BRDA:34,2,0,4
BRDA:34,2,1,0
BRDA:34,3,0,4
BRDA:34,3,1,2
BRF:8
BRH:7
end_of_record
TN:
SF:src/components/Chat/ChatComposer/index.js
FNF:0
FNH:0
LF:0
LH:0
BRF:0
BRH:0
end_of_record
TN:
SF:src/components/Chat/ChatTranscriptor/ChatTranscriptScroller.js
FN:38,(anonymous_0)
FN:41,ChatTranscriptScroller
FN:65,isValidScrollTop
FN:71,(anonymous_3)
FN:74,(anonymous_4)
FN:77,(anonymous_5)
FN:81,(anonymous_6)
FN:84,(anonymous_7)
FN:88,(anonymous_8)
FN:97,(anonymous_9)
FN:104,(anonymous_10)
FN:105,(anonymous_11)
FN:109,(anonymous_12)
FN:113,handleScroll
FN:118,(anonymous_14)
FNF:15
FNH:9
FNDA:0,(anonymous_0)
FNDA:6,ChatTranscriptScroller
FNDA:6,isValidScrollTop
FNDA:12,(anonymous_3)
FNDA:0,(anonymous_4)
FNDA:6,(anonymous_5)
FNDA:0,(anonymous_6)
FNDA:6,(anonymous_7)
FNDA:0,(anonymous_8)
FNDA:6,(anonymous_9)
FNDA:6,(anonymous_10)
FNDA:6,(anonymous_11)
FNDA:6,(anonymous_12)
FNDA:0,handleScroll
FNDA:0,(anonymous_14)
DA:17,3
DA:21,3
DA:22,3
DA:24,3
DA:32,3
DA:37,3
DA:38,0
DA:48,6
DA:50,6
DA:51,6
DA:53,6
DA:56,6
DA:59,6
DA:61,6
DA:66,6
DA:71,6
DA:72,12
DA:74,6
DA:75,0
DA:77,6
DA:79,6
DA:81,6
DA:82,0
DA:84,6
DA:85,6
DA:86,6
DA:87,0
DA:88,0
DA:89,6
DA:90,6
DA:91,0
DA:92,0
DA:93,0
DA:97,6
DA:99,6
DA:100,0
DA:104,6
DA:105,6
DA:107,6
DA:108,6
DA:109,6
DA:115,0
DA:116,0
DA:117,0
DA:118,0
DA:119,0
DA:124,6
LF:47
LH:33
BRDA:61,0,0,0
BRDA:61,0,1,6
BRDA:61,1,0,6
BRDA:61,1,1,6
BRDA:66,2,0,6
BRDA:66,2,1,0
BRDA:66,2,2,0
BRDA:79,3,0,6
BRDA:79,3,1,0
BRDA:82,4,0,0
BRDA:82,4,1,0
BRDA:82,4,2,0
BRDA:86,5,0,0
BRDA:86,5,1,6
BRDA:87,6,0,0
BRDA:87,6,1,0
BRDA:89,7,0,6
BRDA:89,7,1,0
BRDA:91,8,0,0
BRDA:91,8,1,0
BRDA:99,9,0,0
BRDA:99,9,1,6
BRDA:108,10,0,6
BRDA:108,10,1,0
BRDA:115,11,0,0
BRDA:115,11,1,0
BRDA:115,11,2,0
BRDA:116,12,0,0
BRDA:116,12,1,0
BRDA:126,13,0,6
BRDA:126,13,1,0
BRF:31
BRH:10
end_of_record
TN:
SF:src/components/Chat/ChatTranscriptor/ChatTranscriptor.js
FN:26,(anonymous_0)
FN:35,(anonymous_1)
FN:41,(anonymous_2)
FN:47,(anonymous_3)
FN:64,(anonymous_4)
FN:66,(anonymous_5)
FN:72,(anonymous_6)
FN:138,(anonymous_7)
FN:152,(anonymous_8)
FN:154,(anonymous_9)
FN:172,(anonymous_10)
FN:173,(anonymous_11)
FNF:12
FNH:7
FNDA:6,(anonymous_0)
FNDA:12,(anonymous_1)
FNDA:12,(anonymous_2)
FNDA:0,(anonymous_3)
FNDA:0,(anonymous_4)
FNDA:0,(anonymous_5)
FNDA:24,(anonymous_6)
FNDA:0,(anonymous_7)
FNDA:6,(anonymous_8)
FNDA:24,(anonymous_9)
FNDA:24,(anonymous_10)
FNDA:0,(anonymous_11)
DA:21,3
DA:25,3
DA:26,6
DA:32,3
DA:36,12
DA:42,12
DA:48,0
DA:55,3
DA:64,6
DA:65,0
DA:66,0
DA:67,0
DA:68,0
DA:72,6
DA:73,24
DA:74,24
DA:75,24
DA:77,24
DA:79,24
DA:80,24
DA:85,24
DA:86,24
DA:88,24
DA:89,0
DA:95,24
DA:97,24
DA:98,12
DA:99,12
DA:108,12
DA:109,12
DA:110,12
DA:117,0
DA:118,0
DA:119,0
DA:121,0
DA:123,24
DA:124,24
DA:131,24
DA:138,6
DA:140,0
DA:141,0
DA:142,0
DA:143,0
DA:153,6
DA:155,24
DA:159,6
DA:161,6
DA:172,24
DA:174,0
LF:49
LH:34
BRDA:75,0,0,6
BRDA:75,0,1,18
BRDA:75,1,0,24
BRDA:75,1,1,24
BRDA:88,2,0,0
BRDA:88,2,1,24
BRDA:97,3,0,12
BRDA:97,3,1,12
BRDA:108,4,0,12
BRDA:108,4,1,0
BRDA:117,5,0,0
BRDA:117,5,1,0
BRDA:123,6,0,24
BRDA:123,6,1,0
BRDA:123,7,0,24
BRDA:123,7,1,24
BRDA:123,7,2,24
BRDA:133,8,0,0
BRDA:133,8,1,24
BRDA:155,9,0,24
BRDA:155,9,1,12
BRDA:155,9,2,24
BRDA:166,10,0,6
BRDA:166,10,1,0
BRDA:168,11,0,6
BRDA:168,11,1,0
BRDA:168,11,2,0
BRDA:168,11,3,6
BRF:28
BRH:19
end_of_record
TN:
SF:src/components/Chat/ChatTranscriptor/index.js
FNF:0
FNH:0
LF:0
LH:0
BRF:0
BRH:0
end_of_record
TN:
SF:src/components/Chat/ChatTranscriptor/ChatMessages/ChatMessage.js
FN:28,(anonymous_0)
FN:28,(anonymous_1)
FN:32,(anonymous_2)
FN:49,(anonymous_3)
FN:50,(anonymous_4)
FN:57,(anonymous_5)
FN:62,(anonymous_6)
FN:64,(anonymous_7)
FN:66,(anonymous_8)
FN:67,(anonymous_9)
FN:71,(anonymous_10)
FN:72,(anonymous_11)
FN:96,(anonymous_12)
FN:99,(anonymous_13)
FN:103,(anonymous_14)
FN:104,(anonymous_15)
FN:108,(anonymous_16)
FN:109,(anonymous_17)
FN:109,(anonymous_18)
FN:109,(anonymous_19)
FN:112,(anonymous_20)
FN:117,(anonymous_21)
FN:120,(anonymous_22)
FN:145,(anonymous_23)
FN:157,(anonymous_24)
FN:174,(anonymous_25)
FN:228,(anonymous_26)
FN:257,(anonymous_27)
FN:262,(anonymous_28)
FN:284,(anonymous_29)
FN:293,(anonymous_30)
FN:300,(anonymous_31)
FN:355,(anonymous_32)
FN:356,(anonymous_33)
FN:376,(anonymous_34)
FN:382,(anonymous_35)
FN:432,(anonymous_36)
FN:444,(anonymous_37)
FN:445,(anonymous_38)
FN:464,(anonymous_39)
FN:474,(anonymous_40)
FN:479,(anonymous_41)
FN:495,(anonymous_42)
FN:502,(anonymous_43)
FN:510,(anonymous_44)
FN:525,(anonymous_45)
FNF:46
FNH:39
FNDA:24,(anonymous_0)
FNDA:24,(anonymous_1)
FNDA:24,(anonymous_2)
FNDA:77,(anonymous_3)
FNDA:77,(anonymous_4)
FNDA:77,(anonymous_5)
FNDA:77,(anonymous_6)
FNDA:77,(anonymous_7)
FNDA:77,(anonymous_8)
FNDA:77,(anonymous_9)
FNDA:77,(anonymous_10)
FNDA:77,(anonymous_11)
FNDA:8,(anonymous_12)
FNDA:8,(anonymous_13)
FNDA:0,(anonymous_14)
FNDA:0,(anonymous_15)
FNDA:8,(anonymous_16)
FNDA:8,(anonymous_17)
FNDA:8,(anonymous_18)
FNDA:8,(anonymous_19)
FNDA:8,(anonymous_20)
FNDA:0,(anonymous_21)
FNDA:1,(anonymous_22)
FNDA:39,(anonymous_23)
FNDA:20,(anonymous_24)
FNDA:77,(anonymous_25)
FNDA:77,(anonymous_26)
FNDA:42,(anonymous_27)
FNDA:40,(anonymous_28)
FNDA:39,(anonymous_29)
FNDA:39,(anonymous_30)
FNDA:79,(anonymous_31)
FNDA:1,(anonymous_32)
FNDA:77,(anonymous_33)
FNDA:48,(anonymous_34)
FNDA:77,(anonymous_35)
FNDA:8,(anonymous_36)
FNDA:0,(anonymous_37)
FNDA:0,(anonymous_38)
FNDA:6,(anonymous_39)
FNDA:0,(anonymous_40)
FNDA:0,(anonymous_41)
FNDA:1,(anonymous_42)
FNDA:1,(anonymous_43)
FNDA:17,(anonymous_44)
FNDA:17,(anonymous_45)
DA:27,4
DA:28,24
DA:32,24
DA:34,4
DA:37,4
DA:44,4
DA:47,4
DA:49,77
DA:50,77
DA:52,4
DA:56,4
DA:58,77
DA:62,77
DA:64,77
DA:66,77
DA:67,77
DA:71,77
DA:73,77
DA:95,4
DA:96,8
DA:99,8
DA:102,4
DA:103,0
DA:104,0
DA:107,4
DA:108,8
DA:109,8
DA:112,8
DA:116,4
DA:117,0
DA:120,4
DA:121,1
DA:122,1
DA:123,1
DA:125,1
DA:126,1
DA:135,4
DA:146,39
DA:147,39
DA:151,39
DA:152,39
DA:153,15
DA:158,20
DA:159,20
DA:160,20
DA:161,20
DA:162,20
DA:163,20
DA:164,2
DA:166,18
DA:175,77
DA:176,77
DA:177,77
DA:178,77
DA:180,77
DA:181,77
DA:183,0
DA:195,0
DA:197,20
DA:198,20
DA:200,8
DA:211,8
DA:213,49
DA:215,77
DA:235,77
DA:236,77
DA:237,69
DA:239,8
DA:258,42
DA:259,42
DA:268,40
DA:270,40
DA:277,1
DA:286,39
DA:287,39
DA:294,39
DA:301,79
DA:303,79
DA:308,79
DA:309,79
DA:315,8
DA:316,8
DA:318,8
DA:319,8
DA:320,6
DA:324,79
DA:327,25
DA:331,16
DA:332,16
DA:333,16
DA:334,8
DA:339,9
DA:342,9
DA:345,54
DA:346,54
DA:347,54
DA:348,2
DA:352,77
DA:355,1
DA:357,77
DA:377,48
DA:378,24
DA:383,77
DA:384,25
DA:392,52
DA:393,14
DA:394,14
DA:395,8
DA:396,8
DA:407,6
DA:408,6
DA:410,38
DA:413,4
DA:414,4
DA:415,2
DA:416,4
DA:419,34
DA:420,26
DA:421,26
DA:423,8
DA:424,8
DA:425,2
DA:426,2
DA:429,6
DA:433,8
DA:434,0
DA:436,8
DA:445,0
DA:446,0
DA:447,0
DA:450,0
DA:465,6
DA:471,4
DA:475,0
DA:480,0
DA:495,12
DA:496,1
DA:497,1
DA:498,0
DA:500,1
DA:503,1
DA:504,1
DA:505,1
DA:506,1
DA:511,17
DA:512,4
DA:522,13
DA:526,17
DA:527,0
DA:530,17
LF:150
LH:136
BRDA:58,0,0,38
BRDA:58,0,1,39
BRDA:62,1,0,0
BRDA:62,1,1,77
BRDA:64,2,0,6
BRDA:64,2,1,71
BRDA:66,3,0,8
BRDA:66,3,1,69
BRDA:71,4,0,8
BRDA:71,4,1,69
BRDA:73,5,0,38
BRDA:73,5,1,39
BRDA:122,6,0,1
BRDA:122,6,1,0
BRDA:122,7,0,1
BRDA:122,7,1,1
BRDA:152,8,0,15
BRDA:152,8,1,24
BRDA:152,9,0,39
BRDA:152,9,1,15
BRDA:163,10,0,2
BRDA:163,10,1,18
BRDA:176,11,0,77
BRDA:176,11,1,49
BRDA:176,12,0,20
BRDA:176,12,1,29
BRDA:181,13,0,0
BRDA:181,13,1,20
BRDA:181,13,2,8
BRDA:181,13,3,49
BRDA:219,14,0,77
BRDA:219,14,1,0
BRDA:231,15,0,69
BRDA:232,16,0,73
BRDA:233,17,0,0
BRDA:236,18,0,69
BRDA:236,18,1,8
BRDA:236,19,0,77
BRDA:236,19,1,38
BRDA:242,20,0,8
BRDA:242,20,1,4
BRDA:247,21,0,8
BRDA:247,21,1,4
BRDA:270,22,0,1
BRDA:270,22,1,39
BRDA:271,23,0,40
BRDA:271,23,1,1
BRDA:271,23,2,1
BRDA:271,23,3,1
BRDA:271,23,4,1
BRDA:279,24,0,1
BRDA:279,24,1,0
BRDA:303,25,0,40
BRDA:303,25,1,39
BRDA:309,26,0,8
BRDA:309,26,1,71
BRDA:310,27,0,79
BRDA:310,27,1,25
BRDA:310,27,2,25
BRDA:319,28,0,6
BRDA:319,28,1,2
BRDA:319,29,0,8
BRDA:319,29,1,6
BRDA:319,29,2,4
BRDA:324,30,0,25
BRDA:324,30,1,54
BRDA:327,31,0,16
BRDA:327,31,1,9
BRDA:328,32,0,25
BRDA:328,32,1,25
BRDA:333,33,0,8
BRDA:333,33,1,8
BRDA:333,34,0,16
BRDA:333,34,1,8
BRDA:347,35,0,2
BRDA:347,35,1,52
BRDA:362,36,0,25
BRDA:362,36,1,52
BRDA:371,37,0,77
BRDA:371,37,1,8
BRDA:377,38,0,24
BRDA:377,38,1,24
BRDA:383,39,0,25
BRDA:383,39,1,52
BRDA:392,40,0,14
BRDA:392,40,1,38
BRDA:394,41,0,8
BRDA:394,41,1,6
BRDA:410,42,0,4
BRDA:410,42,1,34
BRDA:410,43,0,38
BRDA:410,43,1,4
BRDA:414,44,0,2
BRDA:414,44,1,2
BRDA:414,45,0,4
BRDA:414,45,1,2
BRDA:419,46,0,26
BRDA:419,46,1,8
BRDA:424,47,0,2
BRDA:424,47,1,6
BRDA:433,48,0,0
BRDA:433,48,1,8
BRDA:433,49,0,8
BRDA:433,49,1,8
BRDA:439,50,0,8
BRDA:439,50,1,0
BRDA:475,51,0,0
BRDA:475,51,1,0
BRDA:485,52,0,0
BRDA:485,52,1,0
BRDA:497,53,0,0
BRDA:497,53,1,1
BRDA:511,54,0,4
BRDA:511,54,1,13
BRDA:526,55,0,0
BRDA:526,55,1,17
BRF:116
BRH:102
end_of_record
TN:
SF:src/components/Chat/ChatTranscriptor/ChatMessages/InteractiveMessage.js
FN:19,(anonymous_0)
FN:20,(anonymous_1)
FN:22,(anonymous_2)
FN:27,(anonymous_3)
FN:37,(anonymous_4)
FN:55,(anonymous_5)
FN:59,(anonymous_6)
FN:69,(anonymous_7)
FN:79,(anonymous_8)
FN:82,(anonymous_9)
FN:92,(anonymous_10)
FN:94,(anonymous_11)
FN:104,(anonymous_12)
FN:105,(anonymous_13)
FN:107,(anonymous_14)
FN:108,(anonymous_15)
FN:109,(anonymous_16)
FN:110,(anonymous_17)
FN:111,(anonymous_18)
FN:116,(anonymous_19)
FN:117,(anonymous_20)
FN:127,(anonymous_21)
FN:128,(anonymous_22)
FN:138,(anonymous_23)
FN:154,InteractiveMessage
FN:158,onAddMessage
FN:167,(anonymous_26)
FN:169,(anonymous_27)
FN:193,(anonymous_28)
FN:200,renderTemplate
FN:231,ReactiveImage
FN:232,(anonymous_31)
FN:240,HeaderText
FN:249,ExternalLinkIcon
FN:265,PickerElementLinkOption
FNF:35
FNH:34
FNDA:176,(anonymous_0)
FNDA:176,(anonymous_1)
FNDA:176,(anonymous_2)
FNDA:176,(anonymous_3)
FNDA:176,(anonymous_4)
FNDA:176,(anonymous_5)
FNDA:176,(anonymous_6)
FNDA:219,(anonymous_7)
FNDA:224,(anonymous_8)
FNDA:224,(anonymous_9)
FNDA:158,(anonymous_10)
FNDA:158,(anonymous_11)
FNDA:114,(anonymous_12)
FNDA:114,(anonymous_13)
FNDA:114,(anonymous_14)
FNDA:114,(anonymous_15)
FNDA:114,(anonymous_16)
FNDA:114,(anonymous_17)
FNDA:114,(anonymous_18)
FNDA:114,(anonymous_19)
FNDA:114,(anonymous_20)
FNDA:114,(anonymous_21)
FNDA:114,(anonymous_22)
FNDA:365,(anonymous_23)
FNDA:138,InteractiveMessage
FNDA:24,onAddMessage
FNDA:106,(anonymous_26)
FNDA:1,(anonymous_27)
FNDA:122,(anonymous_28)
FNDA:128,renderTemplate
FNDA:104,ReactiveImage
FNDA:0,(anonymous_31)
FNDA:174,HeaderText
FNDA:114,ExternalLinkIcon
FNDA:114,PickerElementLinkOption
DA:18,10
DA:19,176
DA:20,176
DA:22,176
DA:27,176
DA:37,176
DA:55,176
DA:59,176
DA:64,10
DA:68,10
DA:69,219
DA:72,10
DA:78,10
DA:79,224
DA:82,224
DA:89,10
DA:92,158
DA:94,158
DA:99,10
DA:104,114
DA:105,114
DA:107,114
DA:108,114
DA:109,114
DA:110,114
DA:111,114
DA:116,114
DA:117,114
DA:127,114
DA:128,114
DA:131,10
DA:138,365
DA:146,10
DA:155,138
DA:156,138
DA:159,24
DA:160,24
DA:167,138
DA:169,106
DA:170,1
DA:172,1
DA:178,1
DA:180,1
DA:181,1
DA:184,106
DA:185,2
DA:186,2
DA:187,2
DA:193,138
DA:194,122
DA:195,122
DA:197,0
DA:201,128
DA:202,42
DA:203,86
DA:204,85
DA:205,1
DA:206,1
DA:211,138
DA:212,3
DA:213,135
DA:214,3
DA:215,132
DA:216,4
DA:219,128
DA:226,10
DA:232,104
DA:235,10
DA:241,174
DA:250,114
DA:266,114
LF:71
LH:70
BRDA:22,0,0,57
BRDA:22,0,1,119
BRDA:27,1,0,114
BRDA:27,1,1,62
BRDA:37,2,0,57
BRDA:37,2,1,119
BRDA:82,3,0,0
BRDA:82,3,1,224
BRDA:94,4,0,114
BRDA:94,4,1,44
BRDA:138,5,0,114
BRDA:138,5,1,251
BRDA:174,6,0,1
BRDA:174,6,1,1
BRDA:184,7,0,104
BRDA:184,7,1,2
BRDA:194,8,0,122
BRDA:194,8,1,0
BRDA:194,9,0,122
BRDA:194,9,1,11
BRDA:194,9,2,0
BRDA:201,10,0,42
BRDA:201,10,1,86
BRDA:203,11,0,85
BRDA:203,11,1,1
BRDA:205,12,0,1
BRDA:205,12,1,0
BRDA:211,13,0,3
BRDA:211,13,1,135
BRDA:213,14,0,3
BRDA:213,14,1,132
BRDA:215,15,0,4
BRDA:215,15,1,128
BRDA:244,16,0,174
BRDA:244,16,1,173
BRDA:269,17,0,114
BRDA:269,17,1,114
BRF:37
BRH:33
end_of_record
TN:
SF:src/components/Chat/ChatTranscriptor/ChatMessages/SystemMessage.js
FN:16,(anonymous_0)
FN:74,(anonymous_1)
FNF:2
FNH:2
FNDA:7,(anonymous_0)
FNDA:7,(anonymous_1)
DA:10,4
DA:14,4
DA:16,7
DA:17,7
DA:18,7
DA:19,7
DA:20,7
DA:22,1
DA:23,1
DA:31,1
DA:32,1
DA:40,1
DA:45,1
DA:53,1
DA:61,1
DA:70,1
DA:75,7
LF:17
LH:17
BRDA:20,0,0,1
BRDA:20,0,1,1
BRDA:20,0,2,1
BRDA:20,0,3,1
BRDA:20,0,4,1
BRDA:20,0,5,1
BRDA:20,0,6,1
BRF:7
BRH:7
end_of_record
TN:
SF:src/components/Chat/ChatTranscriptor/ChatMessages/InteractiveMessages/Carousel.js
FN:17,isCarouselSelectionMessage
FN:22,(anonymous_1)
FN:29,formatCarouselInteractiveSelection
FN:38,(anonymous_3)
FN:39,(anonymous_4)
FN:62,(anonymous_5)
FN:77,(anonymous_6)
FN:86,NestedInteractiveMessages
FN:89,(anonymous_8)
FN:103,ChevronIcon
FN:130,Carousel
FN:135,(anonymous_11)
FN:139,(anonymous_12)
FNF:13
FNH:13
FNDA:35,isCarouselSelectionMessage
FNDA:57,(anonymous_1)
FNDA:8,formatCarouselInteractiveSelection
FNDA:33,(anonymous_3)
FNDA:33,(anonymous_4)
FNDA:66,(anonymous_5)
FNDA:66,(anonymous_6)
FNDA:33,NestedInteractiveMessages
FNDA:99,(anonymous_8)
FNDA:66,ChevronIcon
FNDA:33,Carousel
FNDA:3,(anonymous_11)
FNDA:3,(anonymous_12)
DA:14,10
DA:18,35
DA:19,26
DA:20,26
DA:22,57
DA:25,9
DA:30,8
DA:32,8
DA:33,8
DA:37,10
DA:38,33
DA:39,33
DA:55,10
DA:62,66
DA:75,10
DA:77,66
DA:87,33
DA:90,99
DA:104,66
DA:120,10
DA:132,33
DA:133,33
DA:135,33
DA:136,3
DA:139,33
DA:140,3
DA:144,33
DA:146,33
LF:28
LH:28
BRDA:18,0,0,26
BRDA:18,0,1,9
BRDA:22,1,0,57
BRDA:22,1,1,48
BRDA:32,2,0,3
BRDA:32,2,1,5
BRDA:62,3,0,33
BRDA:62,3,1,33
BRDA:77,4,0,33
BRDA:77,4,1,33
BRF:10
BRH:10
end_of_record
TN:
SF:src/components/Chat/ChatTranscriptor/ChatMessages/InteractiveMessages/ListPicker.js
FN:27,(anonymous_0)
FN:29,(anonymous_1)
FN:42,(anonymous_2)
FN:45,(anonymous_3)
FN:49,(anonymous_4)
FN:54,(anonymous_5)
FN:55,(anonymous_6)
FN:61,(anonymous_7)
FN:62,(anonymous_8)
FN:63,(anonymous_9)
FN:64,(anonymous_10)
FN:66,(anonymous_11)
FN:67,(anonymous_12)
FN:71,ListPickerElement
FN:127,ListPicker
FN:154,onImageLoad
FN:158,onElementImageLoad
FN:162,onItemClick
FN:178,(anonymous_18)
FN:179,(anonymous_19)
FN:199,(anonymous_20)
FN:203,(anonymous_21)
FNF:22
FNH:20
FNDA:19,(anonymous_0)
FNDA:19,(anonymous_1)
FNDA:126,(anonymous_2)
FNDA:126,(anonymous_3)
FNDA:126,(anonymous_4)
FNDA:126,(anonymous_5)
FNDA:126,(anonymous_6)
FNDA:42,(anonymous_7)
FNDA:42,(anonymous_8)
FNDA:42,(anonymous_9)
FNDA:42,(anonymous_10)
FNDA:42,(anonymous_11)
FNDA:42,(anonymous_12)
FNDA:162,ListPickerElement
FNDA:57,ListPicker
FNDA:0,onImageLoad
FNDA:0,onElementImageLoad
FNDA:18,onItemClick
FNDA:162,(anonymous_18)
FNDA:476,(anonymous_19)
FNDA:162,(anonymous_20)
FNDA:18,(anonymous_21)
DA:24,10
DA:27,19
DA:29,19
DA:40,10
DA:42,126
DA:45,126
DA:49,126
DA:54,126
DA:55,126
DA:60,10
DA:61,42
DA:62,42
DA:63,42
DA:64,42
DA:66,42
DA:67,42
DA:78,162
DA:79,162
DA:80,162
DA:82,162
DA:83,36
DA:92,126
DA:120,10
DA:145,57
DA:148,57
DA:149,57
DA:151,57
DA:152,57
DA:155,0
DA:159,0
DA:163,18
DA:164,18
DA:175,18
DA:178,57
DA:179,162
DA:180,476
DA:182,162
DA:185,57
DA:200,162
DA:204,18
LF:40
LH:38
BRDA:27,0,0,0
BRDA:27,0,1,19
BRDA:29,1,0,0
BRDA:29,1,1,19
BRDA:42,2,0,50
BRDA:42,2,1,76
BRDA:67,3,0,0
BRDA:67,3,1,42
BRDA:82,4,0,36
BRDA:82,4,1,126
BRDA:82,5,0,162
BRDA:82,5,1,36
BRDA:95,6,0,126
BRDA:95,6,1,0
BRDA:95,6,2,126
BRDA:99,7,0,126
BRDA:99,7,1,42
BRDA:108,8,0,50
BRDA:108,8,1,76
BRDA:187,9,0,57
BRDA:187,9,1,19
BRF:21
BRH:17
end_of_record
TN:
SF:src/components/Chat/ChatTranscriptor/ChatMessages/InteractiveMessages/Panel.js
FN:22,(anonymous_0)
FN:24,(anonymous_1)
FN:38,(anonymous_2)
FN:42,(anonymous_3)
FN:47,(anonymous_4)
FN:48,(anonymous_5)
FN:54,PanelPickerElement
FN:76,Panel
FN:102,onImageLoad
FN:106,onItemClick
FN:136,(anonymous_10)
FN:139,(anonymous_11)
FNF:12
FNH:11
FNDA:43,(anonymous_0)
FNDA:43,(anonymous_1)
FNDA:175,(anonymous_2)
FNDA:175,(anonymous_3)
FNDA:175,(anonymous_4)
FNDA:175,(anonymous_5)
FNDA:253,PanelPickerElement
FNDA:86,Panel
FNDA:0,onImageLoad
FNDA:21,onItemClick
FNDA:253,(anonymous_10)
FNDA:21,(anonymous_11)
DA:19,10
DA:22,43
DA:24,43
DA:33,10
DA:38,175
DA:42,175
DA:47,175
DA:48,175
DA:55,253
DA:56,253
DA:58,253
DA:59,78
DA:62,175
DA:69,10
DA:94,86
DA:97,86
DA:98,86
DA:100,86
DA:103,0
DA:107,21
DA:108,21
DA:119,21
DA:122,86
DA:137,253
DA:140,21
LF:25
LH:24
BRDA:22,0,0,0
BRDA:22,0,1,43
BRDA:24,1,0,36
BRDA:24,1,1,7
BRDA:58,2,0,78
BRDA:58,2,1,175
BRDA:58,3,0,253
BRDA:58,3,1,78
BRDA:124,4,0,86
BRDA:124,4,1,43
BRF:10
BRH:9
end_of_record
TN:
SF:src/components/Chat/ChatTranscriptor/ChatMessages/InteractiveMessages/QuickReply.js
FN:20,(anonymous_0)
FN:24,(anonymous_1)
FN:29,(anonymous_2)
FN:36,(anonymous_3)
FN:53,ReplyElement
FN:57,(anonymous_5)
FN:68,QuickReply
FN:79,(anonymous_7)
FNF:8
FNH:8
FNDA:24,(anonymous_0)
FNDA:24,(anonymous_1)
FNDA:108,(anonymous_2)
FNDA:108,(anonymous_3)
FNDA:108,ReplyElement
FNDA:21,(anonymous_5)
FNDA:24,QuickReply
FNDA:108,(anonymous_7)
DA:13,10
DA:19,10
DA:20,24
DA:24,24
DA:28,10
DA:29,108
DA:36,108
DA:54,108
DA:56,108
DA:57,21
DA:63,10
DA:70,24
DA:71,24
DA:73,24
DA:80,108
LF:15
LH:15
BRF:0
BRH:0
end_of_record
TN:
SF:src/components/Chat/ChatTranscriptor/ChatMessages/InteractiveMessages/TimePicker.js
FN:20,(anonymous_0)
FN:28,(anonymous_1)
FN:53,(anonymous_2)
FN:62,(anonymous_3)
FN:65,(anonymous_4)
FN:68,(anonymous_5)
FN:73,(anonymous_6)
FN:82,(anonymous_7)
FN:82,(anonymous_8)
FN:85,(anonymous_9)
FN:86,(anonymous_10)
FN:114,(anonymous_11)
FN:116,(anonymous_12)
FN:117,(anonymous_13)
FN:121,getLocale
FN:125,TimeslotButton
FN:150,Chevron
FN:163,TimePicker
FN:182,showEarlierDate
FN:186,showLaterDate
FN:190,changeDate
FN:196,showEarlierTimeslots
FN:200,showLaterTimeslots
FN:204,onTimeslotSelect
FN:208,resetSelection
FN:212,confirmSelection
FN:216,renderTimeslot
FN:270,getTimeslotsGroupedByDate
FN:272,(anonymous_28)
FN:273,(anonymous_29)
FN:284,applyTimeZoneOffset
FN:296,getTimeslotsWithTimeZoneOffset
FN:297,(anonymous_32)
FNF:33
FNH:30
FNDA:15,(anonymous_0)
FNDA:30,(anonymous_1)
FNDA:30,(anonymous_2)
FNDA:15,(anonymous_3)
FNDA:15,(anonymous_4)
FNDA:15,(anonymous_5)
FNDA:15,(anonymous_6)
FNDA:15,(anonymous_7)
FNDA:15,(anonymous_8)
FNDA:15,(anonymous_9)
FNDA:15,(anonymous_10)
FNDA:2,(anonymous_11)
FNDA:2,(anonymous_12)
FNDA:2,(anonymous_13)
FNDA:32,getLocale
FNDA:17,TimeslotButton
FNDA:30,Chevron
FNDA:15,TimePicker
FNDA:0,showEarlierDate
FNDA:2,showLaterDate
FNDA:2,changeDate
FNDA:0,showEarlierTimeslots
FNDA:0,showLaterTimeslots
FNDA:2,onTimeslotSelect
FNDA:1,resetSelection
FNDA:1,confirmSelection
FNDA:17,renderTimeslot
FNDA:15,getTimeslotsGroupedByDate
FNDA:30,(anonymous_28)
FNDA:45,(anonymous_29)
FNDA:45,applyTimeZoneOffset
FNDA:15,getTimeslotsWithTimeZoneOffset
FNDA:45,(anonymous_32)
DA:12,10
DA:14,10
DA:20,15
DA:27,10
DA:28,30
DA:43,10
DA:47,10
DA:51,10
DA:53,30
DA:61,10
DA:62,15
DA:65,15
DA:68,15
DA:73,15
DA:78,10
DA:82,15
DA:85,15
DA:86,15
DA:94,10
DA:99,10
DA:104,10
DA:109,10
DA:112,10
DA:114,2
DA:116,2
DA:117,2
DA:122,32
DA:126,17
DA:127,17
DA:129,17
DA:138,17
DA:145,10
DA:151,30
DA:164,15
DA:165,15
DA:166,15
DA:168,15
DA:169,15
DA:170,15
DA:172,15
DA:173,15
DA:174,15
DA:176,15
DA:177,15
DA:178,15
DA:179,15
DA:180,15
DA:183,0
DA:187,2
DA:191,2
DA:192,2
DA:193,2
DA:197,0
DA:201,0
DA:205,2
DA:209,1
DA:213,1
DA:217,17
DA:218,17
DA:220,15
DA:226,15
DA:227,15
DA:229,15
DA:272,30
DA:273,15
DA:274,45
DA:275,45
DA:276,45
DA:277,31
DA:279,45
DA:280,45
DA:285,45
DA:286,9
DA:287,9
DA:288,9
DA:289,9
DA:292,36
DA:297,15
DA:298,45
DA:303,15
LF:80
LH:77
BRDA:53,0,0,15
BRDA:53,0,1,15
BRDA:122,1,0,32
BRDA:122,1,1,0
BRDA:122,2,0,32
BRDA:122,2,1,0
BRDA:122,3,0,32
BRDA:122,3,1,32
BRDA:227,4,0,15
BRDA:227,4,1,13
BRDA:234,5,0,15
BRDA:234,5,1,15
BRDA:239,6,0,15
BRDA:239,6,1,15
BRDA:248,7,0,15
BRDA:248,7,1,2
BRDA:257,8,0,15
BRDA:257,8,1,0
BRDA:276,9,0,31
BRDA:276,9,1,14
BRDA:285,10,0,9
BRDA:285,10,1,36
BRF:22
BRH:19
end_of_record
TN:
SF:src/components/Chat/RichMessageComponents/dist.js
FN:2,_objectWithoutPropertiesLoose
FN:15,_objectWithoutProperties
FN:40,chunkedSplice$2
FN:71,miniflat$1
FN:83,combineExtensions
FN:94,extension$1
FN:113,constructs
FN:129,regexCheck$4
FN:132,check
FN:146,asciiControl$1
FN:154,markdownLineEnding$1
FN:230,tokenizeEmailAutolink
FN:236,start
FN:251,atext
FN:266,label
FN:289,dotContinuation
FN:295,dashOrUnderscoreContinuation
FN:300,afterDashOrUnderscore
FN:309,done
FN:320,tokenizeWwwAutolink
FN:325,start
FN:347,done
FN:354,tokenizeHttpAutolink
FN:359,start
FN:375,t1
FN:385,t2
FN:395,p
FN:405,s
FN:415,colon
FN:425,slash1
FN:435,slash2
FN:445,after
FN:453,done
FN:460,tokenizeWww
FN:463,start
FN:469,w2
FN:479,w3
FN:489,dot
FN:499,after
FN:504,tokenizeDomain
FN:510,domain
FN:541,punctuationContinuation
FN:557,done
FN:566,tokenizePath
FN:571,inPath
FN:607,continuedPunctuation
FN:612,parenAtPathEnd
FN:618,tokenizeNamedCharacterReference
FN:621,start
FN:627,inside
FN:642,after
FN:649,tokenizePunctuation
FN:652,start
FN:658,after
FN:671,trailingPunctuation
FN:702,pathEnd
FN:715,gfmAtext
FN:725,previousWww
FN:737,previousHttp
FN:741,previousEmail
FN:745,previous$1
FN:757,markdownLineEndingOrSpace$2
FN:769,classifyCharacter$1
FN:783,resolveAll$1
FN:804,shallow$1
FN:815,create$1
FN:830,resolveAllStrikethrough
FN:913,removeRemainingSequences
FN:926,tokenizeStrikethrough
FN:933,start
FN:946,more
FN:967,markdownSpace$1
FN:973,spaceFactory$1
FN:978,start
FN:987,prefix
FN:1007,resolveTable
FN:1115,tokenizeTable
FN:1123,start
FN:1144,cellDividerHead
FN:1153,cellBreakHead
FN:1181,inWhitespaceHead
FN:1192,inCellContentHead
FN:1204,inCellContentEscapeHead
FN:1215,atRowEndHead
FN:1237,rowStartDelimiter
FN:1247,atDelimiterRowBreak
FN:1289,inWhitespaceDelimiter
FN:1300,inFillerDelimiter
FN:1324,afterLeftAlignment
FN:1337,afterRightAlignment
FN:1361,rowEndDelimiter
FN:1377,tableClose
FN:1382,tableContinue
FN:1392,bodyStart
FN:1397,rowStartBody
FN:1410,cellDividerBody
FN:1418,cellBreakBody
FN:1441,inWhitespaceBody
FN:1452,inCellContentBody
FN:1464,inCellContentEscapeBody
FN:1475,atRowEndBody
FN:1489,tableBodyClose
FN:1494,tableBodyContinue
FN:1507,tokenizeSetextUnderlineMini
FN:1510,start
FN:1520,sequence
FN:1529,whitespace
FN:1543,tokenizeNextPrefixedOrBlank
FN:1548,start
FN:1557,whitespace
FN:1575,sizeChunks$1
FN:1588,prefixSize$1
FN:1602,tokenizeTasklistCheck
FN:1607,open
FN:1627,inside
FN:1647,close
FN:1661,spaceThenNonSpace
FN:1666,after
FN:1681,create
FN:1685,ccount$1
FN:1704,convert$3
FN:1726,allFactory
FN:1729,all
FN:1740,anyFactory$1
FN:1750,any
FN:1765,typeFactory$1
FN:1768,type
FN:1774,ok$1
FN:1777,color$2
FN:1792,visitParents$1
FN:1807,factory
FN:1825,visit
FN:1859,toResult$1
FN:1869,(anonymous_133)
FN:1887,findAndReplace$1
FN:1904,handlerFactory
FN:1909,handler
FN:1986,search$1
FN:1994,visitor
FN:2019,toPairs
FN:2046,toExpression
FN:2050,toFunction
FN:2053,returner
FN:2075,enterLiteralAutolink
FN:2079,enterLiteralAutolinkValue
FN:2083,exitLiteralAutolinkHttp
FN:2087,exitLiteralAutolinkWww
FN:2092,exitLiteralAutolinkEmail
FN:2096,exitLiteralAutolink
FN:2100,transformGfmAutolinkLiterals
FN:2111,findUrl
FN:2150,findEmail
FN:2164,isCorrectDomain
FN:2182,splitUrl
FN:2206,previous
FN:2216,enterStrikethrough
FN:2220,exitStrikethrough
FN:2236,enterTable
FN:2241,exitTable
FN:2246,enterRow
FN:2250,exit
FN:2254,enterCell
FN:2260,exitCodeText
FN:2271,replace
FN:2280,exitCheck
FN:2286,exitParagraphWithTaskListItem
FN:2337,configure$2
FN:2349,extension
FN:2391,phrasing$2
FN:2452,handleDelete
FN:2459,peekDelete
FN:2463,patternCompile$1
FN:2490,inlineCode
FN:2551,inlineCodePeek
FN:2591,repeat$3
FN:2642,markdownTable$1
FN:2848,serialize
FN:2852,defaultStringLength
FN:2856,toAlignment
FN:2872,toMarkdown$3
FN:2906,handleTable
FN:2913,handleTableRow
FN:2920,handleTableCell
FN:2927,serializeData
FN:2936,handleTableAsData
FN:2952,handleTableRowAsData
FN:2968,inlineCodeWithTable
FN:2979,checkBullet$1
FN:2993,checkListItemIndent$1
FN:3013,flow$1
FN:3033,between
FN:3059,indentLines$1
FN:3076,one
FN:3087,listItem
FN:3118,map
FN:3133,listItemWithTaskListItem
FN:3143,check
FN:3148,configure$1
FN:3178,toMarkdown$1
FN:3199,gfm
FN:3222,add
FN:3262,(anonymous_201)
FN:3287,anyFactory
FN:3303,any
FN:3320,propsFactory
FN:3327,all
FN:3346,typeFactory
FN:3352,type
FN:3363,castFactory
FN:3372,assertion
FN:3383,ok
FN:3389,color
FN:3456,(anonymous_212)
FN:3474,factory
FN:3497,visit
FN:3550,toResult
FN:3611,(anonymous_216)
FN:3624,overload
FN:3633,(anonymous_218)
FN:3633,(anonymous_219)
FN:3634,(anonymous_220)
FN:3648,(anonymous_221)
FN:3690,(anonymous_222)
FN:3692,(anonymous_223)
FN:3705,(anonymous_224)
FN:3713,(anonymous_225)
FN:3715,(anonymous_226)
FN:3716,(anonymous_227)
FN:3745,updateURLValue
FN:3757,RichMessageRenderer
FN:3761,ParaRenderer
FN:3766,(anonymous_231)
FN:3782,LinkRenderer
FN:3794,OrderedListRenderer
FN:3805,UnorderedListRenderer
FN:3830,_defineProperty$1
FN:3843,ownKeys$7
FN:3848,(anonymous_237)
FN:3857,_objectSpread2
FN:3862,(anonymous_239)
FN:3868,(anonymous_240)
FN:3875,_classCallCheck$1
FN:3879,_defineProperties$1
FN:3889,_createClass$1
FN:3893,_assertThisInitialized$1
FN:3899,_setPrototypeOf$1
FN:3900,_setPrototypeOf
FN:3906,_inherits$1
FN:3919,_getPrototypeOf$1
FN:3920,_getPrototypeOf
FN:3924,_isNativeReflectConstruct
FN:3930,(anonymous_251)
FN:3935,_typeof$1
FN:3939,_typeof
FN:3943,_typeof
FN:3949,_possibleConstructorReturn$1
FN:3955,_createSuper
FN:3956,(anonymous_257)
FN:3969,styleInject
FN:4022,open
FN:4025,close
FN:4030,open
FN:4034,close
FN:4039,open
FN:4042,close
FN:4047,open
FN:4050,close
FN:4055,open
FN:4058,close
FN:4063,open
FN:4066,close
FN:4071,open
FN:4074,close
FN:4079,open
FN:4082,close
FN:4087,open
FN:4090,close
FN:4095,open
FN:4098,close
FN:4104,open
FN:4107,close
FN:4112,open
FN:4115,close
FN:4120,open
FN:4123,close
FN:4128,open
FN:4131,close
FN:4144,open
FN:4147,close
FN:4156,isEmptyBlock
FN:4173,renderBlock
FN:4217,openTag
FN:4244,closeTag
FN:4270,compareTagsLastCloseFirst
FN:4275,reverse
FN:4280,(anonymous_295)
FN:4282,(anonymous_296)
FN:4296,(anonymous_297)
FN:4299,(anonymous_298)
FN:4307,(anonymous_299)
FN:4314,(anonymous_300)
FN:4333,(anonymous_301)
FN:4425,draftToMarkdown
FN:4428,(anonymous_303)
FN:4443,(anonymous_304)
FN:4447,replace$1
FN:4451,self
FN:4497,_setPrototypeOf
FN:4498,_setPrototypeOf
FN:4503,_inheritsLoose
FN:4507,changedArray
FN:4516,(anonymous_311)
FN:4525,(anonymous_312)
FN:4528,ErrorBoundary
FN:4538,(anonymous_314)
FN:4553,getDerivedStateFromError
FN:4561,reset
FN:4565,componentDidCatch
FN:4571,componentDidUpdate
FN:4588,render
FN:4649,_taggedTemplateLiteral
FN:4680,clearEditorContent
FN:4695,removeSelectedBlocksStyle
FN:4706,focusLastOrNextElement
FN:4909,(anonymous_324)
FN:4911,(anonymous_325)
FN:4922,SendMessageButton
FN:4931,onKeyDown
FN:4948,_arrayWithHoles
FN:4950,_iterableToArrayLimit
FN:4975,_arrayLikeToArray
FN:4983,_unsupportedIterableToArray
FN:4990,_nonIterableRest
FN:4992,_slicedToArray
FN:4995,(anonymous_334)
FN:4997,(anonymous_335)
FN:5000,RichToolbarButton
FN:5013,(anonymous_337)
FN:5022,clickButton
FN:5038,onMouseDown
FN:5042,onKeyDown
FN:5064,convertPixelsToRem
FN:5071,getEmojiPickerTopPosition
FN:5083,isMobile
FN:5085,Link
FN:5092,findLinkEntities
FN:5093,(anonymous_346)
FN:5103,ErrorFallback$1
FN:5121,(anonymous_348)
FN:5129,RichTextEditor
FN:5144,(anonymous_350)
FN:5148,(anonymous_351)
FN:5154,(anonymous_352)
FN:5157,(anonymous_353)
FN:5163,(anonymous_354)
FN:5172,(anonymous_355)
FN:5185,componentDidMount
FN:5190,_onFormatToggled
FN:5191,(anonymous_358)
FN:5204,_handleBeforeInput
FN:5222,_handleReturn
FN:5258,_resetState
FN:5271,_promptForLink
FN:5295,(anonymous_363)
FN:5296,(anonymous_364)
FN:5304,_confirmLink
FN:5325,(anonymous_366)
FN:5326,(anonymous_367)
FN:5333,_removeLink
FN:5342,(anonymous_369)
FN:5343,(anonymous_370)
FN:5351,_addTextToMessage
FN:5367,_countRichFormatTypes
FN:5374,(anonymous_373)
FN:5380,(anonymous_374)
FN:5389,(anonymous_375)
FN:5395,render
FN:5418,onKeyDown
FN:5427,onKeyDown
FN:5445,closeEmojiPicker
FN:5457,(anonymous_380)
FN:5467,(anonymous_381)
FN:5477,(anonymous_382)
FN:5487,(anonymous_383)
FN:5493,onButtonClicked
FN:5505,onKeyDown
FN:5522,onChange
FN:5524,(anonymous_387)
FN:5532,onClick
FN:5533,(anonymous_389)
FN:5559,sendMessage
FN:54350,_classCallCheck
FN:54354,_typeof
FN:54357,(anonymous_393)
FN:54359,(anonymous_394)
FN:54362,_toPrimitive
FN:54371,_toPropertyKey
FN:54374,_defineProperties
FN:54383,_createClass
FN:54406,buildSearch
FN:54409,addToSearch
FN:54413,(anonymous_401)
FN:54414,(anonymous_402)
FN:54431,uncompress
FN:54453,stringFromCodePoint
FN:54500,unifiedToNative
FN:54502,(anonymous_406)
FN:54508,sanitize
FN:54550,getSanitizedData
FN:54554,getData
FN:54629,uniq
FN:54630,(anonymous_411)
FN:54639,intersect
FN:54642,(anonymous_413)
FN:54647,deepMerge
FN:54669,measureScrollbar
FN:54685,throttleIdleTask
FN:54688,throttled
FN:54694,(anonymous_418)
FN:54704,setHandlers
FN:54710,setNamespace
FN:54714,update
FN:54721,set
FN:54733,get$1
FN:54759,(anonymous_424)
FN:54760,NimbleEmojiIndex
FN:54779,buildIndex
FN:54782,_loop
FN:54790,(anonymous_428)
FN:54822,clearCustomEmojis
FN:54825,(anonymous_430)
FN:54833,addCustomToPool
FN:54837,(anonymous_432)
FN:54850,search
FN:54883,(anonymous_434)
FN:54891,(anonymous_435)
FN:54906,(anonymous_436)
FN:54918,(anonymous_437)
FN:54944,(anonymous_438)
FN:54961,(anonymous_439)
FN:54976,(anonymous_440)
FN:54997,init
FN:55002,add
FN:55012,get
FN:55036,(anonymous_444)
FN:55053,_defineProperty
FN:55066,_extends
FN:55067,(anonymous_447)
FN:55079,_assertThisInitialized
FN:55084,_possibleConstructorReturn
FN:55091,_getPrototypeOf
FN:55092,_getPrototypeOf
FN:55096,_inherits
FN:55112,activity
FN:55122,custom
FN:55155,flags
FN:55165,foods
FN:55175,nature
FN:55187,objects
FN:55199,people
FN:55211,places
FN:55223,recent
FN:55235,symbols
FN:55247,search
FN:55258,_delete
FN:55334,(anonymous_465)
FN:55337,Anchors
FN:55343,(anonymous_467)
FN:55355,handleClick
FN:55364,render
FN:55376,(anonymous_470)
FN:55421,onAnchorClick
FN:55433,backgroundImageFn
FN:55438,onClick
FN:55439,onSelect
FN:55440,onSkinChange
FN:55464,notFound
FN:55467,ownKeys$6
FN:55467,(anonymous_478)
FN:55469,_objectSpread$6
FN:55469,(anonymous_480)
FN:55469,(anonymous_481)
FN:55471,_getData
FN:55479,_getPosition
FN:55489,_getSanitizedData
FN:55497,_handleClick
FN:55508,_handleOver
FN:55519,_handleLeave
FN:55530,_isNumeric
FN:55534,_convertStyleToCSS
FN:55550,NimbleEmoji
FN:55667,onClick
FN:55670,onMouseEnter
FN:55673,onMouseLeave
FN:55690,ownKeys$5
FN:55690,(anonymous_495)
FN:55692,_objectSpread$5
FN:55692,(anonymous_497)
FN:55692,(anonymous_498)
FN:55696,(anonymous_499)
FN:55699,NotFound
FN:55707,render
FN:55738,ownKeys$4
FN:55738,(anonymous_503)
FN:55740,_objectSpread$4
FN:55740,(anonymous_505)
FN:55740,(anonymous_506)
FN:55744,(anonymous_507)
FN:55747,Category
FN:55761,componentDidMount
FN:55768,shouldComponentUpdate
FN:55805,memoizeSize
FN:55835,handleScroll
FN:55850,getEmojis
FN:55864,(anonymous_514)
FN:55865,(anonymous_515)
FN:55874,(anonymous_516)
FN:55892,updateDisplay
FN:55903,setContainerRef
FN:55908,setLabelRef
FN:55913,render
FN:55962,(anonymous_521)
FN:55999,(anonymous_522)
FN:56002,Skins
FN:56016,handleClick
FN:56036,render
FN:56050,onChange
FN:56053,(anonymous_527)
FN:56056,SkinsEmoji
FN:56068,render
FN:56120,onChange
FN:56124,(anonymous_531)
FN:56127,SkinsDot
FN:56140,handleKeyDown
FN:56149,render
FN:56203,onChange
FN:56204,ownKeys$3
FN:56204,(anonymous_537)
FN:56206,_objectSpread$3
FN:56206,(anonymous_539)
FN:56206,(anonymous_540)
FN:56210,(anonymous_541)
FN:56213,Preview
FN:56228,render
FN:56245,(anonymous_544)
FN:56269,(anonymous_545)
FN:56276,(anonymous_546)
FN:56327,onChange
FN:56332,(anonymous_548)
FN:56335,Search
FN:56358,componentDidMount
FN:56367,search$1
FN:56385,clear
FN:56393,handleChange
FN:56400,handleKeyUp
FN:56407,setRef
FN:56412,render
FN:56455,onSearch
FN:56459,ownKeys$2
FN:56459,(anonymous_559)
FN:56461,_objectSpread$2
FN:56461,(anonymous_561)
FN:56461,(anonymous_562)
FN:56495,(anonymous_563)
FN:56498,NimblePicker
FN:56533,(anonymous_565)
FN:56556,(anonymous_566)
FN:56564,(anonymous_567)
FN:56643,componentDidMount
FN:56648,(anonymous_569)
FN:56657,componentDidUpdate
FN:56663,componentWillUnmount
FN:56674,testStickyPosition
FN:56677,(anonymous_573)
FN:56684,getPreferredTheme
FN:56699,handleDarkMatchMediaChange
FN:56706,handleEmojiOver
FN:56714,(anonymous_577)
FN:56731,handleEmojiLeave
FN:56738,(anonymous_579)
FN:56746,handleEmojiClick
FN:56752,handleEmojiSelect
FN:56766,(anonymous_582)
FN:56783,handleScroll
FN:56791,handleScrollPaint
FN:56829,(anonymous_585)
FN:56853,handleSearch
FN:56875,handleAnchorClick
FN:56881,scrollToComponent
FN:56905,handleSkinChange
FN:56916,handleKeyDown
FN:56937,updateCategoriesSize
FN:56951,getCategories
FN:56956,setAnchorsRef
FN:56961,setSearchRef
FN:56966,setPreviewRef
FN:56971,setScrollRef
FN:56976,setCategoryRef
FN:56985,render
FN:57047,(anonymous_599)
FN:57116,ownKeys$1
FN:57116,(anonymous_601)
FN:57118,_objectSpread$1
FN:57118,(anonymous_603)
FN:57118,(anonymous_604)
FN:57122,(anonymous_605)
FN:57125,Picker
FN:57133,render
FN:57145,ownKeys
FN:57145,(anonymous_609)
FN:57147,_objectSpread
FN:57147,(anonymous_611)
FN:57147,(anonymous_612)
FN:57155,EmojiPicker
FN:57157,(anonymous_614)
FN:57158,handleEscKey
FN:57163,handleClickOutside
FN:57170,(anonymous_617)
FN:57180,(anonymous_618)
FN:57192,ErrorFallback
FNF:620
FNH:277
FNDA:523,_objectWithoutPropertiesLoose
FNDA:523,_objectWithoutProperties
FNDA:37520,chunkedSplice$2
FNDA:37520,miniflat$1
FNDA:536,combineExtensions
FNDA:2144,extension$1
FNDA:37520,constructs
FNDA:48,regexCheck$4
FNDA:32020,check
FNDA:150,asciiControl$1
FNDA:0,markdownLineEnding$1
FNDA:1030,tokenizeEmailAutolink
FNDA:1030,start
FNDA:15839,atext
FNDA:0,label
FNDA:0,dotContinuation
FNDA:0,dashOrUnderscoreContinuation
FNDA:0,afterDashOrUnderscore
FNDA:0,done
FNDA:37,tokenizeWwwAutolink
FNDA:37,start
FNDA:0,done
FNDA:74,tokenizeHttpAutolink
FNDA:74,start
FNDA:70,t1
FNDA:12,t2
FNDA:12,p
FNDA:12,s
FNDA:12,colon
FNDA:12,slash1
FNDA:12,slash2
FNDA:12,after
FNDA:12,done
FNDA:37,tokenizeWww
FNDA:37,start
FNDA:37,w2
FNDA:0,w3
FNDA:0,dot
FNDA:0,after
FNDA:12,tokenizeDomain
FNDA:152,domain
FNDA:14,punctuationContinuation
FNDA:12,done
FNDA:12,tokenizePath
FNDA:16,inPath
FNDA:0,continuedPunctuation
FNDA:0,parenAtPathEnd
FNDA:0,tokenizeNamedCharacterReference
FNDA:0,start
FNDA:0,inside
FNDA:0,after
FNDA:14,tokenizePunctuation
FNDA:14,start
FNDA:14,after
FNDA:18,trailingPunctuation
FNDA:30,pathEnd
FNDA:16869,gfmAtext
FNDA:67,previousWww
FNDA:16113,previousHttp
FNDA:15939,previousEmail
FNDA:1137,previous$1
FNDA:0,markdownLineEndingOrSpace$2
FNDA:0,classifyCharacter$1
FNDA:0,resolveAll$1
FNDA:0,shallow$1
FNDA:536,create$1
FNDA:36,resolveAllStrikethrough
FNDA:36,removeRemainingSequences
FNDA:0,tokenizeStrikethrough
FNDA:0,start
FNDA:0,more
FNDA:8,markdownSpace$1
FNDA:8,spaceFactory$1
FNDA:8,start
FNDA:0,prefix
FNDA:0,resolveTable
FNDA:531,tokenizeTable
FNDA:531,start
FNDA:0,cellDividerHead
FNDA:1432,cellBreakHead
FNDA:462,inWhitespaceHead
FNDA:16863,inCellContentHead
FNDA:0,inCellContentEscapeHead
FNDA:531,atRowEndHead
FNDA:8,rowStartDelimiter
FNDA:0,atDelimiterRowBreak
FNDA:0,inWhitespaceDelimiter
FNDA:0,inFillerDelimiter
FNDA:0,afterLeftAlignment
FNDA:0,afterRightAlignment
FNDA:0,rowEndDelimiter
FNDA:0,tableClose
FNDA:0,tableContinue
FNDA:0,bodyStart
FNDA:0,rowStartBody
FNDA:0,cellDividerBody
FNDA:0,cellBreakBody
FNDA:0,inWhitespaceBody
FNDA:0,inCellContentBody
FNDA:0,inCellContentEscapeBody
FNDA:0,atRowEndBody
FNDA:0,tableBodyClose
FNDA:0,tableBodyContinue
FNDA:8,tokenizeSetextUnderlineMini
FNDA:8,start
FNDA:0,sequence
FNDA:0,whitespace
FNDA:0,tokenizeNextPrefixedOrBlank
FNDA:0,start
FNDA:0,whitespace
FNDA:0,sizeChunks$1
FNDA:0,prefixSize$1
FNDA:16,tokenizeTasklistCheck
FNDA:16,open
FNDA:0,inside
FNDA:0,close
FNDA:0,spaceThenNonSpace
FNDA:0,after
FNDA:536,create
FNDA:0,ccount$1
FNDA:2144,convert$3
FNDA:0,allFactory
FNDA:0,all
FNDA:536,anyFactory$1
FNDA:1178,any
FNDA:1608,typeFactory$1
FNDA:4041,type
FNDA:0,ok$1
FNDA:1713,color$2
FNDA:536,visitParents$1
FNDA:1713,factory
FNDA:1713,visit
FNDA:551,toResult$1
FNDA:0,(anonymous_133)
FNDA:536,findAndReplace$1
FNDA:1059,handlerFactory
FNDA:1046,handler
FNDA:536,search$1
FNDA:551,visitor
FNDA:536,toPairs
FNDA:1072,toExpression
FNDA:1072,toFunction
FNDA:0,returner
FNDA:12,enterLiteralAutolink
FNDA:12,enterLiteralAutolinkValue
FNDA:12,exitLiteralAutolinkHttp
FNDA:0,exitLiteralAutolinkWww
FNDA:0,exitLiteralAutolinkEmail
FNDA:12,exitLiteralAutolink
FNDA:536,transformGfmAutolinkLiterals
FNDA:0,findUrl
FNDA:0,findEmail
FNDA:0,isCorrectDomain
FNDA:0,splitUrl
FNDA:0,previous
FNDA:0,enterStrikethrough
FNDA:0,exitStrikethrough
FNDA:0,enterTable
FNDA:0,exitTable
FNDA:0,enterRow
FNDA:0,exit
FNDA:0,enterCell
FNDA:0,exitCodeText
FNDA:0,replace
FNDA:0,exitCheck
FNDA:531,exitParagraphWithTaskListItem
FNDA:12,configure$2
FNDA:48,extension
FNDA:0,phrasing$2
FNDA:0,handleDelete
FNDA:0,peekDelete
FNDA:0,patternCompile$1
FNDA:0,inlineCode
FNDA:0,inlineCodePeek
FNDA:0,repeat$3
FNDA:0,markdownTable$1
FNDA:0,serialize
FNDA:0,defaultStringLength
FNDA:0,toAlignment
FNDA:536,toMarkdown$3
FNDA:0,handleTable
FNDA:0,handleTableRow
FNDA:0,handleTableCell
FNDA:0,serializeData
FNDA:0,handleTableAsData
FNDA:0,handleTableRowAsData
FNDA:0,inlineCodeWithTable
FNDA:0,checkBullet$1
FNDA:0,checkListItemIndent$1
FNDA:0,flow$1
FNDA:0,between
FNDA:0,indentLines$1
FNDA:0,one
FNDA:0,listItem
FNDA:0,map
FNDA:0,listItemWithTaskListItem
FNDA:0,check
FNDA:2680,configure$1
FNDA:536,toMarkdown$1
FNDA:536,gfm
FNDA:1608,add
FNDA:536,(anonymous_201)
FNDA:0,anyFactory
FNDA:0,any
FNDA:0,propsFactory
FNDA:0,all
FNDA:536,typeFactory
FNDA:1721,type
FNDA:536,castFactory
FNDA:1721,assertion
FNDA:0,ok
FNDA:1721,color
FNDA:536,(anonymous_212)
FNDA:1721,factory
FNDA:1721,visit
FNDA:587,toResult
FNDA:536,(anonymous_216)
FNDA:587,overload
FNDA:6,(anonymous_218)
FNDA:6,(anonymous_219)
FNDA:0,(anonymous_220)
FNDA:577,(anonymous_221)
FNDA:6,(anonymous_222)
FNDA:6,(anonymous_223)
FNDA:6,(anonymous_224)
FNDA:536,(anonymous_225)
FNDA:536,(anonymous_226)
FNDA:587,(anonymous_227)
FNDA:28,updateURLValue
FNDA:536,RichMessageRenderer
FNDA:515,ParaRenderer
FNDA:545,(anonymous_231)
FNDA:28,LinkRenderer
FNDA:4,OrderedListRenderer
FNDA:4,UnorderedListRenderer
FNDA:154,_defineProperty$1
FNDA:4,ownKeys$7
FNDA:0,(anonymous_237)
FNDA:4,_objectSpread2
FNDA:10,(anonymous_239)
FNDA:0,(anonymous_240)
FNDA:1,_classCallCheck$1
FNDA:12,_defineProperties$1
FNDA:12,_createClass$1
FNDA:7,_assertThisInitialized$1
FNDA:12,_setPrototypeOf$1
FNDA:0,_setPrototypeOf
FNDA:12,_inherits$1
FNDA:1,_getPrototypeOf$1
FNDA:0,_getPrototypeOf
FNDA:1,_isNativeReflectConstruct
FNDA:0,(anonymous_251)
FNDA:1,_typeof$1
FNDA:1,_typeof
FNDA:0,_typeof
FNDA:1,_possibleConstructorReturn$1
FNDA:12,_createSuper
FNDA:1,(anonymous_257)
FNDA:24,styleInject
FNDA:0,open
FNDA:0,close
FNDA:0,open
FNDA:0,close
FNDA:0,open
FNDA:0,close
FNDA:0,open
FNDA:0,close
FNDA:0,open
FNDA:0,close
FNDA:0,open
FNDA:0,close
FNDA:0,open
FNDA:0,close
FNDA:0,open
FNDA:0,close
FNDA:0,open
FNDA:0,close
FNDA:0,open
FNDA:0,close
FNDA:0,open
FNDA:0,close
FNDA:0,open
FNDA:0,close
FNDA:0,open
FNDA:0,close
FNDA:0,open
FNDA:0,close
FNDA:0,open
FNDA:0,close
FNDA:0,isEmptyBlock
FNDA:0,renderBlock
FNDA:0,openTag
FNDA:0,closeTag
FNDA:0,compareTagsLastCloseFirst
FNDA:0,reverse
FNDA:0,(anonymous_295)
FNDA:0,(anonymous_296)
FNDA:0,(anonymous_297)
FNDA:0,(anonymous_298)
FNDA:0,(anonymous_299)
FNDA:0,(anonymous_300)
FNDA:0,(anonymous_301)
FNDA:0,draftToMarkdown
FNDA:0,(anonymous_303)
FNDA:384,(anonymous_304)
FNDA:48,replace$1
FNDA:192,self
FNDA:12,_setPrototypeOf
FNDA:0,_setPrototypeOf
FNDA:12,_inheritsLoose
FNDA:0,changedArray
FNDA:0,(anonymous_311)
FNDA:12,(anonymous_312)
FNDA:2,ErrorBoundary
FNDA:0,(anonymous_314)
FNDA:0,getDerivedStateFromError
FNDA:0,reset
FNDA:0,componentDidCatch
FNDA:2,componentDidUpdate
FNDA:4,render
FNDA:240,_taggedTemplateLiteral
FNDA:0,clearEditorContent
FNDA:0,removeSelectedBlocksStyle
FNDA:0,focusLastOrNextElement
FNDA:2,(anonymous_324)
FNDA:2,(anonymous_325)
FNDA:2,SendMessageButton
FNDA:0,onKeyDown
FNDA:10,_arrayWithHoles
FNDA:0,_iterableToArrayLimit
FNDA:0,_arrayLikeToArray
FNDA:0,_unsupportedIterableToArray
FNDA:0,_nonIterableRest
FNDA:10,_slicedToArray
FNDA:10,(anonymous_334)
FNDA:10,(anonymous_335)
FNDA:10,RichToolbarButton
FNDA:5,(anonymous_337)
FNDA:0,clickButton
FNDA:0,onMouseDown
FNDA:0,onKeyDown
FNDA:0,convertPixelsToRem
FNDA:2,getEmojiPickerTopPosition
FNDA:2,isMobile
FNDA:0,Link
FNDA:0,findLinkEntities
FNDA:0,(anonymous_346)
FNDA:0,ErrorFallback$1
FNDA:12,(anonymous_348)
FNDA:1,RichTextEditor
FNDA:2,(anonymous_350)
FNDA:2,(anonymous_351)
FNDA:2,(anonymous_352)
FNDA:0,(anonymous_353)
FNDA:0,(anonymous_354)
FNDA:0,(anonymous_355)
FNDA:1,componentDidMount
FNDA:0,_onFormatToggled
FNDA:0,(anonymous_358)
FNDA:0,_handleBeforeInput
FNDA:0,_handleReturn
FNDA:0,_resetState
FNDA:0,_promptForLink
FNDA:0,(anonymous_363)
FNDA:0,(anonymous_364)
FNDA:0,_confirmLink
FNDA:0,(anonymous_366)
FNDA:0,(anonymous_367)
FNDA:0,_removeLink
FNDA:0,(anonymous_369)
FNDA:0,(anonymous_370)
FNDA:0,_addTextToMessage
FNDA:0,_countRichFormatTypes
FNDA:0,(anonymous_373)
FNDA:0,(anonymous_374)
FNDA:0,(anonymous_375)
FNDA:2,render
FNDA:0,onKeyDown
FNDA:0,onKeyDown
FNDA:0,closeEmojiPicker
FNDA:4,(anonymous_380)
FNDA:4,(anonymous_381)
FNDA:2,(anonymous_382)
FNDA:0,(anonymous_383)
FNDA:0,onButtonClicked
FNDA:0,onKeyDown
FNDA:0,onChange
FNDA:0,(anonymous_387)
FNDA:0,onClick
FNDA:0,(anonymous_389)
FNDA:0,sendMessage
FNDA:20,_classCallCheck
FNDA:12,_typeof
FNDA:17674,(anonymous_393)
FNDA:0,(anonymous_394)
FNDA:8818,_toPrimitive
FNDA:8818,_toPropertyKey
FNDA:132,_defineProperties
FNDA:132,_createClass
FNDA:20856,buildSearch
FNDA:83424,addToSearch
FNDA:88728,(anonymous_401)
FNDA:137184,(anonymous_402)
FNDA:12,uncompress
FNDA:0,stringFromCodePoint
FNDA:40759,unifiedToNative
FNDA:100411,(anonymous_406)
FNDA:40274,sanitize
FNDA:40274,getSanitizedData
FNDA:40759,getData
FNDA:0,uniq
FNDA:0,(anonymous_411)
FNDA:0,intersect
FNDA:0,(anonymous_413)
FNDA:6,deepMerge
FNDA:2,measureScrollbar
FNDA:1,throttleIdleTask
FNDA:0,throttled
FNDA:0,(anonymous_418)
FNDA:0,setHandlers
FNDA:0,setNamespace
FNDA:0,update
FNDA:0,set
FNDA:2,get$1
FNDA:12,(anonymous_424)
FNDA:13,NimbleEmojiIndex
FNDA:13,buildIndex
FNDA:22594,_loop
FNDA:624,(anonymous_428)
FNDA:0,clearCustomEmojis
FNDA:0,(anonymous_430)
FNDA:0,addCustomToPool
FNDA:0,(anonymous_432)
FNDA:0,search
FNDA:0,(anonymous_434)
FNDA:0,(anonymous_435)
FNDA:0,(anonymous_436)
FNDA:0,(anonymous_437)
FNDA:0,(anonymous_438)
FNDA:0,(anonymous_439)
FNDA:0,(anonymous_440)
FNDA:0,init
FNDA:0,add
FNDA:0,get
FNDA:0,(anonymous_444)
FNDA:8170,_defineProperty
FNDA:1,_extends
FNDA:0,(anonymous_447)
FNDA:31,_assertThisInitialized
FNDA:7,_possibleConstructorReturn
FNDA:1,_getPrototypeOf
FNDA:0,_getPrototypeOf
FNDA:120,_inherits
FNDA:0,activity
FNDA:0,custom
FNDA:0,flags
FNDA:0,foods
FNDA:0,nature
FNDA:0,objects
FNDA:1,people
FNDA:0,places
FNDA:0,recent
FNDA:0,symbols
FNDA:1,search
FNDA:0,_delete
FNDA:12,(anonymous_465)
FNDA:1,Anchors
FNDA:2,(anonymous_467)
FNDA:0,handleClick
FNDA:1,render
FNDA:2,(anonymous_470)
FNDA:0,onAnchorClick
FNDA:0,backgroundImageFn
FNDA:0,onClick
FNDA:0,onSelect
FNDA:0,onSkinChange
FNDA:0,notFound
FNDA:12,ownKeys$6
FNDA:0,(anonymous_478)
FNDA:12,_objectSpread$6
FNDA:204,(anonymous_480)
FNDA:0,(anonymous_481)
FNDA:485,_getData
FNDA:0,_getPosition
FNDA:0,_getSanitizedData
FNDA:0,_handleClick
FNDA:0,_handleOver
FNDA:0,_handleLeave
FNDA:0,_isNumeric
FNDA:0,_convertStyleToCSS
FNDA:485,NimbleEmoji
FNDA:0,onClick
FNDA:0,onMouseEnter
FNDA:0,onMouseLeave
FNDA:0,ownKeys$5
FNDA:0,(anonymous_495)
FNDA:0,_objectSpread$5
FNDA:0,(anonymous_497)
FNDA:0,(anonymous_498)
FNDA:12,(anonymous_499)
FNDA:0,NotFound
FNDA:0,render
FNDA:483,ownKeys$4
FNDA:0,(anonymous_503)
FNDA:483,_objectSpread$4
FNDA:6762,(anonymous_505)
FNDA:0,(anonymous_506)
FNDA:12,(anonymous_507)
FNDA:2,Category
FNDA:2,componentDidMount
FNDA:2,shouldComponentUpdate
FNDA:4,memoizeSize
FNDA:0,handleScroll
FNDA:2,getEmojis
FNDA:0,(anonymous_514)
FNDA:0,(anonymous_515)
FNDA:0,(anonymous_516)
FNDA:0,updateDisplay
FNDA:4,setContainerRef
FNDA:4,setLabelRef
FNDA:2,render
FNDA:483,(anonymous_521)
FNDA:12,(anonymous_522)
FNDA:0,Skins
FNDA:0,handleClick
FNDA:0,render
FNDA:0,onChange
FNDA:12,(anonymous_527)
FNDA:0,SkinsEmoji
FNDA:0,render
FNDA:0,onChange
FNDA:12,(anonymous_531)
FNDA:0,SkinsDot
FNDA:0,handleKeyDown
FNDA:0,render
FNDA:0,onChange
FNDA:2,ownKeys$3
FNDA:0,(anonymous_537)
FNDA:2,_objectSpread$3
FNDA:16,(anonymous_539)
FNDA:0,(anonymous_540)
FNDA:12,(anonymous_541)
FNDA:1,Preview
FNDA:2,render
FNDA:0,(anonymous_544)
FNDA:0,(anonymous_545)
FNDA:0,(anonymous_546)
FNDA:0,onChange
FNDA:12,(anonymous_548)
FNDA:1,Search
FNDA:1,componentDidMount
FNDA:0,search$1
FNDA:0,clear
FNDA:0,handleChange
FNDA:0,handleKeyUp
FNDA:2,setRef
FNDA:1,render
FNDA:0,onSearch
FNDA:26,ownKeys$2
FNDA:0,(anonymous_559)
FNDA:26,_objectSpread$2
FNDA:720,(anonymous_561)
FNDA:0,(anonymous_562)
FNDA:12,(anonymous_563)
FNDA:1,NimblePicker
FNDA:0,(anonymous_565)
FNDA:0,(anonymous_566)
FNDA:7,(anonymous_567)
FNDA:1,componentDidMount
FNDA:0,(anonymous_569)
FNDA:1,componentDidUpdate
FNDA:1,componentWillUnmount
FNDA:1,testStickyPosition
FNDA:5,(anonymous_573)
FNDA:2,getPreferredTheme
FNDA:0,handleDarkMatchMediaChange
FNDA:0,handleEmojiOver
FNDA:0,(anonymous_577)
FNDA:0,handleEmojiLeave
FNDA:0,(anonymous_579)
FNDA:0,handleEmojiClick
FNDA:0,handleEmojiSelect
FNDA:0,(anonymous_582)
FNDA:1,handleScroll
FNDA:0,handleScrollPaint
FNDA:0,(anonymous_585)
FNDA:0,handleSearch
FNDA:0,handleAnchorClick
FNDA:0,scrollToComponent
FNDA:0,handleSkinChange
FNDA:0,handleKeyDown
FNDA:1,updateCategoriesSize
FNDA:2,getCategories
FNDA:2,setAnchorsRef
FNDA:2,setSearchRef
FNDA:2,setPreviewRef
FNDA:2,setScrollRef
FNDA:8,setCategoryRef
FNDA:2,render
FNDA:4,(anonymous_599)
FNDA:12,ownKeys$1
FNDA:0,(anonymous_601)
FNDA:12,_objectSpread$1
FNDA:348,(anonymous_603)
FNDA:0,(anonymous_604)
FNDA:12,(anonymous_605)
FNDA:1,Picker
FNDA:2,render
FNDA:12,ownKeys
FNDA:0,(anonymous_609)
FNDA:12,_objectSpread
FNDA:120,(anonymous_611)
FNDA:0,(anonymous_612)
FNDA:2,EmojiPicker
FNDA:1,(anonymous_614)
FNDA:0,handleEscKey
FNDA:0,handleClickOutside
FNDA:1,(anonymous_617)
FNDA:0,(anonymous_618)
FNDA:0,ErrorFallback
DA:3,523
DA:4,523
DA:5,523
DA:8,523
DA:9,1058
DA:10,1058
DA:11,535
DA:14,523
DA:16,523
DA:17,523
DA:20,523
DA:21,523
DA:23,523
DA:24,0
DA:25,0
DA:26,0
DA:27,0
DA:31,523
DA:32,12
DA:34,12
DA:36,12
DA:41,37520
DA:42,37520
DA:45,37520
DA:46,0
DA:48,37520
DA:51,37520
DA:53,37520
DA:54,37520
DA:55,37520
DA:56,37520
DA:59,0
DA:61,0
DA:62,0
DA:63,0
DA:64,0
DA:65,0
DA:66,0
DA:71,12
DA:72,37520
DA:79,12
DA:80,12
DA:81,12
DA:84,536
DA:85,536
DA:87,536
DA:88,2144
DA:91,536
DA:100,2144
DA:101,2680
DA:102,2680
DA:104,2680
DA:105,37520
DA:114,37520
DA:115,37520
DA:117,37520
DA:118,39664
DA:121,37520
DA:122,37520
DA:125,12
DA:127,12
DA:130,48
DA:133,32020
DA:137,12
DA:139,12
DA:141,12
DA:143,12
DA:145,12
DA:147,150
DA:154,12
DA:155,0
DA:158,12
DA:164,12
DA:166,12
DA:167,12
DA:171,12
DA:173,12
DA:175,12
DA:177,12
DA:178,12
DA:179,12
DA:180,12
DA:181,12
DA:182,12
DA:184,12
DA:185,12
DA:186,12
DA:187,12
DA:188,12
DA:193,12
DA:194,12
DA:195,12
DA:197,12
DA:200,12
DA:203,12
DA:206,12
DA:207,744
DA:208,744
DA:210,744
DA:212,732
DA:216,12
DA:218,12
DA:220,12
DA:222,12
DA:224,12
DA:225,12
DA:227,12
DA:228,12
DA:231,1030
DA:234,1030
DA:246,986
DA:247,986
DA:248,986
DA:252,15839
DA:253,14853
DA:254,14853
DA:258,986
DA:259,0
DA:260,0
DA:263,986
DA:268,0
DA:269,0
DA:272,0
DA:278,0
DA:281,0
DA:282,0
DA:283,0
DA:286,0
DA:290,0
DA:291,0
DA:292,0
DA:296,0
DA:297,0
DA:302,0
DA:303,0
DA:306,0
DA:310,0
DA:311,0
DA:312,0
DA:313,0
DA:316,0
DA:321,37
DA:323,37
DA:335,37
DA:336,37
DA:340,37
DA:348,0
DA:349,0
DA:350,0
DA:355,74
DA:357,74
DA:369,70
DA:370,70
DA:371,70
DA:372,70
DA:377,70
DA:378,12
DA:379,12
DA:382,58
DA:387,12
DA:388,12
DA:389,12
DA:392,0
DA:397,12
DA:398,12
DA:399,12
DA:402,0
DA:407,12
DA:408,10
DA:409,10
DA:412,2
DA:417,12
DA:418,12
DA:419,12
DA:422,0
DA:427,12
DA:428,12
DA:429,12
DA:432,0
DA:437,12
DA:438,12
DA:439,12
DA:442,0
DA:446,12
DA:454,12
DA:455,12
DA:456,12
DA:461,37
DA:465,37
DA:466,37
DA:471,37
DA:472,0
DA:473,0
DA:476,37
DA:481,0
DA:482,0
DA:483,0
DA:486,0
DA:491,0
DA:492,0
DA:493,0
DA:496,0
DA:500,0
DA:508,12
DA:512,152
DA:513,0
DA:520,152
DA:521,14
DA:529,138
DA:534,12
DA:537,126
DA:538,126
DA:543,14
DA:544,14
DA:545,14
DA:546,14
DA:547,14
DA:551,0
DA:553,0
DA:554,0
DA:558,12
DA:559,12
DA:562,0
DA:567,12
DA:569,12
DA:573,16
DA:574,0
DA:582,16
DA:583,0
DA:587,16
DA:588,0
DA:595,16
DA:596,12
DA:599,4
DA:600,0
DA:603,4
DA:604,4
DA:608,0
DA:609,0
DA:613,0
DA:614,0
DA:619,0
DA:623,0
DA:624,0
DA:628,0
DA:629,0
DA:630,0
DA:634,0
DA:635,0
DA:636,0
DA:639,0
DA:645,0
DA:650,14
DA:654,14
DA:655,14
DA:660,14
DA:661,0
DA:662,0
DA:667,14
DA:672,18
DA:703,30
DA:716,16869
DA:726,67
DA:738,16113
DA:742,15939
DA:746,1137
DA:748,1137
DA:749,1758
DA:754,44
DA:757,12
DA:758,0
DA:761,12
DA:762,12
DA:763,12
DA:770,0
DA:775,0
DA:778,0
DA:779,0
DA:783,12
DA:784,0
DA:785,0
DA:788,0
DA:789,0
DA:791,0
DA:792,0
DA:793,0
DA:797,0
DA:800,12
DA:802,12
DA:805,0
DA:808,12
DA:810,12
DA:811,12
DA:812,12
DA:813,12
DA:816,536
DA:817,536
DA:818,536
DA:823,536
DA:824,536
DA:827,536
DA:831,36
DA:838,36
DA:840,112
DA:845,0
DA:848,0
DA:850,0
DA:858,0
DA:859,0
DA:861,0
DA:867,0
DA:874,0
DA:882,0
DA:894,0
DA:901,0
DA:903,0
DA:904,0
DA:910,36
DA:914,36
DA:915,36
DA:917,36
DA:918,112
DA:919,0
DA:923,36
DA:927,0
DA:928,0
DA:929,0
DA:931,0
DA:934,0
DA:939,0
DA:942,0
DA:943,0
DA:947,0
DA:951,0
DA:953,0
DA:954,0
DA:955,0
DA:956,0
DA:959,0
DA:960,0
DA:961,0
DA:962,0
DA:963,0
DA:964,0
DA:967,12
DA:968,8
DA:971,12
DA:974,8
DA:975,8
DA:976,8
DA:979,8
DA:980,0
DA:981,0
DA:984,8
DA:988,0
DA:989,0
DA:990,0
DA:993,0
DA:994,0
DA:998,12
DA:1002,12
DA:1004,12
DA:1005,12
DA:1008,0
DA:1009,0
DA:1021,0
DA:1022,0
DA:1024,0
DA:1025,0
DA:1026,0
DA:1027,0
DA:1030,0
DA:1035,0
DA:1040,0
DA:1047,0
DA:1055,0
DA:1056,0
DA:1057,0
DA:1058,0
DA:1062,0
DA:1071,0
DA:1080,0
DA:1085,0
DA:1086,0
DA:1087,0
DA:1088,0
DA:1091,0
DA:1092,0
DA:1094,0
DA:1095,0
DA:1099,0
DA:1100,0
DA:1102,0
DA:1103,0
DA:1107,0
DA:1108,0
DA:1112,0
DA:1116,531
DA:1117,531
DA:1121,531
DA:1125,531
DA:1129,531
DA:1130,531
DA:1131,531
DA:1134,531
DA:1135,0
DA:1138,531
DA:1139,531
DA:1141,531
DA:1146,0
DA:1147,0
DA:1148,0
DA:1149,0
DA:1150,0
DA:1155,1432
DA:1156,531
DA:1160,901
DA:1161,462
DA:1162,462
DA:1163,462
DA:1166,439
DA:1167,0
DA:1168,0
DA:1172,439
DA:1173,0
DA:1177,439
DA:1178,439
DA:1183,462
DA:1184,0
DA:1185,0
DA:1188,462
DA:1189,462
DA:1194,16863
DA:1195,970
DA:1196,970
DA:1199,15893
DA:1201,15893
DA:1206,0
DA:1207,0
DA:1208,0
DA:1212,0
DA:1216,531
DA:1217,523
DA:1220,8
DA:1221,8
DA:1224,8
DA:1225,8
DA:1226,8
DA:1229,8
DA:1239,8
DA:1240,8
DA:1243,0
DA:1244,0
DA:1249,0
DA:1250,0
DA:1254,0
DA:1255,0
DA:1256,0
DA:1257,0
DA:1261,0
DA:1262,0
DA:1263,0
DA:1264,0
DA:1265,0
DA:1266,0
DA:1270,0
DA:1271,0
DA:1272,0
DA:1273,0
DA:1274,0
DA:1275,0
DA:1279,0
DA:1280,0
DA:1281,0
DA:1282,0
DA:1283,0
DA:1286,0
DA:1291,0
DA:1292,0
DA:1293,0
DA:1296,0
DA:1297,0
DA:1302,0
DA:1303,0
DA:1304,0
DA:1307,0
DA:1310,0
DA:1311,0
DA:1312,0
DA:1313,0
DA:1315,0
DA:1318,0
DA:1321,0
DA:1326,0
DA:1327,0
DA:1328,0
DA:1329,0
DA:1330,0
DA:1334,0
DA:1339,0
DA:1340,0
DA:1344,0
DA:1345,0
DA:1346,0
DA:1347,0
DA:1351,0
DA:1352,0
DA:1353,0
DA:1354,0
DA:1355,0
DA:1358,0
DA:1362,0
DA:1366,0
DA:1367,0
DA:1370,0
DA:1371,0
DA:1374,0
DA:1378,0
DA:1379,0
DA:1384,0
DA:1385,0
DA:1386,0
DA:1389,0
DA:1393,0
DA:1394,0
DA:1398,0
DA:1401,0
DA:1402,0
DA:1405,0
DA:1407,0
DA:1412,0
DA:1413,0
DA:1414,0
DA:1415,0
DA:1420,0
DA:1421,0
DA:1425,0
DA:1426,0
DA:1427,0
DA:1428,0
DA:1432,0
DA:1433,0
DA:1437,0
DA:1438,0
DA:1443,0
DA:1444,0
DA:1445,0
DA:1448,0
DA:1449,0
DA:1454,0
DA:1455,0
DA:1456,0
DA:1459,0
DA:1461,0
DA:1466,0
DA:1467,0
DA:1468,0
DA:1472,0
DA:1476,0
DA:1478,0
DA:1479,0
DA:1482,0
DA:1490,0
DA:1491,0
DA:1496,0
DA:1497,0
DA:1498,0
DA:1500,0
DA:1508,8
DA:1512,8
DA:1513,8
DA:1516,0
DA:1517,0
DA:1521,0
DA:1522,0
DA:1523,0
DA:1526,0
DA:1530,0
DA:1531,0
DA:1532,0
DA:1535,0
DA:1536,0
DA:1539,0
DA:1544,0
DA:1546,0
DA:1551,0
DA:1553,0
DA:1554,0
DA:1559,0
DA:1560,0
DA:1561,0
DA:1562,0
DA:1566,0
DA:1567,0
DA:1571,0
DA:1573,12
DA:1576,0
DA:1577,0
DA:1579,0
DA:1580,0
DA:1583,0
DA:1586,12
DA:1589,0
DA:1590,0
DA:1591,0
DA:1594,12
DA:1595,12
DA:1596,12
DA:1598,12
DA:1600,12
DA:1603,16
DA:1605,16
DA:1608,16
DA:1617,16
DA:1620,0
DA:1621,0
DA:1622,0
DA:1623,0
DA:1624,0
DA:1629,0
DA:1630,0
DA:1631,0
DA:1632,0
DA:1633,0
DA:1637,0
DA:1638,0
DA:1639,0
DA:1640,0
DA:1641,0
DA:1644,0
DA:1649,0
DA:1650,0
DA:1651,0
DA:1652,0
DA:1653,0
DA:1654,0
DA:1657,0
DA:1662,0
DA:1664,0
DA:1667,0
DA:1673,12
DA:1674,12
DA:1675,12
DA:1676,12
DA:1677,12
DA:1679,12
DA:1682,536
DA:1683,12
DA:1686,0
DA:1687,0
DA:1690,0
DA:1691,0
DA:1694,0
DA:1696,0
DA:1697,0
DA:1698,0
DA:1701,0
DA:1702,12
DA:1705,2144
DA:1706,0
DA:1709,2144
DA:1710,1608
DA:1713,536
DA:1714,536
DA:1717,0
DA:1718,0
DA:1721,0
DA:1727,0
DA:1732,0
DA:1733,0
DA:1736,0
DA:1741,536
DA:1742,536
DA:1744,536
DA:1745,1072
DA:1748,536
DA:1751,1178
DA:1753,1178
DA:1754,2328
DA:1755,28
DA:1759,1150
DA:1766,1608
DA:1769,4041
DA:1775,0
DA:1776,12
DA:1778,1713
DA:1779,12
DA:1781,12
DA:1782,12
DA:1784,12
DA:1785,12
DA:1786,12
DA:1788,12
DA:1789,12
DA:1790,12
DA:1796,536
DA:1797,0
DA:1798,0
DA:1799,0
DA:1802,536
DA:1803,536
DA:1805,536
DA:1808,1713
DA:1811,1713
DA:1812,1713
DA:1819,1713
DA:1823,1713
DA:1826,1713
DA:1827,1713
DA:1831,1713
DA:1832,551
DA:1834,551
DA:1835,0
DA:1839,1713
DA:1840,1135
DA:1842,1135
DA:1843,1177
DA:1845,1177
DA:1846,0
DA:1849,1177
DA:1854,1713
DA:1860,551
DA:1861,0
DA:1864,551
DA:1865,523
DA:1868,28
DA:1869,12
DA:1870,0
DA:1871,0
DA:1876,0
DA:1879,12
DA:1881,12
DA:1882,12
DA:1883,12
DA:1885,12
DA:1891,536
DA:1892,0
DA:1894,536
DA:1895,536
DA:1898,536
DA:1900,536
DA:1902,536
DA:1905,1059
DA:1907,1059
DA:1910,1046
DA:1911,1046
DA:1912,1046
DA:1913,1046
DA:1914,1046
DA:1920,1046
DA:1922,1046
DA:1924,1046
DA:1925,0
DA:1926,0
DA:1931,0
DA:1932,0
DA:1933,0
DA:1936,0
DA:1937,0
DA:1940,0
DA:1941,0
DA:1944,0
DA:1947,0
DA:1948,0
DA:1951,0
DA:1954,1046
DA:1955,1046
DA:1956,1046
DA:1958,0
DA:1959,0
DA:1962,0
DA:1963,0
DA:1966,1046
DA:1967,523
DA:1968,523
DA:1970,523
DA:1971,523
DA:1973,523
DA:1974,523
DA:1976,0
DA:1981,1046
DA:1987,536
DA:1988,536
DA:1990,536
DA:1992,536
DA:1995,551
DA:1999,551
DA:2000,1178
DA:2002,1178
DA:2009,28
DA:2012,1150
DA:2015,523
DA:2020,536
DA:2024,536
DA:2025,0
DA:2028,536
DA:2029,536
DA:2031,536
DA:2032,1072
DA:2038,0
DA:2039,0
DA:2043,536
DA:2047,1072
DA:2051,1072
DA:2054,0
DA:2056,12
DA:2057,12
DA:2058,12
DA:2059,12
DA:2061,12
DA:2062,12
DA:2068,12
DA:2076,12
DA:2080,12
DA:2084,12
DA:2088,0
DA:2089,0
DA:2093,0
DA:2097,12
DA:2101,536
DA:2112,0
DA:2117,0
DA:2118,0
DA:2122,0
DA:2123,0
DA:2124,0
DA:2125,0
DA:2128,0
DA:2129,0
DA:2132,0
DA:2134,0
DA:2136,0
DA:2143,0
DA:2144,0
DA:2147,0
DA:2152,0
DA:2153,0
DA:2156,0
DA:2165,0
DA:2167,0
DA:2176,0
DA:2179,0
DA:2183,0
DA:2188,0
DA:2189,0
DA:2190,0
DA:2191,0
DA:2192,0
DA:2193,0
DA:2195,0
DA:2196,0
DA:2197,0
DA:2198,0
DA:2199,0
DA:2203,0
DA:2207,0
DA:2208,0
DA:2212,12
DA:2213,12
DA:2214,12
DA:2217,0
DA:2221,0
DA:2222,12
DA:2228,12
DA:2237,0
DA:2238,0
DA:2242,0
DA:2243,0
DA:2247,0
DA:2251,0
DA:2255,0
DA:2261,0
DA:2263,0
DA:2264,0
DA:2267,0
DA:2268,0
DA:2273,0
DA:2274,12
DA:2282,0
DA:2287,531
DA:2288,531
DA:2289,531
DA:2290,531
DA:2291,531
[...]
BRDA:55633,863,0,0
BRDA:55633,863,1,0
BRDA:55655,864,0,483
BRDA:55655,864,1,2
BRDA:55655,865,0,485
BRDA:55655,865,1,483
BRDA:55662,866,0,0
BRDA:55662,866,1,485
BRDA:55664,867,0,0
BRDA:55664,867,1,0
BRDA:55664,868,0,0
BRDA:55664,868,1,0
BRDA:55690,869,0,0
BRDA:55690,869,1,0
BRDA:55690,870,0,0
BRDA:55690,870,1,0
BRDA:55692,871,0,0
BRDA:55692,871,1,0
BRDA:55692,872,0,0
BRDA:55692,872,1,0
BRDA:55692,873,0,0
BRDA:55692,873,1,0
BRDA:55714,874,0,0
BRDA:55714,874,1,0
BRDA:55714,874,2,0
BRDA:55738,875,0,483
BRDA:55738,875,1,0
BRDA:55738,876,0,483
BRDA:55738,876,1,0
BRDA:55740,877,0,483
BRDA:55740,877,1,0
BRDA:55740,878,0,483
BRDA:55740,878,1,0
BRDA:55740,879,0,0
BRDA:55740,879,1,0
BRDA:55789,880,0,0
BRDA:55789,880,1,2
BRDA:55789,881,0,2
BRDA:55789,881,1,0
BRDA:55793,882,0,1
BRDA:55793,882,1,1
BRDA:55797,883,0,0
BRDA:55797,883,1,2
BRDA:55797,884,0,2
BRDA:55797,884,1,2
BRDA:55797,884,2,2
BRDA:55797,884,3,2
BRDA:55797,884,4,2
BRDA:55806,885,0,0
BRDA:55806,885,1,4
BRDA:55827,886,0,4
BRDA:55827,886,1,0
BRDA:55837,887,0,0
BRDA:55837,887,1,0
BRDA:55838,888,0,0
BRDA:55838,888,1,0
BRDA:55839,889,0,0
BRDA:55839,889,1,0
BRDA:55841,890,0,0
BRDA:55841,890,1,0
BRDA:55859,891,0,0
BRDA:55859,891,1,2
BRDA:55861,892,0,0
BRDA:55861,892,1,0
BRDA:55863,893,0,0
BRDA:55863,893,1,0
BRDA:55869,894,0,0
BRDA:55869,894,1,0
BRDA:55879,895,0,0
BRDA:55879,895,1,0
BRDA:55879,896,0,0
BRDA:55879,896,1,0
BRDA:55884,897,0,1
BRDA:55884,897,1,1
BRDA:55895,898,0,0
BRDA:55895,898,1,0
BRDA:55895,899,0,0
BRDA:55895,899,1,0
BRDA:55929,900,0,1
BRDA:55929,900,1,1
BRDA:55935,901,0,0
BRDA:55935,901,1,2
BRDA:55944,902,0,2
BRDA:55944,902,1,0
BRDA:55962,903,0,2
BRDA:55962,903,1,1
BRDA:55964,904,0,483
BRDA:55964,904,1,0
BRDA:55964,904,2,483
BRDA:55969,905,0,2
BRDA:55969,905,1,1
BRDA:55969,905,2,0
BRDA:56020,906,0,0
BRDA:56020,906,1,0
BRDA:56029,907,0,0
BRDA:56029,907,1,0
BRDA:56082,908,0,0
BRDA:56082,908,1,0
BRDA:56100,909,0,0
BRDA:56100,909,1,0
BRDA:56102,910,0,0
BRDA:56102,910,1,0
BRDA:56142,911,0,0
BRDA:56142,911,1,0
BRDA:56142,912,0,0
BRDA:56142,912,1,0
BRDA:56158,913,0,0
BRDA:56158,913,1,0
BRDA:56161,914,0,0
BRDA:56161,914,1,0
BRDA:56164,915,0,0
BRDA:56164,915,1,0
BRDA:56170,916,0,0
BRDA:56170,916,1,0
BRDA:56173,917,0,0
BRDA:56173,917,1,0
BRDA:56176,918,0,0
BRDA:56176,918,1,0
BRDA:56185,919,0,0
BRDA:56185,919,1,0
BRDA:56187,920,0,0
BRDA:56187,920,1,0
BRDA:56204,921,0,2
BRDA:56204,921,1,0
BRDA:56204,922,0,2
BRDA:56204,922,1,0
BRDA:56206,923,0,2
BRDA:56206,923,1,0
BRDA:56206,924,0,2
BRDA:56206,924,1,0
BRDA:56206,925,0,0
BRDA:56206,925,1,0
BRDA:56239,926,0,0
BRDA:56239,926,1,2
BRDA:56239,927,0,2
BRDA:56239,927,1,0
BRDA:56242,928,0,0
BRDA:56242,928,1,0
BRDA:56246,929,0,0
BRDA:56246,929,1,0
BRDA:56288,930,0,2
BRDA:56288,930,1,2
BRDA:56288,930,2,2
BRDA:56296,931,0,2
BRDA:56296,931,1,0
BRDA:56297,932,0,0
BRDA:56297,932,1,0
BRDA:56298,933,0,0
BRDA:56298,933,1,0
BRDA:56361,934,0,0
BRDA:56361,934,1,1
BRDA:56361,935,0,1
BRDA:56361,935,1,1
BRDA:56368,936,0,0
BRDA:56368,936,1,0
BRDA:56386,937,0,0
BRDA:56386,937,1,0
BRDA:56394,938,0,0
BRDA:56394,938,1,0
BRDA:56401,939,0,0
BRDA:56401,939,1,0
BRDA:56459,940,0,26
BRDA:56459,940,1,0
BRDA:56459,941,0,26
BRDA:56459,941,1,0
BRDA:56461,942,0,38
BRDA:56461,942,1,0
BRDA:56461,943,0,26
BRDA:56461,943,1,12
BRDA:56461,944,0,12
BRDA:56461,944,1,0
BRDA:56517,945,0,0
BRDA:56517,945,1,1
BRDA:56530,946,0,0
BRDA:56530,946,1,1
BRDA:56534,947,0,0
BRDA:56534,947,1,0
BRDA:56536,948,0,0
BRDA:56536,948,1,0
BRDA:56537,949,0,0
BRDA:56537,949,1,0
BRDA:56563,950,0,1
BRDA:56563,950,1,0
BRDA:56565,951,0,0
BRDA:56565,951,1,7
BRDA:56575,952,0,8
BRDA:56575,952,1,0
BRDA:56575,953,0,8
BRDA:56575,953,1,8
BRDA:56576,954,0,0
BRDA:56576,954,1,8
BRDA:56576,955,0,8
BRDA:56576,955,1,0
BRDA:56578,956,0,7
BRDA:56578,956,1,1
BRDA:56578,957,0,8
BRDA:56578,957,1,1
BRDA:56582,958,0,0
BRDA:56582,958,1,1
BRDA:56589,959,0,0
BRDA:56589,959,1,0
BRDA:56589,960,0,0
BRDA:56589,960,1,0
BRDA:56594,961,0,0
BRDA:56594,961,1,0
BRDA:56608,962,0,1
BRDA:56608,962,1,0
BRDA:56608,963,0,1
BRDA:56608,963,1,1
BRDA:56609,964,0,0
BRDA:56609,964,1,1
BRDA:56609,965,0,1
BRDA:56609,965,1,0
BRDA:56611,966,0,0
BRDA:56611,966,1,1
BRDA:56611,967,0,1
BRDA:56611,967,1,0
BRDA:56617,968,0,1
BRDA:56617,968,1,0
BRDA:56646,969,0,1
BRDA:56646,969,1,0
BRDA:56668,970,0,0
BRDA:56668,970,1,1
BRDA:56685,971,0,2
BRDA:56685,971,1,0
BRDA:56686,972,0,0
BRDA:56686,972,1,0
BRDA:56687,973,0,0
BRDA:56687,973,1,0
BRDA:56689,974,0,0
BRDA:56689,974,1,0
BRDA:56694,975,0,0
BRDA:56694,975,1,0
BRDA:56695,976,0,0
BRDA:56695,976,1,0
BRDA:56701,977,0,0
BRDA:56701,977,1,0
BRDA:56709,978,0,0
BRDA:56709,978,1,0
BRDA:56719,979,0,0
BRDA:56719,979,1,0
BRDA:56734,980,0,0
BRDA:56734,980,1,0
BRDA:56756,981,0,0
BRDA:56756,981,1,0
BRDA:56756,982,0,0
BRDA:56756,982,1,0
BRDA:56759,983,0,0
BRDA:56759,983,1,0
BRDA:56762,984,0,0
BRDA:56762,984,1,0
BRDA:56767,985,0,0
BRDA:56767,985,1,0
BRDA:56769,986,0,0
BRDA:56769,986,1,0
BRDA:56775,987,0,0
BRDA:56775,987,1,0
BRDA:56784,988,0,1
BRDA:56784,988,1,0
BRDA:56794,989,0,0
BRDA:56794,989,1,0
BRDA:56800,990,0,0
BRDA:56800,990,1,0
BRDA:56805,991,0,0
BRDA:56805,991,1,0
BRDA:56809,992,0,0
BRDA:56809,992,1,0
BRDA:56813,993,0,0
BRDA:56813,993,1,0
BRDA:56816,994,0,0
BRDA:56816,994,1,0
BRDA:56816,995,0,0
BRDA:56816,995,1,0
BRDA:56817,996,0,0
BRDA:56817,996,1,0
BRDA:56822,997,0,0
BRDA:56822,997,1,0
BRDA:56822,998,0,0
BRDA:56822,998,1,0
BRDA:56828,999,0,0
BRDA:56828,999,1,0
BRDA:56832,1000,0,0
BRDA:56832,1000,1,0
BRDA:56837,1001,0,0
BRDA:56837,1001,1,0
BRDA:56842,1002,0,0
BRDA:56842,1002,1,0
BRDA:56859,1003,0,0
BRDA:56859,1003,1,0
BRDA:56859,1004,0,0
BRDA:56859,1004,1,0
BRDA:56860,1005,0,0
BRDA:56860,1005,1,0
BRDA:56867,1006,0,0
BRDA:56867,1006,1,0
BRDA:56882,1007,0,0
BRDA:56882,1007,1,0
BRDA:56885,1008,0,0
BRDA:56885,1008,1,0
BRDA:56895,1009,0,0
BRDA:56895,1009,1,0
BRDA:56919,1010,0,0
BRDA:56923,1011,0,0
BRDA:56923,1011,1,0
BRDA:56923,1012,0,0
BRDA:56923,1012,1,0
BRDA:56923,1012,2,0
BRDA:56931,1013,0,0
BRDA:56931,1013,1,0
BRDA:56940,1014,0,2
BRDA:56940,1014,1,0
BRDA:56943,1015,0,1
BRDA:56943,1015,1,0
BRDA:56952,1016,0,2
BRDA:56952,1016,1,0
BRDA:56977,1017,0,1
BRDA:56977,1017,1,7
BRDA:57015,1018,0,2
BRDA:57015,1018,1,2
BRDA:57015,1018,2,2
BRDA:57015,1018,3,2
BRDA:57059,1019,0,0
BRDA:57059,1019,1,4
BRDA:57060,1020,0,0
BRDA:57060,1020,1,4
BRDA:57080,1021,0,2
BRDA:57080,1021,1,0
BRDA:57080,1021,2,2
BRDA:57116,1022,0,12
BRDA:57116,1022,1,0
BRDA:57116,1023,0,12
BRDA:57116,1023,1,0
BRDA:57118,1024,0,24
BRDA:57118,1024,1,0
BRDA:57118,1025,0,12
BRDA:57118,1025,1,12
BRDA:57118,1026,0,12
BRDA:57118,1026,1,0
BRDA:57145,1027,0,12
BRDA:57145,1027,1,0
BRDA:57145,1028,0,12
BRDA:57145,1028,1,0
BRDA:57147,1029,0,24
BRDA:57147,1029,1,0
BRDA:57147,1030,0,12
BRDA:57147,1030,1,12
BRDA:57147,1031,0,12
BRDA:57147,1031,1,0
BRDA:57159,1032,0,0
BRDA:57159,1032,1,0
BRDA:57164,1033,0,0
BRDA:57164,1033,1,0
BRDA:57164,1034,0,0
BRDA:57164,1034,1,0
BRDA:57164,1034,2,0
BRDA:57180,1035,0,2
BRDA:57180,1035,1,2
BRDA:57183,1036,0,2
BRDA:57183,1036,1,2
BRDA:57184,1037,0,2
BRDA:57184,1037,1,2
BRDA:57185,1038,0,2
BRDA:57185,1038,1,2
BRDA:57186,1039,0,2
BRDA:57186,1039,1,2
BRDA:57187,1040,0,2
BRDA:57187,1040,1,2
BRDA:57188,1041,0,2
BRDA:57188,1041,1,2
BRDA:57189,1042,0,2
BRDA:57189,1042,1,2
BRDA:57195,1043,0,0
BRDA:57195,1043,1,0
BRDA:57195,1044,0,0
BRDA:57195,1044,1,0
BRF:2220
BRH:717
end_of_record
TN:
SF:src/components/Chat/RichMessageComponents/index.js
FNF:0
FNH:0
LF:0
LH:0
BRF:0
BRH:0
end_of_record
TN:
SF:src/components/Chat/datamodel/Model.js
FN:142,(anonymous_0)
FN:152,(anonymous_1)
FNF:2
FNH:0
FNDA:0,(anonymous_0)
FNDA:0,(anonymous_1)
DA:4,15
DA:5,15
DA:6,15
DA:8,15
DA:13,15
DA:56,15
DA:82,15
DA:100,15
DA:109,15
DA:114,15
DA:122,15
DA:127,15
DA:132,15
DA:143,0
DA:144,0
DA:145,0
DA:146,0
DA:147,0
DA:153,0
DA:154,0
DA:155,0
DA:156,0
DA:157,0
DA:158,0
DA:159,0
DA:160,0
LF:26
LH:13
BRDA:143,0,0,0
BRDA:143,0,1,0
BRDA:153,1,0,0
BRDA:153,1,1,0
BRF:4
BRH:0
end_of_record
TN:
SF:src/components/Chat/datamodel/Utils.js
FN:16,isRecognizedEvent
FN:26,getContent
FN:33,createItemFromIncoming
FN:50,(anonymous_3)
FN:60,createTranscriptItemFromSuccessResponse
FN:76,createOutgoingTranscriptItem
FN:93,createFailedItem
FN:101,_generateLocalId
FN:103,(anonymous_8)
FN:113,_timestampNow
FN:119,createTypingParticipant
FN:131,isAttachmentContentType
FN:135,createIncomingTranscriptReceiptItem
FN:146,isTypeMessageOrAttachment
FN:150,isParticipantAgentOrCustomer
FN:160,fullyParseViewInputData
FN:162,(anonymous_16)
FN:178,createViewMessageData
FN:192,isViewMessage
FNF:19
FNH:2
FNDA:0,isRecognizedEvent
FNDA:0,getContent
FNDA:0,createItemFromIncoming
FNDA:0,(anonymous_3)
FNDA:0,createTranscriptItemFromSuccessResponse
FNDA:0,createOutgoingTranscriptItem
FNDA:0,createFailedItem
FNDA:0,_generateLocalId
FNDA:0,(anonymous_8)
FNDA:0,_timestampNow
FNDA:0,createTypingParticipant
FNDA:0,isAttachmentContentType
FNDA:0,createIncomingTranscriptReceiptItem
FNDA:1,isTypeMessageOrAttachment
FNDA:1,isParticipantAgentOrCustomer
FNDA:0,fullyParseViewInputData
FNDA:0,(anonymous_16)
FNDA:0,createViewMessageData
FNDA:0,isViewMessage
DA:17,0
DA:18,0
DA:19,0
DA:20,0
DA:23,0
DA:27,0
DA:28,0
DA:29,0
DA:30,0
DA:34,0
DA:35,0
DA:36,0
DA:37,0
DA:38,0
DA:39,0
DA:40,0
DA:41,0
DA:42,0
DA:46,0
DA:48,0
DA:49,0
DA:50,0
DA:51,0
DA:53,0
DA:54,0
DA:55,0
DA:56,0
DA:57,0
DA:61,0
DA:62,0
DA:64,0
DA:65,0
DA:68,0
DA:73,0
DA:77,0
DA:78,0
DA:79,0
DA:80,0
DA:81,0
DA:82,0
DA:83,0
DA:84,0
DA:85,0
DA:86,0
DA:87,0
DA:88,0
DA:89,0
DA:90,0
DA:94,0
DA:95,0
DA:96,0
DA:97,0
DA:98,0
DA:102,0
DA:103,0
DA:106,0
DA:107,0
DA:108,0
DA:110,0
DA:114,0
DA:115,0
DA:116,0
DA:120,0
DA:121,0
DA:122,0
DA:124,0
DA:127,0
DA:128,0
DA:132,0
DA:136,0
DA:137,0
DA:139,0
DA:143,0
DA:147,1
DA:151,1
DA:161,0
DA:162,0
DA:169,0
DA:170,0
DA:172,0
DA:175,0
DA:179,0
DA:180,0
DA:181,0
DA:186,0
DA:188,0
DA:193,0
DA:194,0
DA:201,0
DA:205,5
LF:90
LH:3
BRDA:19,0,0,0
BRDA:19,0,1,0
BRDA:43,1,0,0
BRDA:43,1,1,0
BRDA:49,2,0,0
BRDA:49,2,1,0
BRDA:49,3,0,0
BRDA:49,3,1,0
BRDA:49,3,2,0
BRDA:50,4,0,0
BRDA:50,4,1,0
BRDA:51,5,0,0
BRDA:51,5,1,0
BRDA:51,6,0,0
BRDA:51,6,1,0
BRDA:64,7,0,0
BRDA:64,7,1,0
BRDA:64,8,0,0
BRDA:64,8,1,0
BRDA:71,9,0,0
BRDA:71,9,1,0
BRDA:108,10,0,0
BRDA:108,10,1,0
BRDA:124,11,0,0
BRDA:124,11,1,0
BRDA:132,12,0,0
BRDA:132,12,1,0
BRDA:141,13,0,0
BRDA:141,13,1,0
BRDA:147,14,0,1
BRDA:147,14,1,1
BRDA:151,15,0,1
BRDA:151,15,1,0
BRDA:180,16,0,0
BRDA:180,16,1,0
BRDA:194,17,0,0
BRDA:194,17,1,0
BRDA:194,17,2,0
BRDA:194,17,3,0
BRDA:194,17,4,0
BRF:40
BRH:3
end_of_record
TN:
SF:src/components/core/index.js
FNF:0
FNH:0
LF:0
LH:0
BRF:0
BRH:0
end_of_record
TN:
SF:src/components/core/Button/Button.js
FN:9,(anonymous_0)
FN:26,(anonymous_1)
FN:33,(anonymous_2)
FN:39,(anonymous_3)
FN:72,(anonymous_4)
FN:102,(anonymous_5)
FN:103,(anonymous_6)
FN:104,(anonymous_7)
FN:105,(anonymous_8)
FN:106,(anonymous_9)
FN:111,(anonymous_10)
FN:112,(anonymous_11)
FN:113,(anonymous_12)
FN:120,(anonymous_13)
FN:145,(anonymous_14)
FNF:15
FNH:11
FNDA:534,(anonymous_0)
FNDA:533,(anonymous_1)
FNDA:1,(anonymous_2)
FNDA:534,(anonymous_3)
FNDA:534,(anonymous_4)
FNDA:534,(anonymous_5)
FNDA:534,(anonymous_6)
FNDA:534,(anonymous_7)
FNDA:534,(anonymous_8)
FNDA:534,(anonymous_9)
FNDA:0,(anonymous_10)
FNDA:0,(anonymous_11)
FNDA:0,(anonymous_12)
FNDA:0,(anonymous_13)
FNDA:535,(anonymous_14)
DA:9,534
DA:26,533
DA:33,13
DA:39,534
DA:72,534
DA:101,13
DA:102,534
DA:103,534
DA:104,534
DA:105,534
DA:106,534
DA:108,13
DA:110,13
DA:111,0
DA:112,0
DA:113,0
DA:120,0
DA:123,13
DA:126,13
DA:135,13
DA:148,535
DA:150,535
DA:151,0
DA:155,535
LF:24
LH:19
BRDA:105,0,0,534
BRDA:105,0,1,534
BRDA:106,1,0,1
BRDA:106,1,1,533
BRDA:112,2,0,0
BRDA:112,2,1,0
BRDA:113,3,0,0
BRDA:113,3,1,0
BRDA:150,4,0,0
BRDA:150,4,1,535
BRDA:156,5,0,535
BRDA:156,5,1,535
BRDA:157,6,0,535
BRDA:157,6,1,0
BRDA:158,7,0,535
BRDA:158,7,1,0
BRDA:158,7,2,0
BRF:17
BRH:9
end_of_record
TN:
SF:src/components/core/Button/index.js
FNF:0
FNH:0
LF:0
LH:0
BRF:0
BRH:0
end_of_record
TN:
SF:src/components/core/Icon/Icon.js
FN:11,(anonymous_0)
FN:46,(anonymous_1)
FN:53,Icon
FNF:3
FNH:2
FNDA:0,(anonymous_0)
FNDA:8,(anonymous_1)
FNDA:8,Icon
DA:11,13
DA:12,0
DA:19,0
DA:20,0
DA:23,13
DA:25,13
DA:32,13
DA:39,13
DA:45,13
DA:46,8
DA:54,8
DA:55,8
LF:12
LH:9
BRDA:16,0,0,0
BRDA:16,0,1,0
BRDA:54,1,0,8
BRDA:54,1,1,0
BRF:4
BRH:1
end_of_record
TN:
SF:src/components/core/Icon/index.js
FNF:0
FNH:0
LF:0
LH:0
BRF:0
BRH:0
end_of_record
TN:
SF:src/components/core/Layout/Screen.js
FNF:0
FNH:0
LF:0
LH:0
BRF:0
BRH:0
end_of_record
TN:
SF:src/components/core/Loader/Loader.js
FN:8,(anonymous_0)
FN:18,(anonymous_1)
FNF:2
FNH:1
FNDA:3,(anonymous_0)
FNDA:0,(anonymous_1)
DA:9,3
DA:19,0
LF:2
LH:1
BRDA:11,0,0,3
BRDA:11,0,1,0
BRF:2
BRH:1
end_of_record
TN:
SF:src/components/core/Loader/index.js
FNF:0
FNH:0
LF:0
LH:0
BRF:0
BRH:0
end_of_record
TN:
SF:src/components/core/Text/Text.js
FN:9,(anonymous_0)
FN:10,(anonymous_1)
FN:11,(anonymous_2)
FN:12,(anonymous_3)
FN:16,(anonymous_4)
FN:17,(anonymous_5)
FN:18,(anonymous_6)
FN:19,(anonymous_7)
FN:22,(anonymous_8)
FN:23,(anonymous_9)
FN:24,(anonymous_10)
FN:25,(anonymous_11)
FN:28,(anonymous_12)
FN:29,(anonymous_13)
FN:30,(anonymous_14)
FN:31,(anonymous_15)
FN:34,(anonymous_16)
FN:35,(anonymous_17)
FN:36,(anonymous_18)
FN:37,(anonymous_19)
FN:40,(anonymous_20)
FN:41,(anonymous_21)
FN:42,(anonymous_22)
FN:43,(anonymous_23)
FN:47,(anonymous_24)
FN:48,(anonymous_25)
FN:49,(anonymous_26)
FN:51,(anonymous_27)
FN:54,(anonymous_28)
FN:74,(anonymous_29)
FNF:30
FNH:30
FNDA:2,(anonymous_0)
FNDA:2,(anonymous_1)
FNDA:2,(anonymous_2)
FNDA:2,(anonymous_3)
FNDA:4,(anonymous_4)
FNDA:4,(anonymous_5)
FNDA:4,(anonymous_6)
FNDA:4,(anonymous_7)
FNDA:1,(anonymous_8)
FNDA:1,(anonymous_9)
FNDA:1,(anonymous_10)
FNDA:1,(anonymous_11)
FNDA:1,(anonymous_12)
FNDA:1,(anonymous_13)
FNDA:1,(anonymous_14)
FNDA:1,(anonymous_15)
FNDA:1,(anonymous_16)
FNDA:1,(anonymous_17)
FNDA:1,(anonymous_18)
FNDA:1,(anonymous_19)
FNDA:1,(anonymous_20)
FNDA:1,(anonymous_21)
FNDA:1,(anonymous_22)
FNDA:1,(anonymous_23)
FNDA:771,(anonymous_24)
FNDA:771,(anonymous_25)
FNDA:771,(anonymous_26)
FNDA:771,(anonymous_27)
FNDA:771,(anonymous_28)
FNDA:781,(anonymous_29)
DA:8,14
DA:9,2
DA:10,2
DA:11,2
DA:12,2
DA:15,14
DA:16,4
DA:17,4
DA:18,4
DA:19,4
DA:21,14
DA:22,1
DA:23,1
DA:24,1
DA:25,1
DA:27,14
DA:28,1
DA:29,1
DA:30,1
DA:31,1
DA:33,14
DA:34,1
DA:35,1
DA:36,1
DA:37,1
DA:39,14
DA:40,1
DA:41,1
DA:42,1
DA:43,1
DA:46,14
DA:47,771
DA:48,771
DA:49,771
DA:51,771
DA:54,771
DA:58,14
DA:66,14
DA:78,781
DA:80,781
DA:81,2
DA:82,4
DA:83,1
DA:84,1
DA:85,1
DA:86,1
DA:87,771
DA:88,0
LF:48
LH:47
BRDA:9,0,0,2
BRDA:9,0,1,1
BRDA:10,1,0,2
BRDA:10,1,1,2
BRDA:11,2,0,2
BRDA:11,2,1,0
BRDA:12,3,0,0
BRDA:12,3,1,2
BRDA:16,4,0,4
BRDA:16,4,1,4
BRDA:17,5,0,4
BRDA:17,5,1,0
BRDA:18,6,0,4
BRDA:18,6,1,4
BRDA:19,7,0,0
BRDA:19,7,1,4
BRDA:22,8,0,1
BRDA:22,8,1,1
BRDA:23,9,0,1
BRDA:23,9,1,0
BRDA:24,10,0,1
BRDA:24,10,1,1
BRDA:25,11,0,0
BRDA:25,11,1,1
BRDA:28,12,0,1
BRDA:28,12,1,1
BRDA:29,13,0,1
BRDA:29,13,1,0
BRDA:30,14,0,1
BRDA:30,14,1,1
BRDA:31,15,0,0
BRDA:31,15,1,1
BRDA:34,16,0,1
BRDA:34,16,1,1
BRDA:35,17,0,1
BRDA:35,17,1,0
BRDA:36,18,0,1
BRDA:36,18,1,1
BRDA:37,19,0,0
BRDA:37,19,1,1
BRDA:40,20,0,1
BRDA:40,20,1,1
BRDA:41,21,0,1
BRDA:41,21,1,0
BRDA:42,22,0,1
BRDA:42,22,1,1
BRDA:43,23,0,0
BRDA:43,23,1,1
BRDA:48,24,0,771
BRDA:48,24,1,1
BRDA:49,25,0,771
BRDA:49,25,1,771
BRDA:51,26,0,0
BRDA:51,26,1,771
BRDA:54,27,0,0
BRDA:54,27,1,771
BRDA:80,28,0,2
BRDA:80,28,1,4
BRDA:80,28,2,1
BRDA:80,28,3,1
BRDA:80,28,4,1
BRDA:80,28,5,1
BRDA:80,28,6,771
BRDA:80,28,7,0
BRF:64
BRH:49
end_of_record
TN:
SF:src/components/core/Text/index.js
FNF:0
FNH:0
LF:0
LH:0
BRF:0
BRH:0
end_of_record
TN:
SF:src/constants/global.js
FNF:0
FNH:0
DA:4,9
DA:67,9
DA:69,9
DA:71,9
DA:83,9
DA:106,9
DA:117,9
LF:7
LH:7
BRF:0
BRH:0
end_of_record
TN:
SF:src/constants/http.js
FNF:0
FNH:0
DA:1,3
LF:1
LH:1
BRF:0
BRH:0
end_of_record
TN:
SF:src/context/LanguageContext.js
FN:14,(anonymous_0)
FN:24,(anonymous_1)
FN:25,(anonymous_2)
FN:30,(anonymous_3)
FN:40,(anonymous_4)
FN:53,(anonymous_5)
FNF:6
FNH:5
FNDA:2,(anonymous_0)
FNDA:2,(anonymous_1)
FNDA:2,(anonymous_2)
FNDA:2,(anonymous_3)
FNDA:0,(anonymous_4)
FNDA:2,(anonymous_5)
DA:9,2
DA:15,2
DA:16,2
DA:17,2
DA:21,2
DA:24,2
DA:25,2
DA:26,2
DA:30,2
DA:31,2
DA:32,2
DA:33,0
DA:40,2
DA:41,0
DA:42,0
DA:43,0
DA:45,0
DA:46,0
DA:47,0
DA:49,0
DA:54,2
LF:21
LH:13
BRDA:31,0,0,2
BRDA:31,0,1,0
BRDA:32,1,0,0
BRDA:32,1,1,2
BRDA:34,2,0,0
BRDA:34,2,1,0
BRDA:42,3,0,0
BRDA:42,3,1,0
BRF:8
BRH:2
end_of_record
TN:
SF:src/hooks/index.js
FNF:0
FNH:0
LF:0
LH:0
BRF:0
BRH:0
end_of_record
TN:
SF:src/hooks/usePrevious.js
FN:16,usePrevious
FN:18,(anonymous_1)
FNF:2
FNH:2
FNDA:12,usePrevious
FNDA:12,(anonymous_1)
DA:17,12
DA:18,12
DA:19,12
DA:21,12
LF:4
LH:4
BRF:0
BRH:0
end_of_record
TN:
SF:src/localization/index.js
FN:1,(anonymous_0)
FNF:1
FNH:1
FNDA:22,(anonymous_0)
DA:1,2
DA:2,22
DA:4,2
DA:5,2
DA:6,2
DA:7,2
DA:8,2
DA:9,2
DA:10,2
DA:11,2
DA:12,2
DA:13,2
DA:14,2
DA:15,2
DA:16,2
DA:17,2
DA:30,2
LF:17
LH:17
BRDA:1,0,0,2
BRDA:1,0,1,0
BRDA:1,0,2,2
BRDA:2,1,0,0
BRDA:2,1,1,22
BRDA:2,2,0,22
BRDA:2,2,1,22
BRF:7
BRH:5
end_of_record
TN:
SF:src/propTypes/index.js
FNF:0
FNH:0
DA:6,13
LF:1
LH:1
BRF:0
BRH:0
end_of_record
TN:
SF:src/theme/Helpers.js
FN:9,(anonymous_0)
FN:10,(anonymous_1)
FN:16,(anonymous_2)
FN:17,(anonymous_3)
FN:39,(anonymous_4)
FN:40,(anonymous_5)
FNF:6
FNH:2
FNDA:5,(anonymous_0)
FNDA:5,(anonymous_1)
FNDA:0,(anonymous_2)
FNDA:0,(anonymous_3)
FNDA:0,(anonymous_4)
FNDA:0,(anonymous_5)
DA:6,13
DA:9,5
DA:10,5
DA:13,13
DA:16,0
DA:17,0
DA:20,13
DA:25,13
DA:31,13
DA:39,0
DA:40,0
DA:43,13
DA:52,13
LF:13
LH:9
BRDA:9,0,0,5
BRDA:9,0,1,0
BRDA:10,1,0,5
BRDA:10,1,1,0
BRDA:16,2,0,0
BRDA:16,2,1,0
BRDA:17,3,0,0
BRDA:17,3,1,0
BRF:8
BRH:2
end_of_record
TN:
SF:src/theme/ThemeProvider.js
FN:20,(anonymous_0)
FNF:1
FNH:1
FNDA:152,(anonymous_0)
DA:11,23
DA:16,23
DA:21,152
DA:22,152
LF:4
LH:4
BRF:0
BRH:0
end_of_record
TN:
SF:src/theme/defaultTheme.js
FN:70,(anonymous_0)
FNF:1
FNH:1
FNDA:184,(anonymous_0)
DA:5,23
DA:59,23
DA:69,23
DA:70,23
DA:71,184
DA:77,23
DA:86,23
DA:98,23
DA:112,23
DA:123,23
LF:10
LH:10
BRF:0
BRH:0
end_of_record
TN:
SF:src/theme/index.js
FNF:0
FNH:0
LF:0
LH:0
BRF:0
BRH:0
end_of_record
TN:
SF:src/utils/fetchRequest.js
FN:21,request
FN:22,(anonymous_1)
FN:25,(anonymous_2)
FN:26,(anonymous_3)
FN:39,parseJSON
FN:40,(anonymous_5)
FN:41,(anonymous_6)
FNF:7
FNH:7
FNDA:3,request
FNDA:3,(anonymous_1)
FNDA:2,(anonymous_2)
FNDA:1,(anonymous_3)
FNDA:2,parseJSON
FNDA:2,(anonymous_5)
FNDA:2,(anonymous_6)
DA:22,3
DA:23,3
DA:25,2
DA:26,1
DA:40,2
DA:41,2
LF:6
LH:6
BRDA:25,0,0,1
BRDA:25,0,1,1
BRF:2
BRH:2
end_of_record
TN:
SF:src/utils/helper.js
FN:5,shouldDisplayMessageForType
FN:15,getTimeFromTimeStamp
FN:19,createInteractiveMessagePayload
FN:108,(anonymous_3)
FN:135,(anonymous_4)
FN:148,(anonymous_5)
FNF:6
FNH:5
FNDA:54,shouldDisplayMessageForType
FNDA:0,getTimeFromTimeStamp
FNDA:41,createInteractiveMessagePayload
FNDA:1072,(anonymous_3)
FNDA:6,(anonymous_4)
FNDA:5,(anonymous_5)
DA:6,54
DA:7,54
DA:8,1296
DA:9,52
DA:12,54
DA:16,0
DA:30,41
DA:31,25
DA:40,16
DA:41,16
DA:47,4
DA:60,4
DA:61,4
DA:62,4
DA:64,16
DA:75,12
DA:108,12
DA:109,1072
DA:110,1072
DA:112,1072
DA:113,118
DA:122,954
DA:124,954
DA:125,931
DA:127,23
DA:128,23
DA:135,12
DA:136,6
DA:137,2
DA:138,2
DA:140,4
DA:141,4
DA:148,12
DA:149,5
DA:150,5
DA:151,4
DA:152,4
DA:153,4
DA:154,2
DA:155,2
DA:157,2
DA:158,2
DA:159,2
DA:161,2
DA:164,1
LF:45
LH:44
BRDA:8,0,0,52
BRDA:8,0,1,1244
BRDA:26,1,0,15
BRDA:30,2,0,25
BRDA:30,2,1,16
BRDA:41,3,0,4
BRDA:41,3,1,12
BRDA:42,4,0,16
BRDA:42,4,1,4
BRDA:42,4,2,2
BRDA:109,5,0,1072
BRDA:109,5,1,1
BRDA:110,6,0,1072
BRDA:110,6,1,2
BRDA:112,7,0,118
BRDA:112,7,1,954
BRDA:112,8,0,1072
BRDA:112,8,1,957
BRDA:112,8,2,956
BRDA:124,9,0,931
BRDA:124,9,1,23
BRDA:136,10,0,2
BRDA:136,10,1,4
BRDA:136,11,0,6
BRDA:136,11,1,5
BRDA:149,12,0,0
BRDA:149,12,1,5
BRDA:150,13,0,4
BRDA:150,13,1,1
BRDA:151,14,0,4
BRDA:151,14,1,2
BRDA:153,15,0,2
BRDA:153,15,1,2
BRDA:155,16,0,2
BRDA:155,16,1,2
BRDA:161,17,0,2
BRDA:161,17,1,2
BRDA:164,18,0,1
BRDA:164,18,1,1
BRF:39
BRH:38
end_of_record
TN:
SF:src/utils/log.js
FNF:0
FNH:0
DA:13,0
LF:1
LH:0
BRF:0
BRH:0
end_of_record
